[2022-07-19 10:07:04,472] {taskinstance.py:1159} INFO - Dependencies all met for <TaskInstance: simple_dag.sleep_me scheduled__2022-07-19T10:06:00+00:00 [queued]>
[2022-07-19 10:07:04,490] {taskinstance.py:1159} INFO - Dependencies all met for <TaskInstance: simple_dag.sleep_me scheduled__2022-07-19T10:06:00+00:00 [queued]>
[2022-07-19 10:07:04,505] {taskinstance.py:1356} INFO - 
--------------------------------------------------------------------------------
[2022-07-19 10:07:04,511] {taskinstance.py:1357} INFO - Starting attempt 1 of 1
[2022-07-19 10:07:04,513] {taskinstance.py:1358} INFO - 
--------------------------------------------------------------------------------
[2022-07-19 10:07:04,551] {taskinstance.py:1377} INFO - Executing <Task(BashOperator): sleep_me> on 2022-07-19 10:06:00+00:00
[2022-07-19 10:07:04,560] {standard_task_runner.py:52} INFO - Started process 6782 to run task
[2022-07-19 10:07:04,567] {standard_task_runner.py:79} INFO - Running: ['***', 'tasks', 'run', 'simple_dag', 'sleep_me', 'scheduled__2022-07-19T10:06:00+00:00', '--job-id', '339', '--raw', '--subdir', 'DAGS_FOLDER/first_dag.py', '--cfg-path', '/tmp/tmpnbbmx3y1', '--error-file', '/tmp/tmp_l2xy_c1']
[2022-07-19 10:07:04,570] {standard_task_runner.py:80} INFO - Job 339: Subtask sleep_me
[2022-07-19 10:07:04,731] {task_command.py:370} INFO - Running <TaskInstance: simple_dag.sleep_me scheduled__2022-07-19T10:06:00+00:00 [running]> on host 02ffb48252da
[2022-07-19 10:07:05,055] {taskinstance.py:1571} INFO - Exporting the following env vars:
AIRFLOW_CTX_DAG_OWNER=***
AIRFLOW_CTX_DAG_ID=simple_dag
AIRFLOW_CTX_TASK_ID=sleep_me
AIRFLOW_CTX_EXECUTION_DATE=2022-07-19T10:06:00+00:00
AIRFLOW_CTX_TRY_NUMBER=1
AIRFLOW_CTX_DAG_RUN_ID=scheduled__2022-07-19T10:06:00+00:00
[2022-07-19 10:07:05,058] {subprocess.py:62} INFO - Tmp dir root location: 
 /tmp
[2022-07-19 10:07:05,059] {subprocess.py:74} INFO - Running command: ['bash', '-c', 'sleep 5']
[2022-07-19 10:07:05,074] {subprocess.py:85} INFO - Output:
[2022-07-19 10:07:10,135] {subprocess.py:96} INFO - Command exited with return code 0
[2022-07-19 10:07:10,177] {taskinstance.py:1400} INFO - Marking task as SUCCESS. dag_id=simple_dag, task_id=sleep_me, execution_date=20220719T100600, start_date=20220719T100704, end_date=20220719T100710
[2022-07-19 10:07:10,223] {local_task_job.py:156} INFO - Task exited with return code 0
[2022-07-19 10:07:10,260] {local_task_job.py:273} INFO - 1 downstream tasks scheduled from follow-on schedule check
