[2022-07-19 12:04:01,873] {taskinstance.py:1159} INFO - Dependencies all met for <TaskInstance: simple_dag.say_hi scheduled__2022-07-19T12:03:00+00:00 [queued]>
[2022-07-19 12:04:01,912] {taskinstance.py:1159} INFO - Dependencies all met for <TaskInstance: simple_dag.say_hi scheduled__2022-07-19T12:03:00+00:00 [queued]>
[2022-07-19 12:04:01,913] {taskinstance.py:1356} INFO - 
--------------------------------------------------------------------------------
[2022-07-19 12:04:01,915] {taskinstance.py:1357} INFO - Starting attempt 1 of 1
[2022-07-19 12:04:01,918] {taskinstance.py:1358} INFO - 
--------------------------------------------------------------------------------
[2022-07-19 12:04:01,968] {taskinstance.py:1377} INFO - Executing <Task(BashOperator): say_hi> on 2022-07-19 12:03:00+00:00
[2022-07-19 12:04:01,980] {standard_task_runner.py:52} INFO - Started process 13170 to run task
[2022-07-19 12:04:01,986] {standard_task_runner.py:79} INFO - Running: ['***', 'tasks', 'run', 'simple_dag', 'say_hi', 'scheduled__2022-07-19T12:03:00+00:00', '--job-id', '689', '--raw', '--subdir', 'DAGS_FOLDER/first_dag.py', '--cfg-path', '/tmp/tmporzc6xxz', '--error-file', '/tmp/tmp15ige5rz']
[2022-07-19 12:04:01,988] {standard_task_runner.py:80} INFO - Job 689: Subtask say_hi
[2022-07-19 12:04:02,117] {task_command.py:370} INFO - Running <TaskInstance: simple_dag.say_hi scheduled__2022-07-19T12:03:00+00:00 [running]> on host 02ffb48252da
[2022-07-19 12:04:02,364] {taskinstance.py:1571} INFO - Exporting the following env vars:
AIRFLOW_CTX_DAG_OWNER=***
AIRFLOW_CTX_DAG_ID=simple_dag
AIRFLOW_CTX_TASK_ID=say_hi
AIRFLOW_CTX_EXECUTION_DATE=2022-07-19T12:03:00+00:00
AIRFLOW_CTX_TRY_NUMBER=1
AIRFLOW_CTX_DAG_RUN_ID=scheduled__2022-07-19T12:03:00+00:00
[2022-07-19 12:04:02,366] {subprocess.py:62} INFO - Tmp dir root location: 
 /tmp
[2022-07-19 12:04:02,367] {subprocess.py:74} INFO - Running command: ['bash', '-c', 'echo "Hi!!"']
[2022-07-19 12:04:02,379] {subprocess.py:85} INFO - Output:
[2022-07-19 12:04:02,381] {subprocess.py:92} INFO - Hi!!
[2022-07-19 12:04:02,382] {subprocess.py:96} INFO - Command exited with return code 0
[2022-07-19 12:04:02,486] {taskinstance.py:1400} INFO - Marking task as SUCCESS. dag_id=simple_dag, task_id=say_hi, execution_date=20220719T120300, start_date=20220719T120401, end_date=20220719T120402
[2022-07-19 12:04:02,565] {local_task_job.py:156} INFO - Task exited with return code 0
[2022-07-19 12:04:02,784] {local_task_job.py:273} INFO - 1 downstream tasks scheduled from follow-on schedule check
