[2022-07-19 21:49:04,834] {taskinstance.py:1159} INFO - Dependencies all met for <TaskInstance: simple_dag.respond scheduled__2022-07-19T21:48:00+00:00 [queued]>
[2022-07-19 21:49:04,847] {taskinstance.py:1159} INFO - Dependencies all met for <TaskInstance: simple_dag.respond scheduled__2022-07-19T21:48:00+00:00 [queued]>
[2022-07-19 21:49:04,848] {taskinstance.py:1356} INFO - 
--------------------------------------------------------------------------------
[2022-07-19 21:49:04,848] {taskinstance.py:1357} INFO - Starting attempt 1 of 1
[2022-07-19 21:49:04,850] {taskinstance.py:1358} INFO - 
--------------------------------------------------------------------------------
[2022-07-19 21:49:04,874] {taskinstance.py:1377} INFO - Executing <Task(PythonOperator): respond> on 2022-07-19 21:48:00+00:00
[2022-07-19 21:49:04,880] {standard_task_runner.py:52} INFO - Started process 19826 to run task
[2022-07-19 21:49:04,885] {standard_task_runner.py:79} INFO - Running: ['***', 'tasks', 'run', 'simple_dag', 'respond', 'scheduled__2022-07-19T21:48:00+00:00', '--job-id', '938', '--raw', '--subdir', 'DAGS_FOLDER/first_dag.py', '--cfg-path', '/tmp/tmptvu4qcfq', '--error-file', '/tmp/tmpvi8ix2cu']
[2022-07-19 21:49:04,887] {standard_task_runner.py:80} INFO - Job 938: Subtask respond
[2022-07-19 21:49:04,971] {task_command.py:370} INFO - Running <TaskInstance: simple_dag.respond scheduled__2022-07-19T21:48:00+00:00 [running]> on host bc1c26dbd036
[2022-07-19 21:49:05,087] {taskinstance.py:1571} INFO - Exporting the following env vars:
AIRFLOW_CTX_DAG_OWNER=***
AIRFLOW_CTX_DAG_ID=simple_dag
AIRFLOW_CTX_TASK_ID=respond
AIRFLOW_CTX_EXECUTION_DATE=2022-07-19T21:48:00+00:00
AIRFLOW_CTX_TRY_NUMBER=1
AIRFLOW_CTX_DAG_RUN_ID=scheduled__2022-07-19T21:48:00+00:00
[2022-07-19 21:49:05,088] {python.py:173} INFO - Done. Returned value was: Greet Responded Again
[2022-07-19 21:49:05,125] {taskinstance.py:1400} INFO - Marking task as SUCCESS. dag_id=simple_dag, task_id=respond, execution_date=20220719T214800, start_date=20220719T214904, end_date=20220719T214905
[2022-07-19 21:49:05,180] {local_task_job.py:156} INFO - Task exited with return code 0
[2022-07-19 21:49:05,224] {local_task_job.py:273} INFO - 1 downstream tasks scheduled from follow-on schedule check
