[2022-07-19 11:46:04,925] {taskinstance.py:1159} INFO - Dependencies all met for <TaskInstance: simple_dag.sleep_me scheduled__2022-07-19T11:45:00+00:00 [queued]>
[2022-07-19 11:46:04,937] {taskinstance.py:1159} INFO - Dependencies all met for <TaskInstance: simple_dag.sleep_me scheduled__2022-07-19T11:45:00+00:00 [queued]>
[2022-07-19 11:46:04,938] {taskinstance.py:1356} INFO - 
--------------------------------------------------------------------------------
[2022-07-19 11:46:04,939] {taskinstance.py:1357} INFO - Starting attempt 1 of 1
[2022-07-19 11:46:04,941] {taskinstance.py:1358} INFO - 
--------------------------------------------------------------------------------
[2022-07-19 11:46:04,962] {taskinstance.py:1377} INFO - Executing <Task(BashOperator): sleep_me> on 2022-07-19 11:45:00+00:00
[2022-07-19 11:46:04,968] {standard_task_runner.py:52} INFO - Started process 12238 to run task
[2022-07-19 11:46:04,974] {standard_task_runner.py:79} INFO - Running: ['***', 'tasks', 'run', 'simple_dag', 'sleep_me', 'scheduled__2022-07-19T11:45:00+00:00', '--job-id', '636', '--raw', '--subdir', 'DAGS_FOLDER/first_dag.py', '--cfg-path', '/tmp/tmpma9126lr', '--error-file', '/tmp/tmphy73q6k4']
[2022-07-19 11:46:04,976] {standard_task_runner.py:80} INFO - Job 636: Subtask sleep_me
[2022-07-19 11:46:05,069] {task_command.py:370} INFO - Running <TaskInstance: simple_dag.sleep_me scheduled__2022-07-19T11:45:00+00:00 [running]> on host 02ffb48252da
[2022-07-19 11:46:05,251] {taskinstance.py:1571} INFO - Exporting the following env vars:
AIRFLOW_CTX_DAG_OWNER=***
AIRFLOW_CTX_DAG_ID=simple_dag
AIRFLOW_CTX_TASK_ID=sleep_me
AIRFLOW_CTX_EXECUTION_DATE=2022-07-19T11:45:00+00:00
AIRFLOW_CTX_TRY_NUMBER=1
AIRFLOW_CTX_DAG_RUN_ID=scheduled__2022-07-19T11:45:00+00:00
[2022-07-19 11:46:05,254] {subprocess.py:62} INFO - Tmp dir root location: 
 /tmp
[2022-07-19 11:46:05,255] {subprocess.py:74} INFO - Running command: ['bash', '-c', 'sleep 5']
[2022-07-19 11:46:05,274] {subprocess.py:85} INFO - Output:
[2022-07-19 11:46:10,283] {subprocess.py:96} INFO - Command exited with return code 0
[2022-07-19 11:46:10,529] {taskinstance.py:1400} INFO - Marking task as SUCCESS. dag_id=simple_dag, task_id=sleep_me, execution_date=20220719T114500, start_date=20220719T114604, end_date=20220719T114610
[2022-07-19 11:46:10,630] {local_task_job.py:156} INFO - Task exited with return code 0
[2022-07-19 11:46:10,792] {local_task_job.py:273} INFO - 1 downstream tasks scheduled from follow-on schedule check
