[2022-07-19 11:23:01,544] {taskinstance.py:1159} INFO - Dependencies all met for <TaskInstance: simple_dag.say_hi scheduled__2022-07-19T11:22:00+00:00 [queued]>
[2022-07-19 11:23:01,564] {taskinstance.py:1159} INFO - Dependencies all met for <TaskInstance: simple_dag.say_hi scheduled__2022-07-19T11:22:00+00:00 [queued]>
[2022-07-19 11:23:01,564] {taskinstance.py:1356} INFO - 
--------------------------------------------------------------------------------
[2022-07-19 11:23:01,565] {taskinstance.py:1357} INFO - Starting attempt 1 of 1
[2022-07-19 11:23:01,567] {taskinstance.py:1358} INFO - 
--------------------------------------------------------------------------------
[2022-07-19 11:23:01,599] {taskinstance.py:1377} INFO - Executing <Task(BashOperator): say_hi> on 2022-07-19 11:22:00+00:00
[2022-07-19 11:23:01,611] {standard_task_runner.py:52} INFO - Started process 10965 to run task
[2022-07-19 11:23:01,617] {standard_task_runner.py:79} INFO - Running: ['***', 'tasks', 'run', 'simple_dag', 'say_hi', 'scheduled__2022-07-19T11:22:00+00:00', '--job-id', '566', '--raw', '--subdir', 'DAGS_FOLDER/first_dag.py', '--cfg-path', '/tmp/tmpk35ezrf9', '--error-file', '/tmp/tmpae1off0e']
[2022-07-19 11:23:01,619] {standard_task_runner.py:80} INFO - Job 566: Subtask say_hi
[2022-07-19 11:23:01,750] {task_command.py:370} INFO - Running <TaskInstance: simple_dag.say_hi scheduled__2022-07-19T11:22:00+00:00 [running]> on host 02ffb48252da
[2022-07-19 11:23:02,008] {taskinstance.py:1571} INFO - Exporting the following env vars:
AIRFLOW_CTX_DAG_OWNER=***
AIRFLOW_CTX_DAG_ID=simple_dag
AIRFLOW_CTX_TASK_ID=say_hi
AIRFLOW_CTX_EXECUTION_DATE=2022-07-19T11:22:00+00:00
AIRFLOW_CTX_TRY_NUMBER=1
AIRFLOW_CTX_DAG_RUN_ID=scheduled__2022-07-19T11:22:00+00:00
[2022-07-19 11:23:02,011] {subprocess.py:62} INFO - Tmp dir root location: 
 /tmp
[2022-07-19 11:23:02,015] {subprocess.py:74} INFO - Running command: ['bash', '-c', 'echo "Hi!!"']
[2022-07-19 11:23:02,054] {subprocess.py:85} INFO - Output:
[2022-07-19 11:23:02,061] {subprocess.py:92} INFO - Hi!!
[2022-07-19 11:23:02,062] {subprocess.py:96} INFO - Command exited with return code 0
[2022-07-19 11:23:02,156] {taskinstance.py:1400} INFO - Marking task as SUCCESS. dag_id=simple_dag, task_id=say_hi, execution_date=20220719T112200, start_date=20220719T112301, end_date=20220719T112302
[2022-07-19 11:23:02,231] {local_task_job.py:156} INFO - Task exited with return code 0
[2022-07-19 11:23:02,328] {local_task_job.py:273} INFO - 1 downstream tasks scheduled from follow-on schedule check
