[2022-07-19 09:22:09,144] {taskinstance.py:1159} INFO - Dependencies all met for <TaskInstance: simple_dag.respond scheduled__2022-07-19T09:21:00+00:00 [queued]>
[2022-07-19 09:22:09,160] {taskinstance.py:1159} INFO - Dependencies all met for <TaskInstance: simple_dag.respond scheduled__2022-07-19T09:21:00+00:00 [queued]>
[2022-07-19 09:22:09,160] {taskinstance.py:1356} INFO - 
--------------------------------------------------------------------------------
[2022-07-19 09:22:09,160] {taskinstance.py:1357} INFO - Starting attempt 1 of 1
[2022-07-19 09:22:09,162] {taskinstance.py:1358} INFO - 
--------------------------------------------------------------------------------
[2022-07-19 09:22:09,183] {taskinstance.py:1377} INFO - Executing <Task(PythonOperator): respond> on 2022-07-19 09:21:00+00:00
[2022-07-19 09:22:09,188] {standard_task_runner.py:52} INFO - Started process 4169 to run task
[2022-07-19 09:22:09,194] {standard_task_runner.py:79} INFO - Running: ['***', 'tasks', 'run', 'simple_dag', 'respond', 'scheduled__2022-07-19T09:21:00+00:00', '--job-id', '193', '--raw', '--subdir', 'DAGS_FOLDER/first_dag.py', '--cfg-path', '/tmp/tmppy5n0bzi', '--error-file', '/tmp/tmpx_cdldae']
[2022-07-19 09:22:09,194] {standard_task_runner.py:80} INFO - Job 193: Subtask respond
[2022-07-19 09:22:09,279] {task_command.py:370} INFO - Running <TaskInstance: simple_dag.respond scheduled__2022-07-19T09:21:00+00:00 [running]> on host 02ffb48252da
[2022-07-19 09:22:09,391] {taskinstance.py:1571} INFO - Exporting the following env vars:
AIRFLOW_CTX_DAG_OWNER=***
AIRFLOW_CTX_DAG_ID=simple_dag
AIRFLOW_CTX_TASK_ID=respond
AIRFLOW_CTX_EXECUTION_DATE=2022-07-19T09:21:00+00:00
AIRFLOW_CTX_TRY_NUMBER=1
AIRFLOW_CTX_DAG_RUN_ID=scheduled__2022-07-19T09:21:00+00:00
[2022-07-19 09:22:09,393] {python.py:173} INFO - Done. Returned value was: Greet Responded Again
[2022-07-19 09:22:09,444] {taskinstance.py:1400} INFO - Marking task as SUCCESS. dag_id=simple_dag, task_id=respond, execution_date=20220719T092100, start_date=20220719T092209, end_date=20220719T092209
[2022-07-19 09:22:09,490] {local_task_job.py:156} INFO - Task exited with return code 0
[2022-07-19 09:22:09,542] {local_task_job.py:273} INFO - 0 downstream tasks scheduled from follow-on schedule check
