[2022-07-19 12:25:10,256] {taskinstance.py:1159} INFO - Dependencies all met for <TaskInstance: simple_dag.respond scheduled__2022-07-19T12:24:00+00:00 [queued]>
[2022-07-19 12:25:10,265] {taskinstance.py:1159} INFO - Dependencies all met for <TaskInstance: simple_dag.respond scheduled__2022-07-19T12:24:00+00:00 [queued]>
[2022-07-19 12:25:10,265] {taskinstance.py:1356} INFO - 
--------------------------------------------------------------------------------
[2022-07-19 12:25:10,266] {taskinstance.py:1357} INFO - Starting attempt 1 of 1
[2022-07-19 12:25:10,267] {taskinstance.py:1358} INFO - 
--------------------------------------------------------------------------------
[2022-07-19 12:25:10,283] {taskinstance.py:1377} INFO - Executing <Task(PythonOperator): respond> on 2022-07-19 12:24:00+00:00
[2022-07-19 12:25:10,288] {standard_task_runner.py:52} INFO - Started process 14405 to run task
[2022-07-19 12:25:10,290] {standard_task_runner.py:79} INFO - Running: ['***', 'tasks', 'run', 'simple_dag', 'respond', 'scheduled__2022-07-19T12:24:00+00:00', '--job-id', '754', '--raw', '--subdir', 'DAGS_FOLDER/first_dag.py', '--cfg-path', '/tmp/tmprfvo7mlp', '--error-file', '/tmp/tmplkrmt8m0']
[2022-07-19 12:25:10,292] {standard_task_runner.py:80} INFO - Job 754: Subtask respond
[2022-07-19 12:25:10,352] {task_command.py:370} INFO - Running <TaskInstance: simple_dag.respond scheduled__2022-07-19T12:24:00+00:00 [running]> on host 02ffb48252da
[2022-07-19 12:25:10,433] {taskinstance.py:1571} INFO - Exporting the following env vars:
AIRFLOW_CTX_DAG_OWNER=***
AIRFLOW_CTX_DAG_ID=simple_dag
AIRFLOW_CTX_TASK_ID=respond
AIRFLOW_CTX_EXECUTION_DATE=2022-07-19T12:24:00+00:00
AIRFLOW_CTX_TRY_NUMBER=1
AIRFLOW_CTX_DAG_RUN_ID=scheduled__2022-07-19T12:24:00+00:00
[2022-07-19 12:25:16,137] {logging_mixin.py:115} INFO - (2724, 1)
[2022-07-19 12:25:16,145] {python.py:173} INFO - Done. Returned value was: Greet Responded Again
[2022-07-19 12:25:16,172] {taskinstance.py:1400} INFO - Marking task as SUCCESS. dag_id=simple_dag, task_id=respond, execution_date=20220719T122400, start_date=20220719T122510, end_date=20220719T122516
[2022-07-19 12:25:16,215] {local_task_job.py:156} INFO - Task exited with return code 0
[2022-07-19 12:25:16,243] {local_task_job.py:273} INFO - 0 downstream tasks scheduled from follow-on schedule check
