[2022-07-07 10:15:03,557] {taskinstance.py:1159} INFO - Dependencies all met for <TaskInstance: example_bash_operator.runme_0 manual__2022-07-07T10:15:00.578714+00:00 [queued]>
[2022-07-07 10:15:03,584] {taskinstance.py:1159} INFO - Dependencies all met for <TaskInstance: example_bash_operator.runme_0 manual__2022-07-07T10:15:00.578714+00:00 [queued]>
[2022-07-07 10:15:03,585] {taskinstance.py:1356} INFO - 
--------------------------------------------------------------------------------
[2022-07-07 10:15:03,585] {taskinstance.py:1357} INFO - Starting attempt 1 of 1
[2022-07-07 10:15:03,586] {taskinstance.py:1358} INFO - 
--------------------------------------------------------------------------------
[2022-07-07 10:15:03,619] {taskinstance.py:1377} INFO - Executing <Task(BashOperator): runme_0> on 2022-07-07 10:15:00.578714+00:00
[2022-07-07 10:15:03,627] {standard_task_runner.py:52} INFO - Started process 240 to run task
[2022-07-07 10:15:03,637] {standard_task_runner.py:79} INFO - Running: ['***', 'tasks', 'run', 'example_bash_operator', 'runme_0', 'manual__2022-07-07T10:15:00.578714+00:00', '--job-id', '7', '--raw', '--subdir', '/home/***/.local/lib/python3.7/site-packages/***/example_dags/example_bash_operator.py', '--cfg-path', '/tmp/tmp2vbswrn7', '--error-file', '/tmp/tmp962bmt0k']
[2022-07-07 10:15:03,638] {standard_task_runner.py:80} INFO - Job 7: Subtask runme_0
[2022-07-07 10:15:03,757] {task_command.py:370} INFO - Running <TaskInstance: example_bash_operator.runme_0 manual__2022-07-07T10:15:00.578714+00:00 [running]> on host 7e4975988781
[2022-07-07 10:15:03,944] {taskinstance.py:1571} INFO - Exporting the following env vars:
AIRFLOW_CTX_DAG_OWNER=***
AIRFLOW_CTX_DAG_ID=example_bash_operator
AIRFLOW_CTX_TASK_ID=runme_0
AIRFLOW_CTX_EXECUTION_DATE=2022-07-07T10:15:00.578714+00:00
AIRFLOW_CTX_TRY_NUMBER=1
AIRFLOW_CTX_DAG_RUN_ID=manual__2022-07-07T10:15:00.578714+00:00
[2022-07-07 10:15:03,947] {subprocess.py:62} INFO - Tmp dir root location: 
 /tmp
[2022-07-07 10:15:03,949] {subprocess.py:74} INFO - Running command: ['bash', '-c', 'echo "example_bash_operator__runme_0__20220707" && sleep 1']
[2022-07-07 10:15:03,971] {subprocess.py:85} INFO - Output:
[2022-07-07 10:15:03,975] {subprocess.py:92} INFO - example_bash_operator__runme_0__20220707
[2022-07-07 10:15:04,979] {subprocess.py:96} INFO - Command exited with return code 0
[2022-07-07 10:15:05,056] {taskinstance.py:1400} INFO - Marking task as SUCCESS. dag_id=example_bash_operator, task_id=runme_0, execution_date=20220707T101500, start_date=20220707T101503, end_date=20220707T101505
[2022-07-07 10:15:05,141] {local_task_job.py:156} INFO - Task exited with return code 0
[2022-07-07 10:15:05,254] {local_task_job.py:273} INFO - 0 downstream tasks scheduled from follow-on schedule check
