[2022-07-19 10:29:04,768] {taskinstance.py:1159} INFO - Dependencies all met for <TaskInstance: simple_dag.sleep_me scheduled__2022-07-19T10:28:00+00:00 [queued]>
[2022-07-19 10:29:04,784] {taskinstance.py:1159} INFO - Dependencies all met for <TaskInstance: simple_dag.sleep_me scheduled__2022-07-19T10:28:00+00:00 [queued]>
[2022-07-19 10:29:04,784] {taskinstance.py:1356} INFO - 
--------------------------------------------------------------------------------
[2022-07-19 10:29:04,785] {taskinstance.py:1357} INFO - Starting attempt 1 of 1
[2022-07-19 10:29:04,787] {taskinstance.py:1358} INFO - 
--------------------------------------------------------------------------------
[2022-07-19 10:29:04,812] {taskinstance.py:1377} INFO - Executing <Task(BashOperator): sleep_me> on 2022-07-19 10:28:00+00:00
[2022-07-19 10:29:04,819] {standard_task_runner.py:52} INFO - Started process 8037 to run task
[2022-07-19 10:29:04,825] {standard_task_runner.py:79} INFO - Running: ['***', 'tasks', 'run', 'simple_dag', 'sleep_me', 'scheduled__2022-07-19T10:28:00+00:00', '--job-id', '405', '--raw', '--subdir', 'DAGS_FOLDER/first_dag.py', '--cfg-path', '/tmp/tmpcij7iz5a', '--error-file', '/tmp/tmp84vesfos']
[2022-07-19 10:29:04,827] {standard_task_runner.py:80} INFO - Job 405: Subtask sleep_me
[2022-07-19 10:29:04,915] {task_command.py:370} INFO - Running <TaskInstance: simple_dag.sleep_me scheduled__2022-07-19T10:28:00+00:00 [running]> on host 02ffb48252da
[2022-07-19 10:29:05,062] {taskinstance.py:1571} INFO - Exporting the following env vars:
AIRFLOW_CTX_DAG_OWNER=***
AIRFLOW_CTX_DAG_ID=simple_dag
AIRFLOW_CTX_TASK_ID=sleep_me
AIRFLOW_CTX_EXECUTION_DATE=2022-07-19T10:28:00+00:00
AIRFLOW_CTX_TRY_NUMBER=1
AIRFLOW_CTX_DAG_RUN_ID=scheduled__2022-07-19T10:28:00+00:00
[2022-07-19 10:29:05,066] {subprocess.py:62} INFO - Tmp dir root location: 
 /tmp
[2022-07-19 10:29:05,067] {subprocess.py:74} INFO - Running command: ['bash', '-c', 'sleep 5']
[2022-07-19 10:29:05,084] {subprocess.py:85} INFO - Output:
[2022-07-19 10:29:10,090] {subprocess.py:96} INFO - Command exited with return code 0
[2022-07-19 10:29:10,280] {taskinstance.py:1400} INFO - Marking task as SUCCESS. dag_id=simple_dag, task_id=sleep_me, execution_date=20220719T102800, start_date=20220719T102904, end_date=20220719T102910
[2022-07-19 10:29:10,352] {local_task_job.py:156} INFO - Task exited with return code 0
[2022-07-19 10:29:10,459] {local_task_job.py:273} INFO - 1 downstream tasks scheduled from follow-on schedule check
