[2022-07-19 21:36:05,523] {taskinstance.py:1159} INFO - Dependencies all met for <TaskInstance: simple_dag.respond scheduled__2022-07-19T21:35:00+00:00 [queued]>
[2022-07-19 21:36:05,548] {taskinstance.py:1159} INFO - Dependencies all met for <TaskInstance: simple_dag.respond scheduled__2022-07-19T21:35:00+00:00 [queued]>
[2022-07-19 21:36:05,550] {taskinstance.py:1356} INFO - 
--------------------------------------------------------------------------------
[2022-07-19 21:36:05,552] {taskinstance.py:1357} INFO - Starting attempt 1 of 1
[2022-07-19 21:36:05,634] {taskinstance.py:1358} INFO - 
--------------------------------------------------------------------------------
[2022-07-19 21:36:05,666] {taskinstance.py:1377} INFO - Executing <Task(PythonOperator): respond> on 2022-07-19 21:35:00+00:00
[2022-07-19 21:36:05,672] {standard_task_runner.py:52} INFO - Started process 14636 to run task
[2022-07-19 21:36:05,677] {standard_task_runner.py:79} INFO - Running: ['***', 'tasks', 'run', 'simple_dag', 'respond', 'scheduled__2022-07-19T21:35:00+00:00', '--job-id', '899', '--raw', '--subdir', 'DAGS_FOLDER/first_dag.py', '--cfg-path', '/tmp/tmpcbaui2bp', '--error-file', '/tmp/tmprm8cgx4u']
[2022-07-19 21:36:05,679] {standard_task_runner.py:80} INFO - Job 899: Subtask respond
[2022-07-19 21:36:05,853] {task_command.py:370} INFO - Running <TaskInstance: simple_dag.respond scheduled__2022-07-19T21:35:00+00:00 [running]> on host bc1c26dbd036
[2022-07-19 21:36:06,118] {taskinstance.py:1571} INFO - Exporting the following env vars:
AIRFLOW_CTX_DAG_OWNER=***
AIRFLOW_CTX_DAG_ID=simple_dag
AIRFLOW_CTX_TASK_ID=respond
AIRFLOW_CTX_EXECUTION_DATE=2022-07-19T21:35:00+00:00
AIRFLOW_CTX_TRY_NUMBER=1
AIRFLOW_CTX_DAG_RUN_ID=scheduled__2022-07-19T21:35:00+00:00
[2022-07-19 21:36:06,121] {python.py:173} INFO - Done. Returned value was: Greet Responded Again
[2022-07-19 21:36:06,173] {taskinstance.py:1400} INFO - Marking task as SUCCESS. dag_id=simple_dag, task_id=respond, execution_date=20220719T213500, start_date=20220719T213605, end_date=20220719T213606
[2022-07-19 21:36:06,254] {local_task_job.py:156} INFO - Task exited with return code 0
[2022-07-19 21:36:06,389] {local_task_job.py:273} INFO - 0 downstream tasks scheduled from follow-on schedule check
