[2022-07-19 21:47:01,656] {taskinstance.py:1159} INFO - Dependencies all met for <TaskInstance: simple_dag.read_data scheduled__2022-07-19T21:46:00+00:00 [queued]>
[2022-07-19 21:47:01,665] {taskinstance.py:1159} INFO - Dependencies all met for <TaskInstance: simple_dag.read_data scheduled__2022-07-19T21:46:00+00:00 [queued]>
[2022-07-19 21:47:01,666] {taskinstance.py:1356} INFO - 
--------------------------------------------------------------------------------
[2022-07-19 21:47:01,666] {taskinstance.py:1357} INFO - Starting attempt 1 of 1
[2022-07-19 21:47:01,668] {taskinstance.py:1358} INFO - 
--------------------------------------------------------------------------------
[2022-07-19 21:47:01,685] {taskinstance.py:1377} INFO - Executing <Task(PythonOperator): read_data> on 2022-07-19 21:46:00+00:00
[2022-07-19 21:47:01,690] {standard_task_runner.py:52} INFO - Started process 18994 to run task
[2022-07-19 21:47:01,693] {standard_task_runner.py:79} INFO - Running: ['***', 'tasks', 'run', 'simple_dag', 'read_data', 'scheduled__2022-07-19T21:46:00+00:00', '--job-id', '930', '--raw', '--subdir', 'DAGS_FOLDER/first_dag.py', '--cfg-path', '/tmp/tmptazgco5d', '--error-file', '/tmp/tmpnkt29rff']
[2022-07-19 21:47:01,694] {standard_task_runner.py:80} INFO - Job 930: Subtask read_data
[2022-07-19 21:47:01,760] {task_command.py:370} INFO - Running <TaskInstance: simple_dag.read_data scheduled__2022-07-19T21:46:00+00:00 [running]> on host bc1c26dbd036
[2022-07-19 21:47:01,869] {taskinstance.py:1571} INFO - Exporting the following env vars:
AIRFLOW_CTX_DAG_OWNER=***
AIRFLOW_CTX_DAG_ID=simple_dag
AIRFLOW_CTX_TASK_ID=read_data
AIRFLOW_CTX_EXECUTION_DATE=2022-07-19T21:46:00+00:00
AIRFLOW_CTX_TRY_NUMBER=1
AIRFLOW_CTX_DAG_RUN_ID=scheduled__2022-07-19T21:46:00+00:00
[2022-07-19 21:47:01,887] {python.py:173} INFO - Done. Returned value was: (1, 10)
[2022-07-19 21:47:01,940] {taskinstance.py:1400} INFO - Marking task as SUCCESS. dag_id=simple_dag, task_id=read_data, execution_date=20220719T214600, start_date=20220719T214701, end_date=20220719T214701
[2022-07-19 21:47:01,987] {local_task_job.py:156} INFO - Task exited with return code 0
[2022-07-19 21:47:02,062] {local_task_job.py:273} INFO - 0 downstream tasks scheduled from follow-on schedule check
