[2022-07-19 11:57:12,724] {taskinstance.py:1159} INFO - Dependencies all met for <TaskInstance: simple_dag.respond scheduled__2022-07-19T11:56:00+00:00 [queued]>
[2022-07-19 11:57:12,740] {taskinstance.py:1159} INFO - Dependencies all met for <TaskInstance: simple_dag.respond scheduled__2022-07-19T11:56:00+00:00 [queued]>
[2022-07-19 11:57:12,740] {taskinstance.py:1356} INFO - 
--------------------------------------------------------------------------------
[2022-07-19 11:57:12,741] {taskinstance.py:1357} INFO - Starting attempt 1 of 1
[2022-07-19 11:57:12,742] {taskinstance.py:1358} INFO - 
--------------------------------------------------------------------------------
[2022-07-19 11:57:12,764] {taskinstance.py:1377} INFO - Executing <Task(PythonOperator): respond> on 2022-07-19 11:56:00+00:00
[2022-07-19 11:57:12,771] {standard_task_runner.py:52} INFO - Started process 12821 to run task
[2022-07-19 11:57:12,775] {standard_task_runner.py:79} INFO - Running: ['***', 'tasks', 'run', 'simple_dag', 'respond', 'scheduled__2022-07-19T11:56:00+00:00', '--job-id', '670', '--raw', '--subdir', 'DAGS_FOLDER/first_dag.py', '--cfg-path', '/tmp/tmps2l88az7', '--error-file', '/tmp/tmpngqjtdfo']
[2022-07-19 11:57:12,777] {standard_task_runner.py:80} INFO - Job 670: Subtask respond
[2022-07-19 11:57:13,012] {task_command.py:370} INFO - Running <TaskInstance: simple_dag.respond scheduled__2022-07-19T11:56:00+00:00 [running]> on host 02ffb48252da
[2022-07-19 11:57:13,336] {taskinstance.py:1571} INFO - Exporting the following env vars:
AIRFLOW_CTX_DAG_OWNER=***
AIRFLOW_CTX_DAG_ID=simple_dag
AIRFLOW_CTX_TASK_ID=respond
AIRFLOW_CTX_EXECUTION_DATE=2022-07-19T11:56:00+00:00
AIRFLOW_CTX_TRY_NUMBER=1
AIRFLOW_CTX_DAG_RUN_ID=scheduled__2022-07-19T11:56:00+00:00
[2022-07-19 11:57:23,168] {logging_mixin.py:115} INFO - (2724, 1)
[2022-07-19 11:57:23,180] {python.py:173} INFO - Done. Returned value was: Greet Responded Again
[2022-07-19 11:57:23,391] {taskinstance.py:1400} INFO - Marking task as SUCCESS. dag_id=simple_dag, task_id=respond, execution_date=20220719T115600, start_date=20220719T115712, end_date=20220719T115723
[2022-07-19 11:57:23,591] {local_task_job.py:156} INFO - Task exited with return code 0
[2022-07-19 11:57:23,679] {local_task_job.py:273} INFO - 0 downstream tasks scheduled from follow-on schedule check
