[2022-07-19 21:02:06,200] {taskinstance.py:1159} INFO - Dependencies all met for <TaskInstance: simple_dag.respond scheduled__2022-07-19T21:01:00+00:00 [queued]>
[2022-07-19 21:02:06,213] {taskinstance.py:1159} INFO - Dependencies all met for <TaskInstance: simple_dag.respond scheduled__2022-07-19T21:01:00+00:00 [queued]>
[2022-07-19 21:02:06,214] {taskinstance.py:1356} INFO - 
--------------------------------------------------------------------------------
[2022-07-19 21:02:06,214] {taskinstance.py:1357} INFO - Starting attempt 1 of 1
[2022-07-19 21:02:06,216] {taskinstance.py:1358} INFO - 
--------------------------------------------------------------------------------
[2022-07-19 21:02:06,239] {taskinstance.py:1377} INFO - Executing <Task(PythonOperator): respond> on 2022-07-19 21:01:00+00:00
[2022-07-19 21:02:06,245] {standard_task_runner.py:52} INFO - Started process 1383 to run task
[2022-07-19 21:02:06,250] {standard_task_runner.py:79} INFO - Running: ['***', 'tasks', 'run', 'simple_dag', 'respond', 'scheduled__2022-07-19T21:01:00+00:00', '--job-id', '828', '--raw', '--subdir', 'DAGS_FOLDER/first_dag.py', '--cfg-path', '/tmp/tmpy4826k2e', '--error-file', '/tmp/tmph_jrnk2l']
[2022-07-19 21:02:06,252] {standard_task_runner.py:80} INFO - Job 828: Subtask respond
[2022-07-19 21:02:06,335] {task_command.py:370} INFO - Running <TaskInstance: simple_dag.respond scheduled__2022-07-19T21:01:00+00:00 [running]> on host bc1c26dbd036
[2022-07-19 21:02:06,455] {taskinstance.py:1571} INFO - Exporting the following env vars:
AIRFLOW_CTX_DAG_OWNER=***
AIRFLOW_CTX_DAG_ID=simple_dag
AIRFLOW_CTX_TASK_ID=respond
AIRFLOW_CTX_EXECUTION_DATE=2022-07-19T21:01:00+00:00
AIRFLOW_CTX_TRY_NUMBER=1
AIRFLOW_CTX_DAG_RUN_ID=scheduled__2022-07-19T21:01:00+00:00
[2022-07-19 21:02:06,456] {python.py:173} INFO - Done. Returned value was: Greet Responded Again
[2022-07-19 21:02:06,497] {taskinstance.py:1400} INFO - Marking task as SUCCESS. dag_id=simple_dag, task_id=respond, execution_date=20220719T210100, start_date=20220719T210206, end_date=20220719T210206
[2022-07-19 21:02:06,543] {local_task_job.py:156} INFO - Task exited with return code 0
[2022-07-19 21:02:06,589] {local_task_job.py:273} INFO - 0 downstream tasks scheduled from follow-on schedule check
