[2022-07-19 09:31:13,281] {taskinstance.py:1159} INFO - Dependencies all met for <TaskInstance: simple_dag.say_hi manual__2022-07-19T09:31:11.759888+00:00 [queued]>
[2022-07-19 09:31:13,300] {taskinstance.py:1159} INFO - Dependencies all met for <TaskInstance: simple_dag.say_hi manual__2022-07-19T09:31:11.759888+00:00 [queued]>
[2022-07-19 09:31:13,301] {taskinstance.py:1356} INFO - 
--------------------------------------------------------------------------------
[2022-07-19 09:31:13,301] {taskinstance.py:1357} INFO - Starting attempt 1 of 1
[2022-07-19 09:31:13,302] {taskinstance.py:1358} INFO - 
--------------------------------------------------------------------------------
[2022-07-19 09:31:13,338] {taskinstance.py:1377} INFO - Executing <Task(BashOperator): say_hi> on 2022-07-19 09:31:11.759888+00:00
[2022-07-19 09:31:13,345] {standard_task_runner.py:52} INFO - Started process 4712 to run task
[2022-07-19 09:31:13,350] {standard_task_runner.py:79} INFO - Running: ['***', 'tasks', 'run', 'simple_dag', 'say_hi', 'manual__2022-07-19T09:31:11.759888+00:00', '--job-id', '227', '--raw', '--subdir', 'DAGS_FOLDER/first_dag.py', '--cfg-path', '/tmp/tmp1gsj6ln9', '--error-file', '/tmp/tmpnxpvdwbr']
[2022-07-19 09:31:13,352] {standard_task_runner.py:80} INFO - Job 227: Subtask say_hi
[2022-07-19 09:31:13,436] {task_command.py:370} INFO - Running <TaskInstance: simple_dag.say_hi manual__2022-07-19T09:31:11.759888+00:00 [running]> on host 02ffb48252da
[2022-07-19 09:31:13,619] {taskinstance.py:1571} INFO - Exporting the following env vars:
AIRFLOW_CTX_DAG_OWNER=***
AIRFLOW_CTX_DAG_ID=simple_dag
AIRFLOW_CTX_TASK_ID=say_hi
AIRFLOW_CTX_EXECUTION_DATE=2022-07-19T09:31:11.759888+00:00
AIRFLOW_CTX_TRY_NUMBER=1
AIRFLOW_CTX_DAG_RUN_ID=manual__2022-07-19T09:31:11.759888+00:00
[2022-07-19 09:31:13,621] {subprocess.py:62} INFO - Tmp dir root location: 
 /tmp
[2022-07-19 09:31:13,622] {subprocess.py:74} INFO - Running command: ['bash', '-c', 'echo "Hi!!"']
[2022-07-19 09:31:13,646] {subprocess.py:85} INFO - Output:
[2022-07-19 09:31:13,649] {subprocess.py:92} INFO - Hi!!
[2022-07-19 09:31:13,650] {subprocess.py:96} INFO - Command exited with return code 0
[2022-07-19 09:31:13,710] {taskinstance.py:1400} INFO - Marking task as SUCCESS. dag_id=simple_dag, task_id=say_hi, execution_date=20220719T093111, start_date=20220719T093113, end_date=20220719T093113
[2022-07-19 09:31:13,764] {local_task_job.py:156} INFO - Task exited with return code 0
[2022-07-19 09:31:13,840] {local_task_job.py:273} INFO - 1 downstream tasks scheduled from follow-on schedule check
