[2022-07-19 11:33:12,547] {taskinstance.py:1159} INFO - Dependencies all met for <TaskInstance: simple_dag.respond scheduled__2022-07-19T11:32:00+00:00 [queued]>
[2022-07-19 11:33:12,584] {taskinstance.py:1159} INFO - Dependencies all met for <TaskInstance: simple_dag.respond scheduled__2022-07-19T11:32:00+00:00 [queued]>
[2022-07-19 11:33:12,586] {taskinstance.py:1356} INFO - 
--------------------------------------------------------------------------------
[2022-07-19 11:33:12,587] {taskinstance.py:1357} INFO - Starting attempt 1 of 1
[2022-07-19 11:33:12,589] {taskinstance.py:1358} INFO - 
--------------------------------------------------------------------------------
[2022-07-19 11:33:12,652] {taskinstance.py:1377} INFO - Executing <Task(PythonOperator): respond> on 2022-07-19 11:32:00+00:00
[2022-07-19 11:33:12,667] {standard_task_runner.py:52} INFO - Started process 11525 to run task
[2022-07-19 11:33:12,681] {standard_task_runner.py:79} INFO - Running: ['***', 'tasks', 'run', 'simple_dag', 'respond', 'scheduled__2022-07-19T11:32:00+00:00', '--job-id', '598', '--raw', '--subdir', 'DAGS_FOLDER/first_dag.py', '--cfg-path', '/tmp/tmp0q1r0dpw', '--error-file', '/tmp/tmpv7ysmuqe']
[2022-07-19 11:33:12,685] {standard_task_runner.py:80} INFO - Job 598: Subtask respond
[2022-07-19 11:33:12,816] {task_command.py:370} INFO - Running <TaskInstance: simple_dag.respond scheduled__2022-07-19T11:32:00+00:00 [running]> on host 02ffb48252da
[2022-07-19 11:33:12,931] {taskinstance.py:1571} INFO - Exporting the following env vars:
AIRFLOW_CTX_DAG_OWNER=***
AIRFLOW_CTX_DAG_ID=simple_dag
AIRFLOW_CTX_TASK_ID=respond
AIRFLOW_CTX_EXECUTION_DATE=2022-07-19T11:32:00+00:00
AIRFLOW_CTX_TRY_NUMBER=1
AIRFLOW_CTX_DAG_RUN_ID=scheduled__2022-07-19T11:32:00+00:00
[2022-07-19 11:33:22,094] {logging_mixin.py:115} INFO - (2724, 1)
[2022-07-19 11:33:22,101] {python.py:173} INFO - Done. Returned value was: Greet Responded Again
[2022-07-19 11:33:22,213] {taskinstance.py:1400} INFO - Marking task as SUCCESS. dag_id=simple_dag, task_id=respond, execution_date=20220719T113200, start_date=20220719T113312, end_date=20220719T113322
[2022-07-19 11:33:22,357] {local_task_job.py:156} INFO - Task exited with return code 0
[2022-07-19 11:33:22,522] {local_task_job.py:273} INFO - 0 downstream tasks scheduled from follow-on schedule check
