[2022-07-19 10:05:05,197] {taskinstance.py:1159} INFO - Dependencies all met for <TaskInstance: simple_dag.sleep_me scheduled__2022-07-19T10:04:00+00:00 [queued]>
[2022-07-19 10:05:05,267] {taskinstance.py:1159} INFO - Dependencies all met for <TaskInstance: simple_dag.sleep_me scheduled__2022-07-19T10:04:00+00:00 [queued]>
[2022-07-19 10:05:05,271] {taskinstance.py:1356} INFO - 
--------------------------------------------------------------------------------
[2022-07-19 10:05:05,274] {taskinstance.py:1357} INFO - Starting attempt 1 of 1
[2022-07-19 10:05:05,277] {taskinstance.py:1358} INFO - 
--------------------------------------------------------------------------------
[2022-07-19 10:05:05,366] {taskinstance.py:1377} INFO - Executing <Task(BashOperator): sleep_me> on 2022-07-19 10:04:00+00:00
[2022-07-19 10:05:05,393] {standard_task_runner.py:52} INFO - Started process 6671 to run task
[2022-07-19 10:05:05,407] {standard_task_runner.py:79} INFO - Running: ['***', 'tasks', 'run', 'simple_dag', 'sleep_me', 'scheduled__2022-07-19T10:04:00+00:00', '--job-id', '333', '--raw', '--subdir', 'DAGS_FOLDER/first_dag.py', '--cfg-path', '/tmp/tmpijg4r_dz', '--error-file', '/tmp/tmp1pt80n49']
[2022-07-19 10:05:05,410] {standard_task_runner.py:80} INFO - Job 333: Subtask sleep_me
[2022-07-19 10:05:05,646] {task_command.py:370} INFO - Running <TaskInstance: simple_dag.sleep_me scheduled__2022-07-19T10:04:00+00:00 [running]> on host 02ffb48252da
[2022-07-19 10:05:05,909] {taskinstance.py:1571} INFO - Exporting the following env vars:
AIRFLOW_CTX_DAG_OWNER=***
AIRFLOW_CTX_DAG_ID=simple_dag
AIRFLOW_CTX_TASK_ID=sleep_me
AIRFLOW_CTX_EXECUTION_DATE=2022-07-19T10:04:00+00:00
AIRFLOW_CTX_TRY_NUMBER=1
AIRFLOW_CTX_DAG_RUN_ID=scheduled__2022-07-19T10:04:00+00:00
[2022-07-19 10:05:05,912] {subprocess.py:62} INFO - Tmp dir root location: 
 /tmp
[2022-07-19 10:05:05,914] {subprocess.py:74} INFO - Running command: ['bash', '-c', 'sleep 5']
[2022-07-19 10:05:05,935] {subprocess.py:85} INFO - Output:
[2022-07-19 10:05:10,941] {subprocess.py:96} INFO - Command exited with return code 0
[2022-07-19 10:05:10,976] {taskinstance.py:1400} INFO - Marking task as SUCCESS. dag_id=simple_dag, task_id=sleep_me, execution_date=20220719T100400, start_date=20220719T100505, end_date=20220719T100510
[2022-07-19 10:05:11,026] {local_task_job.py:156} INFO - Task exited with return code 0
[2022-07-19 10:05:11,063] {local_task_job.py:273} INFO - 1 downstream tasks scheduled from follow-on schedule check
