[2022-07-19 21:51:11,398] {taskinstance.py:1159} INFO - Dependencies all met for <TaskInstance: simple_dag.respond scheduled__2022-07-19T21:49:00+00:00 [queued]>
[2022-07-19 21:51:11,420] {taskinstance.py:1159} INFO - Dependencies all met for <TaskInstance: simple_dag.respond scheduled__2022-07-19T21:49:00+00:00 [queued]>
[2022-07-19 21:51:11,421] {taskinstance.py:1356} INFO - 
--------------------------------------------------------------------------------
[2022-07-19 21:51:11,421] {taskinstance.py:1357} INFO - Starting attempt 1 of 1
[2022-07-19 21:51:11,422] {taskinstance.py:1358} INFO - 
--------------------------------------------------------------------------------
[2022-07-19 21:51:11,463] {taskinstance.py:1377} INFO - Executing <Task(PythonOperator): respond> on 2022-07-19 21:49:00+00:00
[2022-07-19 21:51:11,471] {standard_task_runner.py:52} INFO - Started process 201 to run task
[2022-07-19 21:51:11,477] {standard_task_runner.py:79} INFO - Running: ['***', 'tasks', 'run', 'simple_dag', 'respond', 'scheduled__2022-07-19T21:49:00+00:00', '--job-id', '971', '--raw', '--subdir', 'DAGS_FOLDER/first_dag.py', '--cfg-path', '/tmp/tmpgev8zy51', '--error-file', '/tmp/tmprbcyu_so']
[2022-07-19 21:51:11,478] {standard_task_runner.py:80} INFO - Job 971: Subtask respond
[2022-07-19 21:51:11,605] {task_command.py:370} INFO - Running <TaskInstance: simple_dag.respond scheduled__2022-07-19T21:49:00+00:00 [running]> on host 29459987bc56
[2022-07-19 21:51:11,781] {taskinstance.py:1571} INFO - Exporting the following env vars:
AIRFLOW_CTX_DAG_OWNER=***
AIRFLOW_CTX_DAG_ID=simple_dag
AIRFLOW_CTX_TASK_ID=respond
AIRFLOW_CTX_EXECUTION_DATE=2022-07-19T21:49:00+00:00
AIRFLOW_CTX_TRY_NUMBER=1
AIRFLOW_CTX_DAG_RUN_ID=scheduled__2022-07-19T21:49:00+00:00
[2022-07-19 21:51:11,783] {python.py:173} INFO - Done. Returned value was: Greet Responded Again
[2022-07-19 21:51:11,837] {taskinstance.py:1400} INFO - Marking task as SUCCESS. dag_id=simple_dag, task_id=respond, execution_date=20220719T214900, start_date=20220719T215111, end_date=20220719T215111
[2022-07-19 21:51:11,892] {local_task_job.py:156} INFO - Task exited with return code 0
[2022-07-19 21:51:11,999] {local_task_job.py:273} INFO - 1 downstream tasks scheduled from follow-on schedule check
