[2022-07-19 06:46:09,435] {taskinstance.py:1159} INFO - Dependencies all met for <TaskInstance: example_bash_operator.also_run_this manual__2022-07-19T06:46:07.455404+00:00 [queued]>
[2022-07-19 06:46:09,454] {taskinstance.py:1159} INFO - Dependencies all met for <TaskInstance: example_bash_operator.also_run_this manual__2022-07-19T06:46:07.455404+00:00 [queued]>
[2022-07-19 06:46:09,454] {taskinstance.py:1356} INFO - 
--------------------------------------------------------------------------------
[2022-07-19 06:46:09,455] {taskinstance.py:1357} INFO - Starting attempt 1 of 1
[2022-07-19 06:46:09,456] {taskinstance.py:1358} INFO - 
--------------------------------------------------------------------------------
[2022-07-19 06:46:09,502] {taskinstance.py:1377} INFO - Executing <Task(BashOperator): also_run_this> on 2022-07-19 06:46:07.455404+00:00
[2022-07-19 06:46:09,512] {standard_task_runner.py:52} INFO - Started process 237 to run task
[2022-07-19 06:46:09,524] {standard_task_runner.py:79} INFO - Running: ['***', 'tasks', 'run', 'example_bash_operator', 'also_run_this', 'manual__2022-07-19T06:46:07.455404+00:00', '--job-id', '25', '--raw', '--subdir', '/home/***/.local/lib/python3.7/site-packages/***/example_dags/example_bash_operator.py', '--cfg-path', '/tmp/tmpa1sx0nra', '--error-file', '/tmp/tmpfg5oobwt']
[2022-07-19 06:46:09,524] {standard_task_runner.py:80} INFO - Job 25: Subtask also_run_this
[2022-07-19 06:46:09,762] {task_command.py:370} INFO - Running <TaskInstance: example_bash_operator.also_run_this manual__2022-07-19T06:46:07.455404+00:00 [running]> on host 6fab1d40a0c4
[2022-07-19 06:46:09,975] {taskinstance.py:1571} INFO - Exporting the following env vars:
AIRFLOW_CTX_DAG_OWNER=***
AIRFLOW_CTX_DAG_ID=example_bash_operator
AIRFLOW_CTX_TASK_ID=also_run_this
AIRFLOW_CTX_EXECUTION_DATE=2022-07-19T06:46:07.455404+00:00
AIRFLOW_CTX_TRY_NUMBER=1
AIRFLOW_CTX_DAG_RUN_ID=manual__2022-07-19T06:46:07.455404+00:00
[2022-07-19 06:46:09,978] {subprocess.py:62} INFO - Tmp dir root location: 
 /tmp
[2022-07-19 06:46:09,979] {subprocess.py:74} INFO - Running command: ['bash', '-c', 'echo "run_id=manual__2022-07-19T06:46:07.455404+00:00 | dag_run=<DagRun example_bash_operator @ 2022-07-19 06:46:07.455404+00:00: manual__2022-07-19T06:46:07.455404+00:00, externally triggered: True>"']
[2022-07-19 06:46:09,996] {subprocess.py:85} INFO - Output:
[2022-07-19 06:46:10,002] {subprocess.py:92} INFO - run_id=manual__2022-07-19T06:46:07.455404+00:00 | dag_run=<DagRun example_bash_operator @ 2022-07-19 06:46:07.455404+00:00: manual__2022-07-19T06:46:07.455404+00:00, externally triggered: True>
[2022-07-19 06:46:10,003] {subprocess.py:96} INFO - Command exited with return code 0
[2022-07-19 06:46:10,058] {taskinstance.py:1400} INFO - Marking task as SUCCESS. dag_id=example_bash_operator, task_id=also_run_this, execution_date=20220719T064607, start_date=20220719T064609, end_date=20220719T064610
[2022-07-19 06:46:10,119] {local_task_job.py:156} INFO - Task exited with return code 0
[2022-07-19 06:46:10,161] {local_task_job.py:273} INFO - 0 downstream tasks scheduled from follow-on schedule check
