[2022-07-19 08:41:08,286] {taskinstance.py:1159} INFO - Dependencies all met for <TaskInstance: simple_dag.respond scheduled__2022-07-19T08:40:00+00:00 [queued]>
[2022-07-19 08:41:08,297] {taskinstance.py:1159} INFO - Dependencies all met for <TaskInstance: simple_dag.respond scheduled__2022-07-19T08:40:00+00:00 [queued]>
[2022-07-19 08:41:08,297] {taskinstance.py:1356} INFO - 
--------------------------------------------------------------------------------
[2022-07-19 08:41:08,298] {taskinstance.py:1357} INFO - Starting attempt 1 of 1
[2022-07-19 08:41:08,299] {taskinstance.py:1358} INFO - 
--------------------------------------------------------------------------------
[2022-07-19 08:41:08,316] {taskinstance.py:1377} INFO - Executing <Task(PythonOperator): respond> on 2022-07-19 08:40:00+00:00
[2022-07-19 08:41:08,320] {standard_task_runner.py:52} INFO - Started process 1903 to run task
[2022-07-19 08:41:08,323] {standard_task_runner.py:79} INFO - Running: ['***', 'tasks', 'run', 'simple_dag', 'respond', 'scheduled__2022-07-19T08:40:00+00:00', '--job-id', '70', '--raw', '--subdir', 'DAGS_FOLDER/first_dag.py', '--cfg-path', '/tmp/tmpen7w_qcy', '--error-file', '/tmp/tmpk49c4mmq']
[2022-07-19 08:41:08,324] {standard_task_runner.py:80} INFO - Job 70: Subtask respond
[2022-07-19 08:41:08,386] {task_command.py:370} INFO - Running <TaskInstance: simple_dag.respond scheduled__2022-07-19T08:40:00+00:00 [running]> on host 02ffb48252da
[2022-07-19 08:41:08,466] {taskinstance.py:1571} INFO - Exporting the following env vars:
AIRFLOW_CTX_DAG_OWNER=***
AIRFLOW_CTX_DAG_ID=simple_dag
AIRFLOW_CTX_TASK_ID=respond
AIRFLOW_CTX_EXECUTION_DATE=2022-07-19T08:40:00+00:00
AIRFLOW_CTX_TRY_NUMBER=1
AIRFLOW_CTX_DAG_RUN_ID=scheduled__2022-07-19T08:40:00+00:00
[2022-07-19 08:41:08,467] {python.py:173} INFO - Done. Returned value was: Greet Responded Again
[2022-07-19 08:41:08,495] {taskinstance.py:1400} INFO - Marking task as SUCCESS. dag_id=simple_dag, task_id=respond, execution_date=20220719T084000, start_date=20220719T084108, end_date=20220719T084108
[2022-07-19 08:41:08,536] {local_task_job.py:156} INFO - Task exited with return code 0
[2022-07-19 08:41:08,571] {local_task_job.py:273} INFO - 0 downstream tasks scheduled from follow-on schedule check
