[2022-07-19 13:43:44,367] {taskinstance.py:1159} INFO - Dependencies all met for <TaskInstance: simple_dag.respond scheduled__2022-07-19T13:42:00+00:00 [queued]>
[2022-07-19 13:43:44,381] {taskinstance.py:1159} INFO - Dependencies all met for <TaskInstance: simple_dag.respond scheduled__2022-07-19T13:42:00+00:00 [queued]>
[2022-07-19 13:43:44,382] {taskinstance.py:1356} INFO - 
--------------------------------------------------------------------------------
[2022-07-19 13:43:44,382] {taskinstance.py:1357} INFO - Starting attempt 1 of 1
[2022-07-19 13:43:44,384] {taskinstance.py:1358} INFO - 
--------------------------------------------------------------------------------
[2022-07-19 13:43:44,408] {taskinstance.py:1377} INFO - Executing <Task(PythonOperator): respond> on 2022-07-19 13:42:00+00:00
[2022-07-19 13:43:44,414] {standard_task_runner.py:52} INFO - Started process 369 to run task
[2022-07-19 13:43:44,418] {standard_task_runner.py:79} INFO - Running: ['***', 'tasks', 'run', 'simple_dag', 'respond', 'scheduled__2022-07-19T13:42:00+00:00', '--job-id', '776', '--raw', '--subdir', 'DAGS_FOLDER/first_dag.py', '--cfg-path', '/tmp/tmp_in7hj4k', '--error-file', '/tmp/tmpv82w1cea']
[2022-07-19 13:43:44,420] {standard_task_runner.py:80} INFO - Job 776: Subtask respond
[2022-07-19 13:43:44,509] {task_command.py:370} INFO - Running <TaskInstance: simple_dag.respond scheduled__2022-07-19T13:42:00+00:00 [running]> on host 1ead164eba69
[2022-07-19 13:43:44,635] {taskinstance.py:1571} INFO - Exporting the following env vars:
AIRFLOW_CTX_DAG_OWNER=***
AIRFLOW_CTX_DAG_ID=simple_dag
AIRFLOW_CTX_TASK_ID=respond
AIRFLOW_CTX_EXECUTION_DATE=2022-07-19T13:42:00+00:00
AIRFLOW_CTX_TRY_NUMBER=1
AIRFLOW_CTX_DAG_RUN_ID=scheduled__2022-07-19T13:42:00+00:00
[2022-07-19 13:43:50,733] {logging_mixin.py:115} INFO - (2724, 1)
[2022-07-19 13:43:50,746] {python.py:173} INFO - Done. Returned value was: Greet Responded Again
[2022-07-19 13:43:50,873] {taskinstance.py:1400} INFO - Marking task as SUCCESS. dag_id=simple_dag, task_id=respond, execution_date=20220719T134200, start_date=20220719T134344, end_date=20220719T134350
[2022-07-19 13:43:50,910] {local_task_job.py:156} INFO - Task exited with return code 0
[2022-07-19 13:43:50,954] {local_task_job.py:273} INFO - 0 downstream tasks scheduled from follow-on schedule check
