[2022-07-19 12:07:13,741] {taskinstance.py:1159} INFO - Dependencies all met for <TaskInstance: simple_dag.respond scheduled__2022-07-19T12:06:00+00:00 [queued]>
[2022-07-19 12:07:13,752] {taskinstance.py:1159} INFO - Dependencies all met for <TaskInstance: simple_dag.respond scheduled__2022-07-19T12:06:00+00:00 [queued]>
[2022-07-19 12:07:13,753] {taskinstance.py:1356} INFO - 
--------------------------------------------------------------------------------
[2022-07-19 12:07:13,754] {taskinstance.py:1357} INFO - Starting attempt 1 of 1
[2022-07-19 12:07:13,757] {taskinstance.py:1358} INFO - 
--------------------------------------------------------------------------------
[2022-07-19 12:07:13,829] {taskinstance.py:1377} INFO - Executing <Task(PythonOperator): respond> on 2022-07-19 12:06:00+00:00
[2022-07-19 12:07:13,839] {standard_task_runner.py:52} INFO - Started process 13352 to run task
[2022-07-19 12:07:13,844] {standard_task_runner.py:79} INFO - Running: ['***', 'tasks', 'run', 'simple_dag', 'respond', 'scheduled__2022-07-19T12:06:00+00:00', '--job-id', '700', '--raw', '--subdir', 'DAGS_FOLDER/first_dag.py', '--cfg-path', '/tmp/tmpo8vl4qjg', '--error-file', '/tmp/tmpaytb1h32']
[2022-07-19 12:07:13,846] {standard_task_runner.py:80} INFO - Job 700: Subtask respond
[2022-07-19 12:07:13,994] {task_command.py:370} INFO - Running <TaskInstance: simple_dag.respond scheduled__2022-07-19T12:06:00+00:00 [running]> on host 02ffb48252da
[2022-07-19 12:07:14,454] {taskinstance.py:1571} INFO - Exporting the following env vars:
AIRFLOW_CTX_DAG_OWNER=***
AIRFLOW_CTX_DAG_ID=simple_dag
AIRFLOW_CTX_TASK_ID=respond
AIRFLOW_CTX_EXECUTION_DATE=2022-07-19T12:06:00+00:00
AIRFLOW_CTX_TRY_NUMBER=1
AIRFLOW_CTX_DAG_RUN_ID=scheduled__2022-07-19T12:06:00+00:00
[2022-07-19 12:07:26,662] {logging_mixin.py:115} INFO - (2724, 1)
[2022-07-19 12:07:26,678] {python.py:173} INFO - Done. Returned value was: Greet Responded Again
[2022-07-19 12:07:26,855] {taskinstance.py:1400} INFO - Marking task as SUCCESS. dag_id=simple_dag, task_id=respond, execution_date=20220719T120600, start_date=20220719T120713, end_date=20220719T120726
[2022-07-19 12:07:26,899] {local_task_job.py:156} INFO - Task exited with return code 0
[2022-07-19 12:07:26,975] {local_task_job.py:273} INFO - 0 downstream tasks scheduled from follow-on schedule check
