[2022-07-07 10:15:03,633] {taskinstance.py:1159} INFO - Dependencies all met for <TaskInstance: example_bash_operator.runme_1 scheduled__2022-07-06T00:00:00+00:00 [queued]>
[2022-07-07 10:15:03,653] {taskinstance.py:1159} INFO - Dependencies all met for <TaskInstance: example_bash_operator.runme_1 scheduled__2022-07-06T00:00:00+00:00 [queued]>
[2022-07-07 10:15:03,654] {taskinstance.py:1356} INFO - 
--------------------------------------------------------------------------------
[2022-07-07 10:15:03,655] {taskinstance.py:1357} INFO - Starting attempt 1 of 1
[2022-07-07 10:15:03,655] {taskinstance.py:1358} INFO - 
--------------------------------------------------------------------------------
[2022-07-07 10:15:03,687] {taskinstance.py:1377} INFO - Executing <Task(BashOperator): runme_1> on 2022-07-06 00:00:00+00:00
[2022-07-07 10:15:03,694] {standard_task_runner.py:52} INFO - Started process 241 to run task
[2022-07-07 10:15:03,705] {standard_task_runner.py:79} INFO - Running: ['***', 'tasks', 'run', 'example_bash_operator', 'runme_1', 'scheduled__2022-07-06T00:00:00+00:00', '--job-id', '3', '--raw', '--subdir', '/home/***/.local/lib/python3.7/site-packages/***/example_dags/example_bash_operator.py', '--cfg-path', '/tmp/tmpen6gtv1v', '--error-file', '/tmp/tmp6z9gvtgr']
[2022-07-07 10:15:03,706] {standard_task_runner.py:80} INFO - Job 3: Subtask runme_1
[2022-07-07 10:15:03,849] {task_command.py:370} INFO - Running <TaskInstance: example_bash_operator.runme_1 scheduled__2022-07-06T00:00:00+00:00 [running]> on host 7e4975988781
[2022-07-07 10:15:04,069] {taskinstance.py:1571} INFO - Exporting the following env vars:
AIRFLOW_CTX_DAG_OWNER=***
AIRFLOW_CTX_DAG_ID=example_bash_operator
AIRFLOW_CTX_TASK_ID=runme_1
AIRFLOW_CTX_EXECUTION_DATE=2022-07-06T00:00:00+00:00
AIRFLOW_CTX_TRY_NUMBER=1
AIRFLOW_CTX_DAG_RUN_ID=scheduled__2022-07-06T00:00:00+00:00
[2022-07-07 10:15:04,074] {subprocess.py:62} INFO - Tmp dir root location: 
 /tmp
[2022-07-07 10:15:04,075] {subprocess.py:74} INFO - Running command: ['bash', '-c', 'echo "example_bash_operator__runme_1__20220706" && sleep 1']
[2022-07-07 10:15:04,129] {subprocess.py:85} INFO - Output:
[2022-07-07 10:15:04,130] {subprocess.py:92} INFO - example_bash_operator__runme_1__20220706
[2022-07-07 10:15:05,137] {subprocess.py:96} INFO - Command exited with return code 0
[2022-07-07 10:15:05,253] {taskinstance.py:1400} INFO - Marking task as SUCCESS. dag_id=example_bash_operator, task_id=runme_1, execution_date=20220706T000000, start_date=20220707T101503, end_date=20220707T101505
[2022-07-07 10:15:05,328] {local_task_job.py:156} INFO - Task exited with return code 0
[2022-07-07 10:15:05,414] {local_task_job.py:273} INFO - 1 downstream tasks scheduled from follow-on schedule check
