[2022-07-19 21:51:09,719] {taskinstance.py:1159} INFO - Dependencies all met for <TaskInstance: simple_dag.read_data scheduled__2022-07-19T21:49:00+00:00 [queued]>
[2022-07-19 21:51:09,730] {taskinstance.py:1159} INFO - Dependencies all met for <TaskInstance: simple_dag.read_data scheduled__2022-07-19T21:49:00+00:00 [queued]>
[2022-07-19 21:51:09,731] {taskinstance.py:1356} INFO - 
--------------------------------------------------------------------------------
[2022-07-19 21:51:09,731] {taskinstance.py:1357} INFO - Starting attempt 1 of 1
[2022-07-19 21:51:09,732] {taskinstance.py:1358} INFO - 
--------------------------------------------------------------------------------
[2022-07-19 21:51:09,753] {taskinstance.py:1377} INFO - Executing <Task(PythonOperator): read_data> on 2022-07-19 21:49:00+00:00
[2022-07-19 21:51:09,759] {standard_task_runner.py:52} INFO - Started process 195 to run task
[2022-07-19 21:51:09,763] {standard_task_runner.py:79} INFO - Running: ['***', 'tasks', 'run', 'simple_dag', 'read_data', 'scheduled__2022-07-19T21:49:00+00:00', '--job-id', '969', '--raw', '--subdir', 'DAGS_FOLDER/first_dag.py', '--cfg-path', '/tmp/tmpxu1ekagp', '--error-file', '/tmp/tmprxwgq00e']
[2022-07-19 21:51:09,764] {standard_task_runner.py:80} INFO - Job 969: Subtask read_data
[2022-07-19 21:51:09,838] {task_command.py:370} INFO - Running <TaskInstance: simple_dag.read_data scheduled__2022-07-19T21:49:00+00:00 [running]> on host 29459987bc56
[2022-07-19 21:51:09,945] {taskinstance.py:1571} INFO - Exporting the following env vars:
AIRFLOW_CTX_DAG_OWNER=***
AIRFLOW_CTX_DAG_ID=simple_dag
AIRFLOW_CTX_TASK_ID=read_data
AIRFLOW_CTX_EXECUTION_DATE=2022-07-19T21:49:00+00:00
AIRFLOW_CTX_TRY_NUMBER=1
AIRFLOW_CTX_DAG_RUN_ID=scheduled__2022-07-19T21:49:00+00:00
[2022-07-19 21:51:09,955] {python.py:173} INFO - Done. Returned value was: (1, 10)
[2022-07-19 21:51:09,988] {taskinstance.py:1400} INFO - Marking task as SUCCESS. dag_id=simple_dag, task_id=read_data, execution_date=20220719T214900, start_date=20220719T215109, end_date=20220719T215109
[2022-07-19 21:51:10,017] {local_task_job.py:156} INFO - Task exited with return code 0
[2022-07-19 21:51:10,067] {local_task_job.py:273} INFO - 1 downstream tasks scheduled from follow-on schedule check
