[2022-07-19 09:53:10,064] {taskinstance.py:1159} INFO - Dependencies all met for <TaskInstance: simple_dag.respond scheduled__2022-07-19T09:52:00+00:00 [queued]>
[2022-07-19 09:53:10,078] {taskinstance.py:1159} INFO - Dependencies all met for <TaskInstance: simple_dag.respond scheduled__2022-07-19T09:52:00+00:00 [queued]>
[2022-07-19 09:53:10,078] {taskinstance.py:1356} INFO - 
--------------------------------------------------------------------------------
[2022-07-19 09:53:10,079] {taskinstance.py:1357} INFO - Starting attempt 1 of 1
[2022-07-19 09:53:10,081] {taskinstance.py:1358} INFO - 
--------------------------------------------------------------------------------
[2022-07-19 09:53:10,105] {taskinstance.py:1377} INFO - Executing <Task(PythonOperator): respond> on 2022-07-19 09:52:00+00:00
[2022-07-19 09:53:10,115] {standard_task_runner.py:52} INFO - Started process 5988 to run task
[2022-07-19 09:53:10,121] {standard_task_runner.py:79} INFO - Running: ['***', 'tasks', 'run', 'simple_dag', 'respond', 'scheduled__2022-07-19T09:52:00+00:00', '--job-id', '298', '--raw', '--subdir', 'DAGS_FOLDER/first_dag.py', '--cfg-path', '/tmp/tmpnkyunzhp', '--error-file', '/tmp/tmprx26k2k5']
[2022-07-19 09:53:10,123] {standard_task_runner.py:80} INFO - Job 298: Subtask respond
[2022-07-19 09:53:10,256] {task_command.py:370} INFO - Running <TaskInstance: simple_dag.respond scheduled__2022-07-19T09:52:00+00:00 [running]> on host 02ffb48252da
[2022-07-19 09:53:10,389] {taskinstance.py:1571} INFO - Exporting the following env vars:
AIRFLOW_CTX_DAG_OWNER=***
AIRFLOW_CTX_DAG_ID=simple_dag
AIRFLOW_CTX_TASK_ID=respond
AIRFLOW_CTX_EXECUTION_DATE=2022-07-19T09:52:00+00:00
AIRFLOW_CTX_TRY_NUMBER=1
AIRFLOW_CTX_DAG_RUN_ID=scheduled__2022-07-19T09:52:00+00:00
[2022-07-19 09:53:16,931] {logging_mixin.py:115} INFO - (2724, 1)
[2022-07-19 09:53:16,940] {python.py:173} INFO - Done. Returned value was: Greet Responded Again
[2022-07-19 09:53:16,969] {taskinstance.py:1400} INFO - Marking task as SUCCESS. dag_id=simple_dag, task_id=respond, execution_date=20220719T095200, start_date=20220719T095310, end_date=20220719T095316
[2022-07-19 09:53:17,021] {local_task_job.py:156} INFO - Task exited with return code 0
[2022-07-19 09:53:17,049] {local_task_job.py:273} INFO - 0 downstream tasks scheduled from follow-on schedule check
