[2022-07-19 09:30:23,965] {taskinstance.py:1159} INFO - Dependencies all met for <TaskInstance: simple_dag.sleep_me manual__2022-07-19T09:30:20.689478+00:00 [queued]>
[2022-07-19 09:30:23,978] {taskinstance.py:1159} INFO - Dependencies all met for <TaskInstance: simple_dag.sleep_me manual__2022-07-19T09:30:20.689478+00:00 [queued]>
[2022-07-19 09:30:23,978] {taskinstance.py:1356} INFO - 
--------------------------------------------------------------------------------
[2022-07-19 09:30:23,979] {taskinstance.py:1357} INFO - Starting attempt 1 of 1
[2022-07-19 09:30:23,981] {taskinstance.py:1358} INFO - 
--------------------------------------------------------------------------------
[2022-07-19 09:30:24,003] {taskinstance.py:1377} INFO - Executing <Task(BashOperator): sleep_me> on 2022-07-19 09:30:20.689478+00:00
[2022-07-19 09:30:24,009] {standard_task_runner.py:52} INFO - Started process 4656 to run task
[2022-07-19 09:30:24,014] {standard_task_runner.py:79} INFO - Running: ['***', 'tasks', 'run', 'simple_dag', 'sleep_me', 'manual__2022-07-19T09:30:20.689478+00:00', '--job-id', '222', '--raw', '--subdir', 'DAGS_FOLDER/first_dag.py', '--cfg-path', '/tmp/tmp08ha5jle', '--error-file', '/tmp/tmp1qbr6syc']
[2022-07-19 09:30:24,016] {standard_task_runner.py:80} INFO - Job 222: Subtask sleep_me
[2022-07-19 09:30:24,096] {task_command.py:370} INFO - Running <TaskInstance: simple_dag.sleep_me manual__2022-07-19T09:30:20.689478+00:00 [running]> on host 02ffb48252da
[2022-07-19 09:30:24,212] {taskinstance.py:1571} INFO - Exporting the following env vars:
AIRFLOW_CTX_DAG_OWNER=***
AIRFLOW_CTX_DAG_ID=simple_dag
AIRFLOW_CTX_TASK_ID=sleep_me
AIRFLOW_CTX_EXECUTION_DATE=2022-07-19T09:30:20.689478+00:00
AIRFLOW_CTX_TRY_NUMBER=1
AIRFLOW_CTX_DAG_RUN_ID=manual__2022-07-19T09:30:20.689478+00:00
[2022-07-19 09:30:24,215] {subprocess.py:62} INFO - Tmp dir root location: 
 /tmp
[2022-07-19 09:30:24,216] {subprocess.py:74} INFO - Running command: ['bash', '-c', 'sleep 5']
[2022-07-19 09:30:24,233] {subprocess.py:85} INFO - Output:
[2022-07-19 09:30:29,241] {subprocess.py:96} INFO - Command exited with return code 0
[2022-07-19 09:30:29,286] {taskinstance.py:1400} INFO - Marking task as SUCCESS. dag_id=simple_dag, task_id=sleep_me, execution_date=20220719T093020, start_date=20220719T093023, end_date=20220719T093029
[2022-07-19 09:30:29,331] {local_task_job.py:156} INFO - Task exited with return code 0
[2022-07-19 09:30:29,367] {local_task_job.py:273} INFO - 1 downstream tasks scheduled from follow-on schedule check
