[2022-07-19 13:44:02,298] {taskinstance.py:1159} INFO - Dependencies all met for <TaskInstance: simple_dag.sleep_me scheduled__2022-07-19T13:43:00+00:00 [queued]>
[2022-07-19 13:44:02,323] {taskinstance.py:1159} INFO - Dependencies all met for <TaskInstance: simple_dag.sleep_me scheduled__2022-07-19T13:43:00+00:00 [queued]>
[2022-07-19 13:44:02,323] {taskinstance.py:1356} INFO - 
--------------------------------------------------------------------------------
[2022-07-19 13:44:02,324] {taskinstance.py:1357} INFO - Starting attempt 1 of 1
[2022-07-19 13:44:02,326] {taskinstance.py:1358} INFO - 
--------------------------------------------------------------------------------
[2022-07-19 13:44:02,355] {taskinstance.py:1377} INFO - Executing <Task(BashOperator): sleep_me> on 2022-07-19 13:43:00+00:00
[2022-07-19 13:44:02,361] {standard_task_runner.py:52} INFO - Started process 396 to run task
[2022-07-19 13:44:02,364] {standard_task_runner.py:79} INFO - Running: ['***', 'tasks', 'run', 'simple_dag', 'sleep_me', 'scheduled__2022-07-19T13:43:00+00:00', '--job-id', '778', '--raw', '--subdir', 'DAGS_FOLDER/first_dag.py', '--cfg-path', '/tmp/tmpq238fcuh', '--error-file', '/tmp/tmpry6cmp1g']
[2022-07-19 13:44:02,365] {standard_task_runner.py:80} INFO - Job 778: Subtask sleep_me
[2022-07-19 13:44:02,436] {task_command.py:370} INFO - Running <TaskInstance: simple_dag.sleep_me scheduled__2022-07-19T13:43:00+00:00 [running]> on host 1ead164eba69
[2022-07-19 13:44:02,539] {taskinstance.py:1571} INFO - Exporting the following env vars:
AIRFLOW_CTX_DAG_OWNER=***
AIRFLOW_CTX_DAG_ID=simple_dag
AIRFLOW_CTX_TASK_ID=sleep_me
AIRFLOW_CTX_EXECUTION_DATE=2022-07-19T13:43:00+00:00
AIRFLOW_CTX_TRY_NUMBER=1
AIRFLOW_CTX_DAG_RUN_ID=scheduled__2022-07-19T13:43:00+00:00
[2022-07-19 13:44:02,540] {subprocess.py:62} INFO - Tmp dir root location: 
 /tmp
[2022-07-19 13:44:02,541] {subprocess.py:74} INFO - Running command: ['bash', '-c', 'sleep 5']
[2022-07-19 13:44:02,553] {subprocess.py:85} INFO - Output:
[2022-07-19 13:44:07,557] {subprocess.py:96} INFO - Command exited with return code 0
[2022-07-19 13:44:07,630] {taskinstance.py:1400} INFO - Marking task as SUCCESS. dag_id=simple_dag, task_id=sleep_me, execution_date=20220719T134300, start_date=20220719T134402, end_date=20220719T134407
[2022-07-19 13:44:07,663] {local_task_job.py:156} INFO - Task exited with return code 0
[2022-07-19 13:44:07,707] {local_task_job.py:273} INFO - 1 downstream tasks scheduled from follow-on schedule check
