[2022-07-19 10:00:02,799] {taskinstance.py:1159} INFO - Dependencies all met for <TaskInstance: simple_dag.sleep_me scheduled__2022-07-19T09:59:00+00:00 [queued]>
[2022-07-19 10:00:02,817] {taskinstance.py:1159} INFO - Dependencies all met for <TaskInstance: simple_dag.sleep_me scheduled__2022-07-19T09:59:00+00:00 [queued]>
[2022-07-19 10:00:02,817] {taskinstance.py:1356} INFO - 
--------------------------------------------------------------------------------
[2022-07-19 10:00:02,818] {taskinstance.py:1357} INFO - Starting attempt 1 of 1
[2022-07-19 10:00:02,819] {taskinstance.py:1358} INFO - 
--------------------------------------------------------------------------------
[2022-07-19 10:00:02,852] {taskinstance.py:1377} INFO - Executing <Task(BashOperator): sleep_me> on 2022-07-19 09:59:00+00:00
[2022-07-19 10:00:02,859] {standard_task_runner.py:52} INFO - Started process 6380 to run task
[2022-07-19 10:00:02,864] {standard_task_runner.py:79} INFO - Running: ['***', 'tasks', 'run', 'simple_dag', 'sleep_me', 'scheduled__2022-07-19T09:59:00+00:00', '--job-id', '318', '--raw', '--subdir', 'DAGS_FOLDER/first_dag.py', '--cfg-path', '/tmp/tmpxy3_hdhp', '--error-file', '/tmp/tmpj6vh1uqs']
[2022-07-19 10:00:02,865] {standard_task_runner.py:80} INFO - Job 318: Subtask sleep_me
[2022-07-19 10:00:02,957] {task_command.py:370} INFO - Running <TaskInstance: simple_dag.sleep_me scheduled__2022-07-19T09:59:00+00:00 [running]> on host 02ffb48252da
[2022-07-19 10:00:03,093] {taskinstance.py:1571} INFO - Exporting the following env vars:
AIRFLOW_CTX_DAG_OWNER=***
AIRFLOW_CTX_DAG_ID=simple_dag
AIRFLOW_CTX_TASK_ID=sleep_me
AIRFLOW_CTX_EXECUTION_DATE=2022-07-19T09:59:00+00:00
AIRFLOW_CTX_TRY_NUMBER=1
AIRFLOW_CTX_DAG_RUN_ID=scheduled__2022-07-19T09:59:00+00:00
[2022-07-19 10:00:03,096] {subprocess.py:62} INFO - Tmp dir root location: 
 /tmp
[2022-07-19 10:00:03,097] {subprocess.py:74} INFO - Running command: ['bash', '-c', 'sleep 5']
[2022-07-19 10:00:03,112] {subprocess.py:85} INFO - Output:
[2022-07-19 10:00:08,117] {subprocess.py:96} INFO - Command exited with return code 0
[2022-07-19 10:00:08,250] {taskinstance.py:1400} INFO - Marking task as SUCCESS. dag_id=simple_dag, task_id=sleep_me, execution_date=20220719T095900, start_date=20220719T100002, end_date=20220719T100008
[2022-07-19 10:00:08,307] {local_task_job.py:156} INFO - Task exited with return code 0
[2022-07-19 10:00:08,409] {local_task_job.py:273} INFO - 1 downstream tasks scheduled from follow-on schedule check
