[2022-07-19 10:57:14,046] {taskinstance.py:1159} INFO - Dependencies all met for <TaskInstance: simple_dag.respond scheduled__2022-07-19T10:56:00+00:00 [queued]>
[2022-07-19 10:57:14,078] {taskinstance.py:1159} INFO - Dependencies all met for <TaskInstance: simple_dag.respond scheduled__2022-07-19T10:56:00+00:00 [queued]>
[2022-07-19 10:57:14,079] {taskinstance.py:1356} INFO - 
--------------------------------------------------------------------------------
[2022-07-19 10:57:14,079] {taskinstance.py:1357} INFO - Starting attempt 1 of 1
[2022-07-19 10:57:14,080] {taskinstance.py:1358} INFO - 
--------------------------------------------------------------------------------
[2022-07-19 10:57:14,147] {taskinstance.py:1377} INFO - Executing <Task(PythonOperator): respond> on 2022-07-19 10:56:00+00:00
[2022-07-19 10:57:14,160] {standard_task_runner.py:52} INFO - Started process 9561 to run task
[2022-07-19 10:57:14,168] {standard_task_runner.py:79} INFO - Running: ['***', 'tasks', 'run', 'simple_dag', 'respond', 'scheduled__2022-07-19T10:56:00+00:00', '--job-id', '490', '--raw', '--subdir', 'DAGS_FOLDER/first_dag.py', '--cfg-path', '/tmp/tmp2pg7nu56', '--error-file', '/tmp/tmpbwngq947']
[2022-07-19 10:57:14,171] {standard_task_runner.py:80} INFO - Job 490: Subtask respond
[2022-07-19 10:57:14,277] {task_command.py:370} INFO - Running <TaskInstance: simple_dag.respond scheduled__2022-07-19T10:56:00+00:00 [running]> on host 02ffb48252da
[2022-07-19 10:57:14,410] {taskinstance.py:1571} INFO - Exporting the following env vars:
AIRFLOW_CTX_DAG_OWNER=***
AIRFLOW_CTX_DAG_ID=simple_dag
AIRFLOW_CTX_TASK_ID=respond
AIRFLOW_CTX_EXECUTION_DATE=2022-07-19T10:56:00+00:00
AIRFLOW_CTX_TRY_NUMBER=1
AIRFLOW_CTX_DAG_RUN_ID=scheduled__2022-07-19T10:56:00+00:00
[2022-07-19 10:57:23,642] {logging_mixin.py:115} INFO - (2724, 1)
[2022-07-19 10:57:23,656] {python.py:173} INFO - Done. Returned value was: Greet Responded Again
[2022-07-19 10:57:23,698] {taskinstance.py:1400} INFO - Marking task as SUCCESS. dag_id=simple_dag, task_id=respond, execution_date=20220719T105600, start_date=20220719T105714, end_date=20220719T105723
[2022-07-19 10:57:23,747] {local_task_job.py:156} INFO - Task exited with return code 0
[2022-07-19 10:57:23,811] {local_task_job.py:273} INFO - 0 downstream tasks scheduled from follow-on schedule check
