[2022-07-19 21:02:02,052] {taskinstance.py:1159} INFO - Dependencies all met for <TaskInstance: simple_dag.read_data scheduled__2022-07-19T21:01:00+00:00 [queued]>
[2022-07-19 21:02:02,069] {taskinstance.py:1159} INFO - Dependencies all met for <TaskInstance: simple_dag.read_data scheduled__2022-07-19T21:01:00+00:00 [queued]>
[2022-07-19 21:02:02,070] {taskinstance.py:1356} INFO - 
--------------------------------------------------------------------------------
[2022-07-19 21:02:02,070] {taskinstance.py:1357} INFO - Starting attempt 1 of 1
[2022-07-19 21:02:02,071] {taskinstance.py:1358} INFO - 
--------------------------------------------------------------------------------
[2022-07-19 21:02:02,107] {taskinstance.py:1377} INFO - Executing <Task(PythonOperator): read_data> on 2022-07-19 21:01:00+00:00
[2022-07-19 21:02:02,119] {standard_task_runner.py:52} INFO - Started process 1353 to run task
[2022-07-19 21:02:02,132] {standard_task_runner.py:79} INFO - Running: ['***', 'tasks', 'run', 'simple_dag', 'read_data', 'scheduled__2022-07-19T21:01:00+00:00', '--job-id', '827', '--raw', '--subdir', 'DAGS_FOLDER/first_dag.py', '--cfg-path', '/tmp/tmpfpxdz2lu', '--error-file', '/tmp/tmpy51yfety']
[2022-07-19 21:02:02,136] {standard_task_runner.py:80} INFO - Job 827: Subtask read_data
[2022-07-19 21:02:02,372] {task_command.py:370} INFO - Running <TaskInstance: simple_dag.read_data scheduled__2022-07-19T21:01:00+00:00 [running]> on host bc1c26dbd036
[2022-07-19 21:02:02,557] {taskinstance.py:1571} INFO - Exporting the following env vars:
AIRFLOW_CTX_DAG_OWNER=***
AIRFLOW_CTX_DAG_ID=simple_dag
AIRFLOW_CTX_TASK_ID=read_data
AIRFLOW_CTX_EXECUTION_DATE=2022-07-19T21:01:00+00:00
AIRFLOW_CTX_TRY_NUMBER=1
AIRFLOW_CTX_DAG_RUN_ID=scheduled__2022-07-19T21:01:00+00:00
[2022-07-19 21:02:04,627] {python.py:173} INFO - Done. Returned value was: (922, 1)
[2022-07-19 21:02:04,805] {taskinstance.py:1400} INFO - Marking task as SUCCESS. dag_id=simple_dag, task_id=read_data, execution_date=20220719T210100, start_date=20220719T210202, end_date=20220719T210204
[2022-07-19 21:02:04,877] {local_task_job.py:156} INFO - Task exited with return code 0
[2022-07-19 21:02:04,956] {local_task_job.py:273} INFO - 1 downstream tasks scheduled from follow-on schedule check
