[2022-07-19 21:17:02,342] {taskinstance.py:1159} INFO - Dependencies all met for <TaskInstance: simple_dag.read_data scheduled__2022-07-19T21:16:00+00:00 [queued]>
[2022-07-19 21:17:02,364] {taskinstance.py:1159} INFO - Dependencies all met for <TaskInstance: simple_dag.read_data scheduled__2022-07-19T21:16:00+00:00 [queued]>
[2022-07-19 21:17:02,365] {taskinstance.py:1356} INFO - 
--------------------------------------------------------------------------------
[2022-07-19 21:17:02,366] {taskinstance.py:1357} INFO - Starting attempt 1 of 1
[2022-07-19 21:17:02,455] {taskinstance.py:1358} INFO - 
--------------------------------------------------------------------------------
[2022-07-19 21:17:02,520] {taskinstance.py:1377} INFO - Executing <Task(PythonOperator): read_data> on 2022-07-19 21:16:00+00:00
[2022-07-19 21:17:02,534] {standard_task_runner.py:52} INFO - Started process 7237 to run task
[2022-07-19 21:17:02,547] {standard_task_runner.py:79} INFO - Running: ['***', 'tasks', 'run', 'simple_dag', 'read_data', 'scheduled__2022-07-19T21:16:00+00:00', '--job-id', '857', '--raw', '--subdir', 'DAGS_FOLDER/first_dag.py', '--cfg-path', '/tmp/tmpvwd32b6x', '--error-file', '/tmp/tmpte9eoue0']
[2022-07-19 21:17:02,551] {standard_task_runner.py:80} INFO - Job 857: Subtask read_data
[2022-07-19 21:17:02,865] {task_command.py:370} INFO - Running <TaskInstance: simple_dag.read_data scheduled__2022-07-19T21:16:00+00:00 [running]> on host bc1c26dbd036
[2022-07-19 21:17:03,098] {taskinstance.py:1571} INFO - Exporting the following env vars:
AIRFLOW_CTX_DAG_OWNER=***
AIRFLOW_CTX_DAG_ID=simple_dag
AIRFLOW_CTX_TASK_ID=read_data
AIRFLOW_CTX_EXECUTION_DATE=2022-07-19T21:16:00+00:00
AIRFLOW_CTX_TRY_NUMBER=1
AIRFLOW_CTX_DAG_RUN_ID=scheduled__2022-07-19T21:16:00+00:00
[2022-07-19 21:17:04,826] {python.py:173} INFO - Done. Returned value was: (922, 1)
[2022-07-19 21:17:04,960] {taskinstance.py:1400} INFO - Marking task as SUCCESS. dag_id=simple_dag, task_id=read_data, execution_date=20220719T211600, start_date=20220719T211702, end_date=20220719T211704
[2022-07-19 21:17:05,010] {local_task_job.py:156} INFO - Task exited with return code 0
[2022-07-19 21:17:05,085] {local_task_job.py:273} INFO - 1 downstream tasks scheduled from follow-on schedule check
