[2022-07-19 06:46:04,364] {taskinstance.py:1159} INFO - Dependencies all met for <TaskInstance: example_bash_operator.runme_2 scheduled__2022-07-18T00:00:00+00:00 [queued]>
[2022-07-19 06:46:04,374] {taskinstance.py:1159} INFO - Dependencies all met for <TaskInstance: example_bash_operator.runme_2 scheduled__2022-07-18T00:00:00+00:00 [queued]>
[2022-07-19 06:46:04,374] {taskinstance.py:1356} INFO - 
--------------------------------------------------------------------------------
[2022-07-19 06:46:04,375] {taskinstance.py:1357} INFO - Starting attempt 1 of 1
[2022-07-19 06:46:04,375] {taskinstance.py:1358} INFO - 
--------------------------------------------------------------------------------
[2022-07-19 06:46:04,398] {taskinstance.py:1377} INFO - Executing <Task(BashOperator): runme_2> on 2022-07-18 00:00:00+00:00
[2022-07-19 06:46:04,403] {standard_task_runner.py:52} INFO - Started process 220 to run task
[2022-07-19 06:46:04,408] {standard_task_runner.py:79} INFO - Running: ['***', 'tasks', 'run', 'example_bash_operator', 'runme_2', 'scheduled__2022-07-18T00:00:00+00:00', '--job-id', '17', '--raw', '--subdir', '/home/***/.local/lib/python3.7/site-packages/***/example_dags/example_bash_operator.py', '--cfg-path', '/tmp/tmpcj5hu51t', '--error-file', '/tmp/tmpqh2u8cl9']
[2022-07-19 06:46:04,409] {standard_task_runner.py:80} INFO - Job 17: Subtask runme_2
[2022-07-19 06:46:04,497] {task_command.py:370} INFO - Running <TaskInstance: example_bash_operator.runme_2 scheduled__2022-07-18T00:00:00+00:00 [running]> on host 6fab1d40a0c4
[2022-07-19 06:46:04,618] {taskinstance.py:1571} INFO - Exporting the following env vars:
AIRFLOW_CTX_DAG_OWNER=***
AIRFLOW_CTX_DAG_ID=example_bash_operator
AIRFLOW_CTX_TASK_ID=runme_2
AIRFLOW_CTX_EXECUTION_DATE=2022-07-18T00:00:00+00:00
AIRFLOW_CTX_TRY_NUMBER=1
AIRFLOW_CTX_DAG_RUN_ID=scheduled__2022-07-18T00:00:00+00:00
[2022-07-19 06:46:04,620] {subprocess.py:62} INFO - Tmp dir root location: 
 /tmp
[2022-07-19 06:46:04,621] {subprocess.py:74} INFO - Running command: ['bash', '-c', 'echo "example_bash_operator__runme_2__20220718" && sleep 1']
[2022-07-19 06:46:04,631] {subprocess.py:85} INFO - Output:
[2022-07-19 06:46:04,634] {subprocess.py:92} INFO - example_bash_operator__runme_2__20220718
[2022-07-19 06:46:05,636] {subprocess.py:96} INFO - Command exited with return code 0
[2022-07-19 06:46:05,721] {taskinstance.py:1400} INFO - Marking task as SUCCESS. dag_id=example_bash_operator, task_id=runme_2, execution_date=20220718T000000, start_date=20220719T064604, end_date=20220719T064605
[2022-07-19 06:46:05,787] {local_task_job.py:156} INFO - Task exited with return code 0
[2022-07-19 06:46:05,833] {local_task_job.py:273} INFO - 0 downstream tasks scheduled from follow-on schedule check
