[2022-07-19 21:10:01,990] {taskinstance.py:1159} INFO - Dependencies all met for <TaskInstance: simple_dag.read_data scheduled__2022-07-19T21:09:00+00:00 [queued]>
[2022-07-19 21:10:02,017] {taskinstance.py:1159} INFO - Dependencies all met for <TaskInstance: simple_dag.read_data scheduled__2022-07-19T21:09:00+00:00 [queued]>
[2022-07-19 21:10:02,018] {taskinstance.py:1356} INFO - 
--------------------------------------------------------------------------------
[2022-07-19 21:10:02,018] {taskinstance.py:1357} INFO - Starting attempt 1 of 1
[2022-07-19 21:10:02,021] {taskinstance.py:1358} INFO - 
--------------------------------------------------------------------------------
[2022-07-19 21:10:02,052] {taskinstance.py:1377} INFO - Executing <Task(PythonOperator): read_data> on 2022-07-19 21:09:00+00:00
[2022-07-19 21:10:02,058] {standard_task_runner.py:52} INFO - Started process 4426 to run task
[2022-07-19 21:10:02,063] {standard_task_runner.py:79} INFO - Running: ['***', 'tasks', 'run', 'simple_dag', 'read_data', 'scheduled__2022-07-19T21:09:00+00:00', '--job-id', '843', '--raw', '--subdir', 'DAGS_FOLDER/first_dag.py', '--cfg-path', '/tmp/tmp7pdiu4es', '--error-file', '/tmp/tmpl5pic1ax']
[2022-07-19 21:10:02,065] {standard_task_runner.py:80} INFO - Job 843: Subtask read_data
[2022-07-19 21:10:02,271] {task_command.py:370} INFO - Running <TaskInstance: simple_dag.read_data scheduled__2022-07-19T21:09:00+00:00 [running]> on host bc1c26dbd036
[2022-07-19 21:10:02,695] {taskinstance.py:1571} INFO - Exporting the following env vars:
AIRFLOW_CTX_DAG_OWNER=***
AIRFLOW_CTX_DAG_ID=simple_dag
AIRFLOW_CTX_TASK_ID=read_data
AIRFLOW_CTX_EXECUTION_DATE=2022-07-19T21:09:00+00:00
AIRFLOW_CTX_TRY_NUMBER=1
AIRFLOW_CTX_DAG_RUN_ID=scheduled__2022-07-19T21:09:00+00:00
[2022-07-19 21:10:04,707] {python.py:173} INFO - Done. Returned value was: (922, 1)
[2022-07-19 21:10:04,838] {taskinstance.py:1400} INFO - Marking task as SUCCESS. dag_id=simple_dag, task_id=read_data, execution_date=20220719T210900, start_date=20220719T211001, end_date=20220719T211004
[2022-07-19 21:10:04,890] {local_task_job.py:156} INFO - Task exited with return code 0
[2022-07-19 21:10:04,975] {local_task_job.py:273} INFO - 1 downstream tasks scheduled from follow-on schedule check
