[2022-07-19 11:44:12,879] {taskinstance.py:1159} INFO - Dependencies all met for <TaskInstance: simple_dag.respond scheduled__2022-07-19T11:43:00+00:00 [queued]>
[2022-07-19 11:44:12,900] {taskinstance.py:1159} INFO - Dependencies all met for <TaskInstance: simple_dag.respond scheduled__2022-07-19T11:43:00+00:00 [queued]>
[2022-07-19 11:44:12,901] {taskinstance.py:1356} INFO - 
--------------------------------------------------------------------------------
[2022-07-19 11:44:12,902] {taskinstance.py:1357} INFO - Starting attempt 1 of 1
[2022-07-19 11:44:12,904] {taskinstance.py:1358} INFO - 
--------------------------------------------------------------------------------
[2022-07-19 11:44:12,943] {taskinstance.py:1377} INFO - Executing <Task(PythonOperator): respond> on 2022-07-19 11:43:00+00:00
[2022-07-19 11:44:12,952] {standard_task_runner.py:52} INFO - Started process 12136 to run task
[2022-07-19 11:44:12,959] {standard_task_runner.py:79} INFO - Running: ['***', 'tasks', 'run', 'simple_dag', 'respond', 'scheduled__2022-07-19T11:43:00+00:00', '--job-id', '631', '--raw', '--subdir', 'DAGS_FOLDER/first_dag.py', '--cfg-path', '/tmp/tmpl2wruimw', '--error-file', '/tmp/tmpvggp0z1c']
[2022-07-19 11:44:12,962] {standard_task_runner.py:80} INFO - Job 631: Subtask respond
[2022-07-19 11:44:13,154] {task_command.py:370} INFO - Running <TaskInstance: simple_dag.respond scheduled__2022-07-19T11:43:00+00:00 [running]> on host 02ffb48252da
[2022-07-19 11:44:13,404] {taskinstance.py:1571} INFO - Exporting the following env vars:
AIRFLOW_CTX_DAG_OWNER=***
AIRFLOW_CTX_DAG_ID=simple_dag
AIRFLOW_CTX_TASK_ID=respond
AIRFLOW_CTX_EXECUTION_DATE=2022-07-19T11:43:00+00:00
AIRFLOW_CTX_TRY_NUMBER=1
AIRFLOW_CTX_DAG_RUN_ID=scheduled__2022-07-19T11:43:00+00:00
[2022-07-19 11:44:22,841] {logging_mixin.py:115} INFO - (2724, 1)
[2022-07-19 11:44:22,849] {python.py:173} INFO - Done. Returned value was: Greet Responded Again
[2022-07-19 11:44:22,966] {taskinstance.py:1400} INFO - Marking task as SUCCESS. dag_id=simple_dag, task_id=respond, execution_date=20220719T114300, start_date=20220719T114412, end_date=20220719T114422
[2022-07-19 11:44:23,085] {local_task_job.py:156} INFO - Task exited with return code 0
[2022-07-19 11:44:23,194] {local_task_job.py:273} INFO - 0 downstream tasks scheduled from follow-on schedule check
