[2022-07-19 10:32:01,630] {taskinstance.py:1159} INFO - Dependencies all met for <TaskInstance: simple_dag.say_hi scheduled__2022-07-19T10:31:00+00:00 [queued]>
[2022-07-19 10:32:01,642] {taskinstance.py:1159} INFO - Dependencies all met for <TaskInstance: simple_dag.say_hi scheduled__2022-07-19T10:31:00+00:00 [queued]>
[2022-07-19 10:32:01,643] {taskinstance.py:1356} INFO - 
--------------------------------------------------------------------------------
[2022-07-19 10:32:01,643] {taskinstance.py:1357} INFO - Starting attempt 1 of 1
[2022-07-19 10:32:01,644] {taskinstance.py:1358} INFO - 
--------------------------------------------------------------------------------
[2022-07-19 10:32:01,668] {taskinstance.py:1377} INFO - Executing <Task(BashOperator): say_hi> on 2022-07-19 10:31:00+00:00
[2022-07-19 10:32:01,674] {standard_task_runner.py:52} INFO - Started process 8187 to run task
[2022-07-19 10:32:01,679] {standard_task_runner.py:79} INFO - Running: ['***', 'tasks', 'run', 'simple_dag', 'say_hi', 'scheduled__2022-07-19T10:31:00+00:00', '--job-id', '413', '--raw', '--subdir', 'DAGS_FOLDER/first_dag.py', '--cfg-path', '/tmp/tmpb40gmn1b', '--error-file', '/tmp/tmp45k6yc3z']
[2022-07-19 10:32:01,680] {standard_task_runner.py:80} INFO - Job 413: Subtask say_hi
[2022-07-19 10:32:01,758] {task_command.py:370} INFO - Running <TaskInstance: simple_dag.say_hi scheduled__2022-07-19T10:31:00+00:00 [running]> on host 02ffb48252da
[2022-07-19 10:32:01,903] {taskinstance.py:1571} INFO - Exporting the following env vars:
AIRFLOW_CTX_DAG_OWNER=***
AIRFLOW_CTX_DAG_ID=simple_dag
AIRFLOW_CTX_TASK_ID=say_hi
AIRFLOW_CTX_EXECUTION_DATE=2022-07-19T10:31:00+00:00
AIRFLOW_CTX_TRY_NUMBER=1
AIRFLOW_CTX_DAG_RUN_ID=scheduled__2022-07-19T10:31:00+00:00
[2022-07-19 10:32:01,906] {subprocess.py:62} INFO - Tmp dir root location: 
 /tmp
[2022-07-19 10:32:01,907] {subprocess.py:74} INFO - Running command: ['bash', '-c', 'echo "Hi!!"']
[2022-07-19 10:32:01,925] {subprocess.py:85} INFO - Output:
[2022-07-19 10:32:01,928] {subprocess.py:92} INFO - Hi!!
[2022-07-19 10:32:01,929] {subprocess.py:96} INFO - Command exited with return code 0
[2022-07-19 10:32:01,995] {taskinstance.py:1400} INFO - Marking task as SUCCESS. dag_id=simple_dag, task_id=say_hi, execution_date=20220719T103100, start_date=20220719T103201, end_date=20220719T103201
[2022-07-19 10:32:02,052] {local_task_job.py:156} INFO - Task exited with return code 0
[2022-07-19 10:32:02,133] {local_task_job.py:273} INFO - 1 downstream tasks scheduled from follow-on schedule check
