[2022-07-19 21:18:01,909] {taskinstance.py:1159} INFO - Dependencies all met for <TaskInstance: simple_dag.read_data scheduled__2022-07-19T21:17:00+00:00 [queued]>
[2022-07-19 21:18:01,921] {taskinstance.py:1159} INFO - Dependencies all met for <TaskInstance: simple_dag.read_data scheduled__2022-07-19T21:17:00+00:00 [queued]>
[2022-07-19 21:18:01,922] {taskinstance.py:1356} INFO - 
--------------------------------------------------------------------------------
[2022-07-19 21:18:01,922] {taskinstance.py:1357} INFO - Starting attempt 1 of 1
[2022-07-19 21:18:01,923] {taskinstance.py:1358} INFO - 
--------------------------------------------------------------------------------
[2022-07-19 21:18:01,949] {taskinstance.py:1377} INFO - Executing <Task(PythonOperator): read_data> on 2022-07-19 21:17:00+00:00
[2022-07-19 21:18:01,956] {standard_task_runner.py:52} INFO - Started process 7641 to run task
[2022-07-19 21:18:01,960] {standard_task_runner.py:79} INFO - Running: ['***', 'tasks', 'run', 'simple_dag', 'read_data', 'scheduled__2022-07-19T21:17:00+00:00', '--job-id', '859', '--raw', '--subdir', 'DAGS_FOLDER/first_dag.py', '--cfg-path', '/tmp/tmpuudfib1a', '--error-file', '/tmp/tmp7wemvxmj']
[2022-07-19 21:18:01,961] {standard_task_runner.py:80} INFO - Job 859: Subtask read_data
[2022-07-19 21:18:02,051] {task_command.py:370} INFO - Running <TaskInstance: simple_dag.read_data scheduled__2022-07-19T21:17:00+00:00 [running]> on host bc1c26dbd036
[2022-07-19 21:18:02,150] {taskinstance.py:1571} INFO - Exporting the following env vars:
AIRFLOW_CTX_DAG_OWNER=***
AIRFLOW_CTX_DAG_ID=simple_dag
AIRFLOW_CTX_TASK_ID=read_data
AIRFLOW_CTX_EXECUTION_DATE=2022-07-19T21:17:00+00:00
AIRFLOW_CTX_TRY_NUMBER=1
AIRFLOW_CTX_DAG_RUN_ID=scheduled__2022-07-19T21:17:00+00:00
[2022-07-19 21:18:03,977] {python.py:173} INFO - Done. Returned value was: (922, 1)
[2022-07-19 21:18:04,108] {taskinstance.py:1400} INFO - Marking task as SUCCESS. dag_id=simple_dag, task_id=read_data, execution_date=20220719T211700, start_date=20220719T211801, end_date=20220719T211804
[2022-07-19 21:18:04,182] {local_task_job.py:156} INFO - Task exited with return code 0
[2022-07-19 21:18:04,268] {local_task_job.py:273} INFO - 1 downstream tasks scheduled from follow-on schedule check
