[2022-07-19 11:29:10,906] {taskinstance.py:1159} INFO - Dependencies all met for <TaskInstance: simple_dag.respond scheduled__2022-07-19T11:28:00+00:00 [queued]>
[2022-07-19 11:29:10,918] {taskinstance.py:1159} INFO - Dependencies all met for <TaskInstance: simple_dag.respond scheduled__2022-07-19T11:28:00+00:00 [queued]>
[2022-07-19 11:29:10,919] {taskinstance.py:1356} INFO - 
--------------------------------------------------------------------------------
[2022-07-19 11:29:10,919] {taskinstance.py:1357} INFO - Starting attempt 1 of 1
[2022-07-19 11:29:10,920] {taskinstance.py:1358} INFO - 
--------------------------------------------------------------------------------
[2022-07-19 11:29:10,941] {taskinstance.py:1377} INFO - Executing <Task(PythonOperator): respond> on 2022-07-19 11:28:00+00:00
[2022-07-19 11:29:10,947] {standard_task_runner.py:52} INFO - Started process 11301 to run task
[2022-07-19 11:29:10,951] {standard_task_runner.py:79} INFO - Running: ['***', 'tasks', 'run', 'simple_dag', 'respond', 'scheduled__2022-07-19T11:28:00+00:00', '--job-id', '586', '--raw', '--subdir', 'DAGS_FOLDER/first_dag.py', '--cfg-path', '/tmp/tmprbwp5dj6', '--error-file', '/tmp/tmp5h7vfoul']
[2022-07-19 11:29:10,953] {standard_task_runner.py:80} INFO - Job 586: Subtask respond
[2022-07-19 11:29:11,047] {task_command.py:370} INFO - Running <TaskInstance: simple_dag.respond scheduled__2022-07-19T11:28:00+00:00 [running]> on host 02ffb48252da
[2022-07-19 11:29:11,170] {taskinstance.py:1571} INFO - Exporting the following env vars:
AIRFLOW_CTX_DAG_OWNER=***
AIRFLOW_CTX_DAG_ID=simple_dag
AIRFLOW_CTX_TASK_ID=respond
AIRFLOW_CTX_EXECUTION_DATE=2022-07-19T11:28:00+00:00
AIRFLOW_CTX_TRY_NUMBER=1
AIRFLOW_CTX_DAG_RUN_ID=scheduled__2022-07-19T11:28:00+00:00
[2022-07-19 11:29:20,194] {logging_mixin.py:115} INFO - (2724, 1)
[2022-07-19 11:29:20,209] {python.py:173} INFO - Done. Returned value was: Greet Responded Again
[2022-07-19 11:29:20,255] {taskinstance.py:1400} INFO - Marking task as SUCCESS. dag_id=simple_dag, task_id=respond, execution_date=20220719T112800, start_date=20220719T112910, end_date=20220719T112920
[2022-07-19 11:29:20,307] {local_task_job.py:156} INFO - Task exited with return code 0
[2022-07-19 11:29:20,350] {local_task_job.py:273} INFO - 0 downstream tasks scheduled from follow-on schedule check
