[2022-07-19 11:14:03,569] {taskinstance.py:1159} INFO - Dependencies all met for <TaskInstance: simple_dag.sleep_me scheduled__2022-07-19T11:13:00+00:00 [queued]>
[2022-07-19 11:14:03,587] {taskinstance.py:1159} INFO - Dependencies all met for <TaskInstance: simple_dag.sleep_me scheduled__2022-07-19T11:13:00+00:00 [queued]>
[2022-07-19 11:14:03,588] {taskinstance.py:1356} INFO - 
--------------------------------------------------------------------------------
[2022-07-19 11:14:03,589] {taskinstance.py:1357} INFO - Starting attempt 1 of 1
[2022-07-19 11:14:03,591] {taskinstance.py:1358} INFO - 
--------------------------------------------------------------------------------
[2022-07-19 11:14:03,621] {taskinstance.py:1377} INFO - Executing <Task(BashOperator): sleep_me> on 2022-07-19 11:13:00+00:00
[2022-07-19 11:14:03,629] {standard_task_runner.py:52} INFO - Started process 10472 to run task
[2022-07-19 11:14:03,634] {standard_task_runner.py:79} INFO - Running: ['***', 'tasks', 'run', 'simple_dag', 'sleep_me', 'scheduled__2022-07-19T11:13:00+00:00', '--job-id', '540', '--raw', '--subdir', 'DAGS_FOLDER/first_dag.py', '--cfg-path', '/tmp/tmpxar1wiif', '--error-file', '/tmp/tmpqr96o97i']
[2022-07-19 11:14:03,636] {standard_task_runner.py:80} INFO - Job 540: Subtask sleep_me
[2022-07-19 11:14:03,749] {task_command.py:370} INFO - Running <TaskInstance: simple_dag.sleep_me scheduled__2022-07-19T11:13:00+00:00 [running]> on host 02ffb48252da
[2022-07-19 11:14:04,169] {taskinstance.py:1571} INFO - Exporting the following env vars:
AIRFLOW_CTX_DAG_OWNER=***
AIRFLOW_CTX_DAG_ID=simple_dag
AIRFLOW_CTX_TASK_ID=sleep_me
AIRFLOW_CTX_EXECUTION_DATE=2022-07-19T11:13:00+00:00
AIRFLOW_CTX_TRY_NUMBER=1
AIRFLOW_CTX_DAG_RUN_ID=scheduled__2022-07-19T11:13:00+00:00
[2022-07-19 11:14:04,172] {subprocess.py:62} INFO - Tmp dir root location: 
 /tmp
[2022-07-19 11:14:04,175] {subprocess.py:74} INFO - Running command: ['bash', '-c', 'sleep 5']
[2022-07-19 11:14:04,195] {subprocess.py:85} INFO - Output:
[2022-07-19 11:14:09,203] {subprocess.py:96} INFO - Command exited with return code 0
[2022-07-19 11:14:09,292] {taskinstance.py:1400} INFO - Marking task as SUCCESS. dag_id=simple_dag, task_id=sleep_me, execution_date=20220719T111300, start_date=20220719T111403, end_date=20220719T111409
[2022-07-19 11:14:09,345] {local_task_job.py:156} INFO - Task exited with return code 0
[2022-07-19 11:14:09,444] {local_task_job.py:273} INFO - 1 downstream tasks scheduled from follow-on schedule check
