[2022-07-19 09:33:52,831] {taskinstance.py:1159} INFO - Dependencies all met for <TaskInstance: simple_dag.sleep_me manual__2022-07-19T09:33:48.908500+00:00 [queued]>
[2022-07-19 09:33:52,846] {taskinstance.py:1159} INFO - Dependencies all met for <TaskInstance: simple_dag.sleep_me manual__2022-07-19T09:33:48.908500+00:00 [queued]>
[2022-07-19 09:33:52,847] {taskinstance.py:1356} INFO - 
--------------------------------------------------------------------------------
[2022-07-19 09:33:52,848] {taskinstance.py:1357} INFO - Starting attempt 1 of 1
[2022-07-19 09:33:52,850] {taskinstance.py:1358} INFO - 
--------------------------------------------------------------------------------
[2022-07-19 09:33:52,878] {taskinstance.py:1377} INFO - Executing <Task(BashOperator): sleep_me> on 2022-07-19 09:33:48.908500+00:00
[2022-07-19 09:33:52,886] {standard_task_runner.py:52} INFO - Started process 4874 to run task
[2022-07-19 09:33:52,895] {standard_task_runner.py:79} INFO - Running: ['***', 'tasks', 'run', 'simple_dag', 'sleep_me', 'manual__2022-07-19T09:33:48.908500+00:00', '--job-id', '237', '--raw', '--subdir', 'DAGS_FOLDER/first_dag.py', '--cfg-path', '/tmp/tmpj6b6q16h', '--error-file', '/tmp/tmptm017xgt']
[2022-07-19 09:33:52,897] {standard_task_runner.py:80} INFO - Job 237: Subtask sleep_me
[2022-07-19 09:33:53,098] {task_command.py:370} INFO - Running <TaskInstance: simple_dag.sleep_me manual__2022-07-19T09:33:48.908500+00:00 [running]> on host 02ffb48252da
[2022-07-19 09:33:53,236] {taskinstance.py:1571} INFO - Exporting the following env vars:
AIRFLOW_CTX_DAG_OWNER=***
AIRFLOW_CTX_DAG_ID=simple_dag
AIRFLOW_CTX_TASK_ID=sleep_me
AIRFLOW_CTX_EXECUTION_DATE=2022-07-19T09:33:48.908500+00:00
AIRFLOW_CTX_TRY_NUMBER=1
AIRFLOW_CTX_DAG_RUN_ID=manual__2022-07-19T09:33:48.908500+00:00
[2022-07-19 09:33:53,238] {subprocess.py:62} INFO - Tmp dir root location: 
 /tmp
[2022-07-19 09:33:53,239] {subprocess.py:74} INFO - Running command: ['bash', '-c', 'sleep 5']
[2022-07-19 09:33:53,253] {subprocess.py:85} INFO - Output:
[2022-07-19 09:33:58,259] {subprocess.py:96} INFO - Command exited with return code 0
[2022-07-19 09:33:58,386] {taskinstance.py:1400} INFO - Marking task as SUCCESS. dag_id=simple_dag, task_id=sleep_me, execution_date=20220719T093348, start_date=20220719T093352, end_date=20220719T093358
[2022-07-19 09:33:58,434] {local_task_job.py:156} INFO - Task exited with return code 0
[2022-07-19 09:33:58,465] {local_task_job.py:273} INFO - 1 downstream tasks scheduled from follow-on schedule check
