[2022-07-19 21:15:06,459] {taskinstance.py:1159} INFO - Dependencies all met for <TaskInstance: simple_dag.respond scheduled__2022-07-19T21:14:00+00:00 [queued]>
[2022-07-19 21:15:06,482] {taskinstance.py:1159} INFO - Dependencies all met for <TaskInstance: simple_dag.respond scheduled__2022-07-19T21:14:00+00:00 [queued]>
[2022-07-19 21:15:06,483] {taskinstance.py:1356} INFO - 
--------------------------------------------------------------------------------
[2022-07-19 21:15:06,483] {taskinstance.py:1357} INFO - Starting attempt 1 of 1
[2022-07-19 21:15:06,485] {taskinstance.py:1358} INFO - 
--------------------------------------------------------------------------------
[2022-07-19 21:15:06,518] {taskinstance.py:1377} INFO - Executing <Task(PythonOperator): respond> on 2022-07-19 21:14:00+00:00
[2022-07-19 21:15:06,523] {standard_task_runner.py:52} INFO - Started process 6439 to run task
[2022-07-19 21:15:06,527] {standard_task_runner.py:79} INFO - Running: ['***', 'tasks', 'run', 'simple_dag', 'respond', 'scheduled__2022-07-19T21:14:00+00:00', '--job-id', '854', '--raw', '--subdir', 'DAGS_FOLDER/first_dag.py', '--cfg-path', '/tmp/tmpaseu2gaf', '--error-file', '/tmp/tmp0sxvw_fx']
[2022-07-19 21:15:06,528] {standard_task_runner.py:80} INFO - Job 854: Subtask respond
[2022-07-19 21:15:06,649] {task_command.py:370} INFO - Running <TaskInstance: simple_dag.respond scheduled__2022-07-19T21:14:00+00:00 [running]> on host bc1c26dbd036
[2022-07-19 21:15:06,958] {taskinstance.py:1571} INFO - Exporting the following env vars:
AIRFLOW_CTX_DAG_OWNER=***
AIRFLOW_CTX_DAG_ID=simple_dag
AIRFLOW_CTX_TASK_ID=respond
AIRFLOW_CTX_EXECUTION_DATE=2022-07-19T21:14:00+00:00
AIRFLOW_CTX_TRY_NUMBER=1
AIRFLOW_CTX_DAG_RUN_ID=scheduled__2022-07-19T21:14:00+00:00
[2022-07-19 21:15:06,960] {python.py:173} INFO - Done. Returned value was: Greet Responded Again
[2022-07-19 21:15:07,006] {taskinstance.py:1400} INFO - Marking task as SUCCESS. dag_id=simple_dag, task_id=respond, execution_date=20220719T211400, start_date=20220719T211506, end_date=20220719T211507
[2022-07-19 21:15:07,063] {local_task_job.py:156} INFO - Task exited with return code 0
[2022-07-19 21:15:07,140] {local_task_job.py:273} INFO - 0 downstream tasks scheduled from follow-on schedule check
