[2022-07-19 12:01:12,863] {taskinstance.py:1159} INFO - Dependencies all met for <TaskInstance: simple_dag.respond scheduled__2022-07-19T12:00:00+00:00 [queued]>
[2022-07-19 12:01:12,893] {taskinstance.py:1159} INFO - Dependencies all met for <TaskInstance: simple_dag.respond scheduled__2022-07-19T12:00:00+00:00 [queued]>
[2022-07-19 12:01:12,894] {taskinstance.py:1356} INFO - 
--------------------------------------------------------------------------------
[2022-07-19 12:01:12,896] {taskinstance.py:1357} INFO - Starting attempt 1 of 1
[2022-07-19 12:01:12,978] {taskinstance.py:1358} INFO - 
--------------------------------------------------------------------------------
[2022-07-19 12:01:13,003] {taskinstance.py:1377} INFO - Executing <Task(PythonOperator): respond> on 2022-07-19 12:00:00+00:00
[2022-07-19 12:01:13,013] {standard_task_runner.py:52} INFO - Started process 13033 to run task
[2022-07-19 12:01:13,020] {standard_task_runner.py:79} INFO - Running: ['***', 'tasks', 'run', 'simple_dag', 'respond', 'scheduled__2022-07-19T12:00:00+00:00', '--job-id', '682', '--raw', '--subdir', 'DAGS_FOLDER/first_dag.py', '--cfg-path', '/tmp/tmpvu7jccqc', '--error-file', '/tmp/tmpi1dthcg6']
[2022-07-19 12:01:13,023] {standard_task_runner.py:80} INFO - Job 682: Subtask respond
[2022-07-19 12:01:13,201] {task_command.py:370} INFO - Running <TaskInstance: simple_dag.respond scheduled__2022-07-19T12:00:00+00:00 [running]> on host 02ffb48252da
[2022-07-19 12:01:13,434] {taskinstance.py:1571} INFO - Exporting the following env vars:
AIRFLOW_CTX_DAG_OWNER=***
AIRFLOW_CTX_DAG_ID=simple_dag
AIRFLOW_CTX_TASK_ID=respond
AIRFLOW_CTX_EXECUTION_DATE=2022-07-19T12:00:00+00:00
AIRFLOW_CTX_TRY_NUMBER=1
AIRFLOW_CTX_DAG_RUN_ID=scheduled__2022-07-19T12:00:00+00:00
[2022-07-19 12:01:24,845] {logging_mixin.py:115} INFO - (2724, 1)
[2022-07-19 12:01:24,858] {python.py:173} INFO - Done. Returned value was: Greet Responded Again
[2022-07-19 12:01:24,916] {taskinstance.py:1400} INFO - Marking task as SUCCESS. dag_id=simple_dag, task_id=respond, execution_date=20220719T120000, start_date=20220719T120112, end_date=20220719T120124
[2022-07-19 12:01:24,967] {local_task_job.py:156} INFO - Task exited with return code 0
[2022-07-19 12:01:25,047] {local_task_job.py:273} INFO - 0 downstream tasks scheduled from follow-on schedule check
