[2022-07-19 10:48:11,677] {taskinstance.py:1159} INFO - Dependencies all met for <TaskInstance: simple_dag.respond scheduled__2022-07-19T10:47:00+00:00 [queued]>
[2022-07-19 10:48:11,712] {taskinstance.py:1159} INFO - Dependencies all met for <TaskInstance: simple_dag.respond scheduled__2022-07-19T10:47:00+00:00 [queued]>
[2022-07-19 10:48:11,714] {taskinstance.py:1356} INFO - 
--------------------------------------------------------------------------------
[2022-07-19 10:48:11,715] {taskinstance.py:1357} INFO - Starting attempt 1 of 1
[2022-07-19 10:48:11,717] {taskinstance.py:1358} INFO - 
--------------------------------------------------------------------------------
[2022-07-19 10:48:11,784] {taskinstance.py:1377} INFO - Executing <Task(PythonOperator): respond> on 2022-07-19 10:47:00+00:00
[2022-07-19 10:48:11,798] {standard_task_runner.py:52} INFO - Started process 9083 to run task
[2022-07-19 10:48:11,809] {standard_task_runner.py:79} INFO - Running: ['***', 'tasks', 'run', 'simple_dag', 'respond', 'scheduled__2022-07-19T10:47:00+00:00', '--job-id', '463', '--raw', '--subdir', 'DAGS_FOLDER/first_dag.py', '--cfg-path', '/tmp/tmpi399vps6', '--error-file', '/tmp/tmprnciid2z']
[2022-07-19 10:48:11,812] {standard_task_runner.py:80} INFO - Job 463: Subtask respond
[2022-07-19 10:48:12,065] {task_command.py:370} INFO - Running <TaskInstance: simple_dag.respond scheduled__2022-07-19T10:47:00+00:00 [running]> on host 02ffb48252da
[2022-07-19 10:48:12,239] {taskinstance.py:1571} INFO - Exporting the following env vars:
AIRFLOW_CTX_DAG_OWNER=***
AIRFLOW_CTX_DAG_ID=simple_dag
AIRFLOW_CTX_TASK_ID=respond
AIRFLOW_CTX_EXECUTION_DATE=2022-07-19T10:47:00+00:00
AIRFLOW_CTX_TRY_NUMBER=1
AIRFLOW_CTX_DAG_RUN_ID=scheduled__2022-07-19T10:47:00+00:00
[2022-07-19 10:48:21,920] {logging_mixin.py:115} INFO - (2724, 1)
[2022-07-19 10:48:21,934] {python.py:173} INFO - Done. Returned value was: Greet Responded Again
[2022-07-19 10:48:21,981] {taskinstance.py:1400} INFO - Marking task as SUCCESS. dag_id=simple_dag, task_id=respond, execution_date=20220719T104700, start_date=20220719T104811, end_date=20220719T104821
[2022-07-19 10:48:22,029] {local_task_job.py:156} INFO - Task exited with return code 0
[2022-07-19 10:48:22,077] {local_task_job.py:273} INFO - 0 downstream tasks scheduled from follow-on schedule check
