[2022-07-19 10:21:09,706] {taskinstance.py:1159} INFO - Dependencies all met for <TaskInstance: simple_dag.respond scheduled__2022-07-19T10:20:00+00:00 [queued]>
[2022-07-19 10:21:09,715] {taskinstance.py:1159} INFO - Dependencies all met for <TaskInstance: simple_dag.respond scheduled__2022-07-19T10:20:00+00:00 [queued]>
[2022-07-19 10:21:09,715] {taskinstance.py:1356} INFO - 
--------------------------------------------------------------------------------
[2022-07-19 10:21:09,715] {taskinstance.py:1357} INFO - Starting attempt 1 of 1
[2022-07-19 10:21:09,716] {taskinstance.py:1358} INFO - 
--------------------------------------------------------------------------------
[2022-07-19 10:21:09,733] {taskinstance.py:1377} INFO - Executing <Task(PythonOperator): respond> on 2022-07-19 10:20:00+00:00
[2022-07-19 10:21:09,737] {standard_task_runner.py:52} INFO - Started process 7592 to run task
[2022-07-19 10:21:09,740] {standard_task_runner.py:79} INFO - Running: ['***', 'tasks', 'run', 'simple_dag', 'respond', 'scheduled__2022-07-19T10:20:00+00:00', '--job-id', '382', '--raw', '--subdir', 'DAGS_FOLDER/first_dag.py', '--cfg-path', '/tmp/tmph_pwd1z9', '--error-file', '/tmp/tmpxvsb_0k3']
[2022-07-19 10:21:09,741] {standard_task_runner.py:80} INFO - Job 382: Subtask respond
[2022-07-19 10:21:09,798] {task_command.py:370} INFO - Running <TaskInstance: simple_dag.respond scheduled__2022-07-19T10:20:00+00:00 [running]> on host 02ffb48252da
[2022-07-19 10:21:09,877] {taskinstance.py:1571} INFO - Exporting the following env vars:
AIRFLOW_CTX_DAG_OWNER=***
AIRFLOW_CTX_DAG_ID=simple_dag
AIRFLOW_CTX_TASK_ID=respond
AIRFLOW_CTX_EXECUTION_DATE=2022-07-19T10:20:00+00:00
AIRFLOW_CTX_TRY_NUMBER=1
AIRFLOW_CTX_DAG_RUN_ID=scheduled__2022-07-19T10:20:00+00:00
[2022-07-19 10:21:16,034] {logging_mixin.py:115} INFO - (2724, 1)
[2022-07-19 10:21:16,039] {python.py:173} INFO - Done. Returned value was: Greet Responded Again
[2022-07-19 10:21:16,161] {taskinstance.py:1400} INFO - Marking task as SUCCESS. dag_id=simple_dag, task_id=respond, execution_date=20220719T102000, start_date=20220719T102109, end_date=20220719T102116
[2022-07-19 10:21:16,195] {local_task_job.py:156} INFO - Task exited with return code 0
[2022-07-19 10:21:16,220] {local_task_job.py:273} INFO - 0 downstream tasks scheduled from follow-on schedule check
