[2022-07-19 13:42:09,836] {taskinstance.py:1159} INFO - Dependencies all met for <TaskInstance: simple_dag.respond scheduled__2022-07-19T13:41:00+00:00 [queued]>
[2022-07-19 13:42:09,847] {taskinstance.py:1159} INFO - Dependencies all met for <TaskInstance: simple_dag.respond scheduled__2022-07-19T13:41:00+00:00 [queued]>
[2022-07-19 13:42:09,847] {taskinstance.py:1356} INFO - 
--------------------------------------------------------------------------------
[2022-07-19 13:42:09,848] {taskinstance.py:1357} INFO - Starting attempt 1 of 1
[2022-07-19 13:42:09,850] {taskinstance.py:1358} INFO - 
--------------------------------------------------------------------------------
[2022-07-19 13:42:09,868] {taskinstance.py:1377} INFO - Executing <Task(PythonOperator): respond> on 2022-07-19 13:41:00+00:00
[2022-07-19 13:42:09,874] {standard_task_runner.py:52} INFO - Started process 1007 to run task
[2022-07-19 13:42:09,879] {standard_task_runner.py:79} INFO - Running: ['***', 'tasks', 'run', 'simple_dag', 'respond', 'scheduled__2022-07-19T13:41:00+00:00', '--job-id', '771', '--raw', '--subdir', 'DAGS_FOLDER/first_dag.py', '--cfg-path', '/tmp/tmp1m9ouvy5', '--error-file', '/tmp/tmpau0y5mmg']
[2022-07-19 13:42:09,880] {standard_task_runner.py:80} INFO - Job 771: Subtask respond
[2022-07-19 13:42:09,961] {task_command.py:370} INFO - Running <TaskInstance: simple_dag.respond scheduled__2022-07-19T13:41:00+00:00 [running]> on host 1ead164eba69
[2022-07-19 13:42:10,051] {taskinstance.py:1571} INFO - Exporting the following env vars:
AIRFLOW_CTX_DAG_OWNER=***
AIRFLOW_CTX_DAG_ID=simple_dag
AIRFLOW_CTX_TASK_ID=respond
AIRFLOW_CTX_EXECUTION_DATE=2022-07-19T13:41:00+00:00
AIRFLOW_CTX_TRY_NUMBER=1
AIRFLOW_CTX_DAG_RUN_ID=scheduled__2022-07-19T13:41:00+00:00
[2022-07-19 13:42:16,642] {logging_mixin.py:115} INFO - (2724, 1)
[2022-07-19 13:42:16,651] {python.py:173} INFO - Done. Returned value was: Greet Responded Again
[2022-07-19 13:42:16,708] {taskinstance.py:1400} INFO - Marking task as SUCCESS. dag_id=simple_dag, task_id=respond, execution_date=20220719T134100, start_date=20220719T134209, end_date=20220719T134216
[2022-07-19 13:42:16,750] {local_task_job.py:156} INFO - Task exited with return code 0
[2022-07-19 13:42:16,776] {local_task_job.py:273} INFO - 0 downstream tasks scheduled from follow-on schedule check
