[2022-07-19 21:49:01,973] {taskinstance.py:1159} INFO - Dependencies all met for <TaskInstance: simple_dag.read_data scheduled__2022-07-19T21:48:00+00:00 [queued]>
[2022-07-19 21:49:01,992] {taskinstance.py:1159} INFO - Dependencies all met for <TaskInstance: simple_dag.read_data scheduled__2022-07-19T21:48:00+00:00 [queued]>
[2022-07-19 21:49:01,993] {taskinstance.py:1356} INFO - 
--------------------------------------------------------------------------------
[2022-07-19 21:49:01,993] {taskinstance.py:1357} INFO - Starting attempt 1 of 1
[2022-07-19 21:49:01,994] {taskinstance.py:1358} INFO - 
--------------------------------------------------------------------------------
[2022-07-19 21:49:02,017] {taskinstance.py:1377} INFO - Executing <Task(PythonOperator): read_data> on 2022-07-19 21:48:00+00:00
[2022-07-19 21:49:02,027] {standard_task_runner.py:52} INFO - Started process 19804 to run task
[2022-07-19 21:49:02,031] {standard_task_runner.py:79} INFO - Running: ['***', 'tasks', 'run', 'simple_dag', 'read_data', 'scheduled__2022-07-19T21:48:00+00:00', '--job-id', '936', '--raw', '--subdir', 'DAGS_FOLDER/first_dag.py', '--cfg-path', '/tmp/tmpntrmxwl5', '--error-file', '/tmp/tmp_rmf7dyn']
[2022-07-19 21:49:02,032] {standard_task_runner.py:80} INFO - Job 936: Subtask read_data
[2022-07-19 21:49:02,133] {task_command.py:370} INFO - Running <TaskInstance: simple_dag.read_data scheduled__2022-07-19T21:48:00+00:00 [running]> on host bc1c26dbd036
[2022-07-19 21:49:02,260] {taskinstance.py:1571} INFO - Exporting the following env vars:
AIRFLOW_CTX_DAG_OWNER=***
AIRFLOW_CTX_DAG_ID=simple_dag
AIRFLOW_CTX_TASK_ID=read_data
AIRFLOW_CTX_EXECUTION_DATE=2022-07-19T21:48:00+00:00
AIRFLOW_CTX_TRY_NUMBER=1
AIRFLOW_CTX_DAG_RUN_ID=scheduled__2022-07-19T21:48:00+00:00
[2022-07-19 21:49:02,277] {python.py:173} INFO - Done. Returned value was: (1, 10)
[2022-07-19 21:49:02,319] {taskinstance.py:1400} INFO - Marking task as SUCCESS. dag_id=simple_dag, task_id=read_data, execution_date=20220719T214800, start_date=20220719T214901, end_date=20220719T214902
[2022-07-19 21:49:02,364] {local_task_job.py:156} INFO - Task exited with return code 0
[2022-07-19 21:49:02,441] {local_task_job.py:273} INFO - 1 downstream tasks scheduled from follow-on schedule check
