[2022-07-19 13:45:02,492] {taskinstance.py:1159} INFO - Dependencies all met for <TaskInstance: simple_dag.sleep_me scheduled__2022-07-19T13:44:00+00:00 [queued]>
[2022-07-19 13:45:02,502] {taskinstance.py:1159} INFO - Dependencies all met for <TaskInstance: simple_dag.sleep_me scheduled__2022-07-19T13:44:00+00:00 [queued]>
[2022-07-19 13:45:02,503] {taskinstance.py:1356} INFO - 
--------------------------------------------------------------------------------
[2022-07-19 13:45:02,503] {taskinstance.py:1357} INFO - Starting attempt 1 of 1
[2022-07-19 13:45:02,505] {taskinstance.py:1358} INFO - 
--------------------------------------------------------------------------------
[2022-07-19 13:45:02,525] {taskinstance.py:1377} INFO - Executing <Task(BashOperator): sleep_me> on 2022-07-19 13:44:00+00:00
[2022-07-19 13:45:02,529] {standard_task_runner.py:52} INFO - Started process 804 to run task
[2022-07-19 13:45:02,533] {standard_task_runner.py:79} INFO - Running: ['***', 'tasks', 'run', 'simple_dag', 'sleep_me', 'scheduled__2022-07-19T13:44:00+00:00', '--job-id', '781', '--raw', '--subdir', 'DAGS_FOLDER/first_dag.py', '--cfg-path', '/tmp/tmptbpvor1n', '--error-file', '/tmp/tmp21o3l2kt']
[2022-07-19 13:45:02,534] {standard_task_runner.py:80} INFO - Job 781: Subtask sleep_me
[2022-07-19 13:45:02,608] {task_command.py:370} INFO - Running <TaskInstance: simple_dag.sleep_me scheduled__2022-07-19T13:44:00+00:00 [running]> on host 1ead164eba69
[2022-07-19 13:45:02,715] {taskinstance.py:1571} INFO - Exporting the following env vars:
AIRFLOW_CTX_DAG_OWNER=***
AIRFLOW_CTX_DAG_ID=simple_dag
AIRFLOW_CTX_TASK_ID=sleep_me
AIRFLOW_CTX_EXECUTION_DATE=2022-07-19T13:44:00+00:00
AIRFLOW_CTX_TRY_NUMBER=1
AIRFLOW_CTX_DAG_RUN_ID=scheduled__2022-07-19T13:44:00+00:00
[2022-07-19 13:45:02,716] {subprocess.py:62} INFO - Tmp dir root location: 
 /tmp
[2022-07-19 13:45:02,717] {subprocess.py:74} INFO - Running command: ['bash', '-c', 'sleep 5']
[2022-07-19 13:45:02,728] {subprocess.py:85} INFO - Output:
[2022-07-19 13:45:07,732] {subprocess.py:96} INFO - Command exited with return code 0
[2022-07-19 13:45:07,778] {taskinstance.py:1400} INFO - Marking task as SUCCESS. dag_id=simple_dag, task_id=sleep_me, execution_date=20220719T134400, start_date=20220719T134502, end_date=20220719T134507
[2022-07-19 13:45:07,807] {local_task_job.py:156} INFO - Task exited with return code 0
[2022-07-19 13:45:07,856] {local_task_job.py:273} INFO - 1 downstream tasks scheduled from follow-on schedule check
