[2022-07-19 08:31:13,377] {taskinstance.py:1159} INFO - Dependencies all met for <TaskInstance: simple_dag.greet manual__2022-07-19T08:31:10.580949+00:00 [queued]>
[2022-07-19 08:31:13,390] {taskinstance.py:1159} INFO - Dependencies all met for <TaskInstance: simple_dag.greet manual__2022-07-19T08:31:10.580949+00:00 [queued]>
[2022-07-19 08:31:13,391] {taskinstance.py:1356} INFO - 
--------------------------------------------------------------------------------
[2022-07-19 08:31:13,392] {taskinstance.py:1357} INFO - Starting attempt 1 of 1
[2022-07-19 08:31:13,393] {taskinstance.py:1358} INFO - 
--------------------------------------------------------------------------------
[2022-07-19 08:31:13,417] {taskinstance.py:1377} INFO - Executing <Task(PythonOperator): greet> on 2022-07-19 08:31:10.580949+00:00
[2022-07-19 08:31:13,423] {standard_task_runner.py:52} INFO - Started process 1349 to run task
[2022-07-19 08:31:13,427] {standard_task_runner.py:79} INFO - Running: ['***', 'tasks', 'run', 'simple_dag', 'greet', 'manual__2022-07-19T08:31:10.580949+00:00', '--job-id', '39', '--raw', '--subdir', 'DAGS_FOLDER/first_dag.py', '--cfg-path', '/tmp/tmpfd7p3ixt', '--error-file', '/tmp/tmpvrg8ea3f']
[2022-07-19 08:31:13,427] {standard_task_runner.py:80} INFO - Job 39: Subtask greet
[2022-07-19 08:31:13,487] {task_command.py:370} INFO - Running <TaskInstance: simple_dag.greet manual__2022-07-19T08:31:10.580949+00:00 [running]> on host 02ffb48252da
[2022-07-19 08:31:13,576] {taskinstance.py:1571} INFO - Exporting the following env vars:
AIRFLOW_CTX_DAG_OWNER=***
AIRFLOW_CTX_DAG_ID=simple_dag
AIRFLOW_CTX_TASK_ID=greet
AIRFLOW_CTX_EXECUTION_DATE=2022-07-19T08:31:10.580949+00:00
AIRFLOW_CTX_TRY_NUMBER=1
AIRFLOW_CTX_DAG_RUN_ID=manual__2022-07-19T08:31:10.580949+00:00
[2022-07-19 08:31:13,578] {logging_mixin.py:115} INFO - Writing in file
[2022-07-19 08:31:13,585] {taskinstance.py:1889} ERROR - Task failed with exception
Traceback (most recent call last):
  File "/home/airflow/.local/lib/python3.7/site-packages/airflow/operators/python.py", line 171, in execute
    return_value = self.execute_callable()
  File "/home/airflow/.local/lib/python3.7/site-packages/airflow/operators/python.py", line 189, in execute_callable
    return self.python_callable(*self.op_args, **self.op_kwargs)
  File "/opt/airflow/dags/first_dag.py", line 12, in greet
    with open("/dags", "a+", encoding="utf8") as f:
PermissionError: [Errno 13] Permission denied: '/dags'
[2022-07-19 08:31:13,599] {taskinstance.py:1400} INFO - Marking task as FAILED. dag_id=simple_dag, task_id=greet, execution_date=20220719T083110, start_date=20220719T083113, end_date=20220719T083113
[2022-07-19 08:31:13,617] {standard_task_runner.py:97} ERROR - Failed to execute job 39 for task greet ([Errno 13] Permission denied: '/dags'; 1349)
[2022-07-19 08:31:13,640] {local_task_job.py:156} INFO - Task exited with return code 1
[2022-07-19 08:31:13,705] {local_task_job.py:273} INFO - 0 downstream tasks scheduled from follow-on schedule check
