[2022-07-19 08:37:08,447] {taskinstance.py:1159} INFO - Dependencies all met for <TaskInstance: simple_dag.respond scheduled__2022-07-19T08:36:00+00:00 [queued]>
[2022-07-19 08:37:08,457] {taskinstance.py:1159} INFO - Dependencies all met for <TaskInstance: simple_dag.respond scheduled__2022-07-19T08:36:00+00:00 [queued]>
[2022-07-19 08:37:08,458] {taskinstance.py:1356} INFO - 
--------------------------------------------------------------------------------
[2022-07-19 08:37:08,458] {taskinstance.py:1357} INFO - Starting attempt 1 of 1
[2022-07-19 08:37:08,459] {taskinstance.py:1358} INFO - 
--------------------------------------------------------------------------------
[2022-07-19 08:37:08,477] {taskinstance.py:1377} INFO - Executing <Task(PythonOperator): respond> on 2022-07-19 08:36:00+00:00
[2022-07-19 08:37:08,481] {standard_task_runner.py:52} INFO - Started process 1672 to run task
[2022-07-19 08:37:08,485] {standard_task_runner.py:79} INFO - Running: ['***', 'tasks', 'run', 'simple_dag', 'respond', 'scheduled__2022-07-19T08:36:00+00:00', '--job-id', '58', '--raw', '--subdir', 'DAGS_FOLDER/first_dag.py', '--cfg-path', '/tmp/tmp8awu7j7q', '--error-file', '/tmp/tmpf5h6f8bd']
[2022-07-19 08:37:08,486] {standard_task_runner.py:80} INFO - Job 58: Subtask respond
[2022-07-19 08:37:08,544] {task_command.py:370} INFO - Running <TaskInstance: simple_dag.respond scheduled__2022-07-19T08:36:00+00:00 [running]> on host 02ffb48252da
[2022-07-19 08:37:08,617] {taskinstance.py:1571} INFO - Exporting the following env vars:
AIRFLOW_CTX_DAG_OWNER=***
AIRFLOW_CTX_DAG_ID=simple_dag
AIRFLOW_CTX_TASK_ID=respond
AIRFLOW_CTX_EXECUTION_DATE=2022-07-19T08:36:00+00:00
AIRFLOW_CTX_TRY_NUMBER=1
AIRFLOW_CTX_DAG_RUN_ID=scheduled__2022-07-19T08:36:00+00:00
[2022-07-19 08:37:08,618] {python.py:173} INFO - Done. Returned value was: Greet Responded Again
[2022-07-19 08:37:08,643] {taskinstance.py:1400} INFO - Marking task as SUCCESS. dag_id=simple_dag, task_id=respond, execution_date=20220719T083600, start_date=20220719T083708, end_date=20220719T083708
[2022-07-19 08:37:08,697] {local_task_job.py:156} INFO - Task exited with return code 0
[2022-07-19 08:37:08,731] {local_task_job.py:273} INFO - 0 downstream tasks scheduled from follow-on schedule check
