[2022-07-19 10:47:10,609] {taskinstance.py:1159} INFO - Dependencies all met for <TaskInstance: simple_dag.respond scheduled__2022-07-19T10:46:00+00:00 [queued]>
[2022-07-19 10:47:10,625] {taskinstance.py:1159} INFO - Dependencies all met for <TaskInstance: simple_dag.respond scheduled__2022-07-19T10:46:00+00:00 [queued]>
[2022-07-19 10:47:10,626] {taskinstance.py:1356} INFO - 
--------------------------------------------------------------------------------
[2022-07-19 10:47:10,626] {taskinstance.py:1357} INFO - Starting attempt 1 of 1
[2022-07-19 10:47:10,628] {taskinstance.py:1358} INFO - 
--------------------------------------------------------------------------------
[2022-07-19 10:47:10,654] {taskinstance.py:1377} INFO - Executing <Task(PythonOperator): respond> on 2022-07-19 10:46:00+00:00
[2022-07-19 10:47:10,662] {standard_task_runner.py:52} INFO - Started process 9034 to run task
[2022-07-19 10:47:10,667] {standard_task_runner.py:79} INFO - Running: ['***', 'tasks', 'run', 'simple_dag', 'respond', 'scheduled__2022-07-19T10:46:00+00:00', '--job-id', '460', '--raw', '--subdir', 'DAGS_FOLDER/first_dag.py', '--cfg-path', '/tmp/tmpx8tprxt5', '--error-file', '/tmp/tmpwsh_1___']
[2022-07-19 10:47:10,669] {standard_task_runner.py:80} INFO - Job 460: Subtask respond
[2022-07-19 10:47:10,779] {task_command.py:370} INFO - Running <TaskInstance: simple_dag.respond scheduled__2022-07-19T10:46:00+00:00 [running]> on host 02ffb48252da
[2022-07-19 10:47:11,012] {taskinstance.py:1571} INFO - Exporting the following env vars:
AIRFLOW_CTX_DAG_OWNER=***
AIRFLOW_CTX_DAG_ID=simple_dag
AIRFLOW_CTX_TASK_ID=respond
AIRFLOW_CTX_EXECUTION_DATE=2022-07-19T10:46:00+00:00
AIRFLOW_CTX_TRY_NUMBER=1
AIRFLOW_CTX_DAG_RUN_ID=scheduled__2022-07-19T10:46:00+00:00
[2022-07-19 10:47:20,150] {logging_mixin.py:115} INFO - (2724, 1)
[2022-07-19 10:47:20,172] {python.py:173} INFO - Done. Returned value was: Greet Responded Again
[2022-07-19 10:47:20,350] {taskinstance.py:1400} INFO - Marking task as SUCCESS. dag_id=simple_dag, task_id=respond, execution_date=20220719T104600, start_date=20220719T104710, end_date=20220719T104720
[2022-07-19 10:47:20,440] {local_task_job.py:156} INFO - Task exited with return code 0
[2022-07-19 10:47:20,632] {local_task_job.py:273} INFO - 0 downstream tasks scheduled from follow-on schedule check
