[2022-07-19 13:43:37,441] {taskinstance.py:1159} INFO - Dependencies all met for <TaskInstance: simple_dag.sleep_me scheduled__2022-07-19T13:42:00+00:00 [queued]>
[2022-07-19 13:43:37,461] {taskinstance.py:1159} INFO - Dependencies all met for <TaskInstance: simple_dag.sleep_me scheduled__2022-07-19T13:42:00+00:00 [queued]>
[2022-07-19 13:43:37,462] {taskinstance.py:1356} INFO - 
--------------------------------------------------------------------------------
[2022-07-19 13:43:37,463] {taskinstance.py:1357} INFO - Starting attempt 1 of 1
[2022-07-19 13:43:37,464] {taskinstance.py:1358} INFO - 
--------------------------------------------------------------------------------
[2022-07-19 13:43:37,501] {taskinstance.py:1377} INFO - Executing <Task(BashOperator): sleep_me> on 2022-07-19 13:42:00+00:00
[2022-07-19 13:43:37,508] {standard_task_runner.py:52} INFO - Started process 365 to run task
[2022-07-19 13:43:37,514] {standard_task_runner.py:79} INFO - Running: ['***', 'tasks', 'run', 'simple_dag', 'sleep_me', 'scheduled__2022-07-19T13:42:00+00:00', '--job-id', '775', '--raw', '--subdir', 'DAGS_FOLDER/first_dag.py', '--cfg-path', '/tmp/tmpq_6pwhtf', '--error-file', '/tmp/tmppwqnmlgf']
[2022-07-19 13:43:37,516] {standard_task_runner.py:80} INFO - Job 775: Subtask sleep_me
[2022-07-19 13:43:37,627] {task_command.py:370} INFO - Running <TaskInstance: simple_dag.sleep_me scheduled__2022-07-19T13:42:00+00:00 [running]> on host 1ead164eba69
[2022-07-19 13:43:37,785] {taskinstance.py:1571} INFO - Exporting the following env vars:
AIRFLOW_CTX_DAG_OWNER=***
AIRFLOW_CTX_DAG_ID=simple_dag
AIRFLOW_CTX_TASK_ID=sleep_me
AIRFLOW_CTX_EXECUTION_DATE=2022-07-19T13:42:00+00:00
AIRFLOW_CTX_TRY_NUMBER=1
AIRFLOW_CTX_DAG_RUN_ID=scheduled__2022-07-19T13:42:00+00:00
[2022-07-19 13:43:37,788] {subprocess.py:62} INFO - Tmp dir root location: 
 /tmp
[2022-07-19 13:43:37,790] {subprocess.py:74} INFO - Running command: ['bash', '-c', 'sleep 5']
[2022-07-19 13:43:37,806] {subprocess.py:85} INFO - Output:
[2022-07-19 13:43:42,811] {subprocess.py:96} INFO - Command exited with return code 0
[2022-07-19 13:43:42,891] {taskinstance.py:1400} INFO - Marking task as SUCCESS. dag_id=simple_dag, task_id=sleep_me, execution_date=20220719T134200, start_date=20220719T134337, end_date=20220719T134342
[2022-07-19 13:43:42,947] {local_task_job.py:156} INFO - Task exited with return code 0
[2022-07-19 13:43:42,992] {local_task_job.py:273} INFO - 1 downstream tasks scheduled from follow-on schedule check
