[2022-07-19 21:00:17,224] {taskinstance.py:1159} INFO - Dependencies all met for <TaskInstance: simple_dag.read_data scheduled__2022-07-19T20:59:00+00:00 [queued]>
[2022-07-19 21:00:17,239] {taskinstance.py:1159} INFO - Dependencies all met for <TaskInstance: simple_dag.read_data scheduled__2022-07-19T20:59:00+00:00 [queued]>
[2022-07-19 21:00:17,240] {taskinstance.py:1356} INFO - 
--------------------------------------------------------------------------------
[2022-07-19 21:00:17,240] {taskinstance.py:1357} INFO - Starting attempt 1 of 1
[2022-07-19 21:00:17,313] {taskinstance.py:1358} INFO - 
--------------------------------------------------------------------------------
[2022-07-19 21:00:17,388] {taskinstance.py:1377} INFO - Executing <Task(PythonOperator): read_data> on 2022-07-19 20:59:00+00:00
[2022-07-19 21:00:17,404] {standard_task_runner.py:52} INFO - Started process 581 to run task
[2022-07-19 21:00:17,420] {standard_task_runner.py:79} INFO - Running: ['***', 'tasks', 'run', 'simple_dag', 'read_data', 'scheduled__2022-07-19T20:59:00+00:00', '--job-id', '822', '--raw', '--subdir', 'DAGS_FOLDER/first_dag.py', '--cfg-path', '/tmp/tmpk881kpqh', '--error-file', '/tmp/tmpsiovh43o']
[2022-07-19 21:00:17,424] {standard_task_runner.py:80} INFO - Job 822: Subtask read_data
[2022-07-19 21:00:17,687] {task_command.py:370} INFO - Running <TaskInstance: simple_dag.read_data scheduled__2022-07-19T20:59:00+00:00 [running]> on host bc1c26dbd036
[2022-07-19 21:00:18,026] {taskinstance.py:1571} INFO - Exporting the following env vars:
AIRFLOW_CTX_DAG_OWNER=***
AIRFLOW_CTX_DAG_ID=simple_dag
AIRFLOW_CTX_TASK_ID=read_data
AIRFLOW_CTX_EXECUTION_DATE=2022-07-19T20:59:00+00:00
AIRFLOW_CTX_TRY_NUMBER=1
AIRFLOW_CTX_DAG_RUN_ID=scheduled__2022-07-19T20:59:00+00:00
[2022-07-19 21:00:20,327] {python.py:173} INFO - Done. Returned value was:     track_id; type; traveled_d; avg_speed; lat; lon; speed; lon_acc; lat_acc; time
0    1; Car; 48.85; 9.770344; 37.977391; 23.737688;...                            
1    2; Motorcycle; 98.09; 19.839417; 37.977642; 23...                            
2    3; Motorcycle; 63.80; 18.228752; 37.977997; 23...                            
3    4; Motorcycle; 145.72; 26.229014; 37.978135; 2...                            
4    5; Motorcycle; 138.01; 24.841425; 37.978134; 2...                            
..                                                 ...                            
917  918; Car; 78.83; 30.846243; 37.980629; 23.7350...                            
918  919; Motorcycle; 19.50; 9.234518; 37.979327; 2...                            
919  920; Car; 48.97; 24.486209; 37.978413; 23.7355...                            
920  921; Motorcycle; 46.68; 30.007124; 37.980020; ...                            
921  922; Car; 35.00; 23.335533; 37.978428; 23.7355...                            

[922 rows x 1 columns]
[2022-07-19 21:00:20,432] {xcom.py:585} ERROR - Could not serialize the XCom value into JSON. If you are using pickle instead of JSON for XCom, then you need to enable pickle support for XCom in your *** config.
[2022-07-19 21:00:20,434] {taskinstance.py:1889} ERROR - Task failed with exception
Traceback (most recent call last):
  File "/home/airflow/.local/lib/python3.7/site-packages/airflow/utils/session.py", line 68, in wrapper
    return func(*args, **kwargs)
  File "/home/airflow/.local/lib/python3.7/site-packages/airflow/models/taskinstance.py", line 2392, in xcom_push
    session=session,
  File "/home/airflow/.local/lib/python3.7/site-packages/airflow/utils/session.py", line 68, in wrapper
    return func(*args, **kwargs)
  File "/home/airflow/.local/lib/python3.7/site-packages/airflow/models/xcom.py", line 197, in set
    map_index=map_index,
  File "/home/airflow/.local/lib/python3.7/site-packages/airflow/models/xcom.py", line 582, in serialize_value
    return json.dumps(value).encode('UTF-8')
  File "/usr/local/lib/python3.7/json/__init__.py", line 231, in dumps
    return _default_encoder.encode(obj)
  File "/usr/local/lib/python3.7/json/encoder.py", line 199, in encode
    chunks = self.iterencode(o, _one_shot=True)
  File "/usr/local/lib/python3.7/json/encoder.py", line 257, in iterencode
    return _iterencode(o, 0)
  File "/usr/local/lib/python3.7/json/encoder.py", line 179, in default
    raise TypeError(f'Object of type {o.__class__.__name__} '
TypeError: Object of type DataFrame is not JSON serializable
[2022-07-19 21:00:20,470] {taskinstance.py:1400} INFO - Marking task as FAILED. dag_id=simple_dag, task_id=read_data, execution_date=20220719T205900, start_date=20220719T210017, end_date=20220719T210020
[2022-07-19 21:00:20,539] {standard_task_runner.py:97} ERROR - Failed to execute job 822 for task read_data (Object of type DataFrame is not JSON serializable; 581)
[2022-07-19 21:00:20,571] {local_task_job.py:156} INFO - Task exited with return code 1
[2022-07-19 21:00:20,740] {local_task_job.py:273} INFO - 0 downstream tasks scheduled from follow-on schedule check
