[2022-07-19 09:40:09,139] {taskinstance.py:1159} INFO - Dependencies all met for <TaskInstance: simple_dag.respond scheduled__2022-07-19T09:39:00+00:00 [queued]>
[2022-07-19 09:40:09,150] {taskinstance.py:1159} INFO - Dependencies all met for <TaskInstance: simple_dag.respond scheduled__2022-07-19T09:39:00+00:00 [queued]>
[2022-07-19 09:40:09,151] {taskinstance.py:1356} INFO - 
--------------------------------------------------------------------------------
[2022-07-19 09:40:09,152] {taskinstance.py:1357} INFO - Starting attempt 1 of 1
[2022-07-19 09:40:09,152] {taskinstance.py:1358} INFO - 
--------------------------------------------------------------------------------
[2022-07-19 09:40:09,170] {taskinstance.py:1377} INFO - Executing <Task(PythonOperator): respond> on 2022-07-19 09:39:00+00:00
[2022-07-19 09:40:09,175] {standard_task_runner.py:52} INFO - Started process 5244 to run task
[2022-07-19 09:40:09,178] {standard_task_runner.py:79} INFO - Running: ['***', 'tasks', 'run', 'simple_dag', 'respond', 'scheduled__2022-07-19T09:39:00+00:00', '--job-id', '259', '--raw', '--subdir', 'DAGS_FOLDER/first_dag.py', '--cfg-path', '/tmp/tmp7sv_m1j6', '--error-file', '/tmp/tmpn5eb258c']
[2022-07-19 09:40:09,179] {standard_task_runner.py:80} INFO - Job 259: Subtask respond
[2022-07-19 09:40:09,236] {task_command.py:370} INFO - Running <TaskInstance: simple_dag.respond scheduled__2022-07-19T09:39:00+00:00 [running]> on host 02ffb48252da
[2022-07-19 09:40:09,325] {taskinstance.py:1571} INFO - Exporting the following env vars:
AIRFLOW_CTX_DAG_OWNER=***
AIRFLOW_CTX_DAG_ID=simple_dag
AIRFLOW_CTX_TASK_ID=respond
AIRFLOW_CTX_EXECUTION_DATE=2022-07-19T09:39:00+00:00
AIRFLOW_CTX_TRY_NUMBER=1
AIRFLOW_CTX_DAG_RUN_ID=scheduled__2022-07-19T09:39:00+00:00
[2022-07-19 09:40:16,028] {logging_mixin.py:115} INFO - (2724, 1)
[2022-07-19 09:40:16,038] {python.py:173} INFO - Done. Returned value was: Greet Responded Again
[2022-07-19 09:40:16,072] {taskinstance.py:1400} INFO - Marking task as SUCCESS. dag_id=simple_dag, task_id=respond, execution_date=20220719T093900, start_date=20220719T094009, end_date=20220719T094016
[2022-07-19 09:40:16,140] {local_task_job.py:156} INFO - Task exited with return code 0
[2022-07-19 09:40:16,172] {local_task_job.py:273} INFO - 0 downstream tasks scheduled from follow-on schedule check
