[2022-07-19 09:17:08,247] {taskinstance.py:1159} INFO - Dependencies all met for <TaskInstance: simple_dag.respond scheduled__2022-07-19T09:16:00+00:00 [queued]>
[2022-07-19 09:17:08,257] {taskinstance.py:1159} INFO - Dependencies all met for <TaskInstance: simple_dag.respond scheduled__2022-07-19T09:16:00+00:00 [queued]>
[2022-07-19 09:17:08,257] {taskinstance.py:1356} INFO - 
--------------------------------------------------------------------------------
[2022-07-19 09:17:08,258] {taskinstance.py:1357} INFO - Starting attempt 1 of 1
[2022-07-19 09:17:08,258] {taskinstance.py:1358} INFO - 
--------------------------------------------------------------------------------
[2022-07-19 09:17:08,280] {taskinstance.py:1377} INFO - Executing <Task(PythonOperator): respond> on 2022-07-19 09:16:00+00:00
[2022-07-19 09:17:08,288] {standard_task_runner.py:52} INFO - Started process 3884 to run task
[2022-07-19 09:17:08,291] {standard_task_runner.py:79} INFO - Running: ['***', 'tasks', 'run', 'simple_dag', 'respond', 'scheduled__2022-07-19T09:16:00+00:00', '--job-id', '178', '--raw', '--subdir', 'DAGS_FOLDER/first_dag.py', '--cfg-path', '/tmp/tmp23d0qegc', '--error-file', '/tmp/tmpl79pem07']
[2022-07-19 09:17:08,292] {standard_task_runner.py:80} INFO - Job 178: Subtask respond
[2022-07-19 09:17:08,349] {task_command.py:370} INFO - Running <TaskInstance: simple_dag.respond scheduled__2022-07-19T09:16:00+00:00 [running]> on host 02ffb48252da
[2022-07-19 09:17:08,505] {taskinstance.py:1571} INFO - Exporting the following env vars:
AIRFLOW_CTX_DAG_OWNER=***
AIRFLOW_CTX_DAG_ID=simple_dag
AIRFLOW_CTX_TASK_ID=respond
AIRFLOW_CTX_EXECUTION_DATE=2022-07-19T09:16:00+00:00
AIRFLOW_CTX_TRY_NUMBER=1
AIRFLOW_CTX_DAG_RUN_ID=scheduled__2022-07-19T09:16:00+00:00
[2022-07-19 09:17:08,506] {python.py:173} INFO - Done. Returned value was: Greet Responded Again
[2022-07-19 09:17:08,548] {taskinstance.py:1400} INFO - Marking task as SUCCESS. dag_id=simple_dag, task_id=respond, execution_date=20220719T091600, start_date=20220719T091708, end_date=20220719T091708
[2022-07-19 09:17:08,585] {local_task_job.py:156} INFO - Task exited with return code 0
[2022-07-19 09:17:08,625] {local_task_job.py:273} INFO - 0 downstream tasks scheduled from follow-on schedule check
