[2022-07-19 21:46:01,106] {taskinstance.py:1159} INFO - Dependencies all met for <TaskInstance: simple_dag.read_data scheduled__2022-07-19T21:45:00+00:00 [queued]>
[2022-07-19 21:46:01,115] {taskinstance.py:1159} INFO - Dependencies all met for <TaskInstance: simple_dag.read_data scheduled__2022-07-19T21:45:00+00:00 [queued]>
[2022-07-19 21:46:01,116] {taskinstance.py:1356} INFO - 
--------------------------------------------------------------------------------
[2022-07-19 21:46:01,116] {taskinstance.py:1357} INFO - Starting attempt 1 of 1
[2022-07-19 21:46:01,117] {taskinstance.py:1358} INFO - 
--------------------------------------------------------------------------------
[2022-07-19 21:46:01,134] {taskinstance.py:1377} INFO - Executing <Task(PythonOperator): read_data> on 2022-07-19 21:45:00+00:00
[2022-07-19 21:46:01,140] {standard_task_runner.py:52} INFO - Started process 18584 to run task
[2022-07-19 21:46:01,144] {standard_task_runner.py:79} INFO - Running: ['***', 'tasks', 'run', 'simple_dag', 'read_data', 'scheduled__2022-07-19T21:45:00+00:00', '--job-id', '927', '--raw', '--subdir', 'DAGS_FOLDER/first_dag.py', '--cfg-path', '/tmp/tmpdqkyiebg', '--error-file', '/tmp/tmpr0xspgqp']
[2022-07-19 21:46:01,146] {standard_task_runner.py:80} INFO - Job 927: Subtask read_data
[2022-07-19 21:46:01,203] {task_command.py:370} INFO - Running <TaskInstance: simple_dag.read_data scheduled__2022-07-19T21:45:00+00:00 [running]> on host bc1c26dbd036
[2022-07-19 21:46:01,288] {taskinstance.py:1571} INFO - Exporting the following env vars:
AIRFLOW_CTX_DAG_OWNER=***
AIRFLOW_CTX_DAG_ID=simple_dag
AIRFLOW_CTX_TASK_ID=read_data
AIRFLOW_CTX_EXECUTION_DATE=2022-07-19T21:45:00+00:00
AIRFLOW_CTX_TRY_NUMBER=1
AIRFLOW_CTX_DAG_RUN_ID=scheduled__2022-07-19T21:45:00+00:00
[2022-07-19 21:46:01,306] {python.py:173} INFO - Done. Returned value was: (1, 10)
[2022-07-19 21:46:01,334] {taskinstance.py:1400} INFO - Marking task as SUCCESS. dag_id=simple_dag, task_id=read_data, execution_date=20220719T214500, start_date=20220719T214601, end_date=20220719T214601
[2022-07-19 21:46:01,359] {local_task_job.py:156} INFO - Task exited with return code 0
[2022-07-19 21:46:01,431] {local_task_job.py:273} INFO - 1 downstream tasks scheduled from follow-on schedule check
