[2022-07-19 09:28:01,226] {taskinstance.py:1159} INFO - Dependencies all met for <TaskInstance: simple_dag.say_hi scheduled__2022-07-19T09:27:00+00:00 [queued]>
[2022-07-19 09:28:01,236] {taskinstance.py:1159} INFO - Dependencies all met for <TaskInstance: simple_dag.say_hi scheduled__2022-07-19T09:27:00+00:00 [queued]>
[2022-07-19 09:28:01,237] {taskinstance.py:1356} INFO - 
--------------------------------------------------------------------------------
[2022-07-19 09:28:01,238] {taskinstance.py:1357} INFO - Starting attempt 1 of 1
[2022-07-19 09:28:01,238] {taskinstance.py:1358} INFO - 
--------------------------------------------------------------------------------
[2022-07-19 09:28:01,258] {taskinstance.py:1377} INFO - Executing <Task(BashOperator): say_hi> on 2022-07-19 09:27:00+00:00
[2022-07-19 09:28:01,265] {standard_task_runner.py:52} INFO - Started process 4494 to run task
[2022-07-19 09:28:01,268] {standard_task_runner.py:79} INFO - Running: ['***', 'tasks', 'run', 'simple_dag', 'say_hi', 'scheduled__2022-07-19T09:27:00+00:00', '--job-id', '209', '--raw', '--subdir', 'DAGS_FOLDER/first_dag.py', '--cfg-path', '/tmp/tmpmyj1jix5', '--error-file', '/tmp/tmpia250ryt']
[2022-07-19 09:28:01,269] {standard_task_runner.py:80} INFO - Job 209: Subtask say_hi
[2022-07-19 09:28:01,331] {task_command.py:370} INFO - Running <TaskInstance: simple_dag.say_hi scheduled__2022-07-19T09:27:00+00:00 [running]> on host 02ffb48252da
[2022-07-19 09:28:01,431] {taskinstance.py:1571} INFO - Exporting the following env vars:
AIRFLOW_CTX_DAG_OWNER=***
AIRFLOW_CTX_DAG_ID=simple_dag
AIRFLOW_CTX_TASK_ID=say_hi
AIRFLOW_CTX_EXECUTION_DATE=2022-07-19T09:27:00+00:00
AIRFLOW_CTX_TRY_NUMBER=1
AIRFLOW_CTX_DAG_RUN_ID=scheduled__2022-07-19T09:27:00+00:00
[2022-07-19 09:28:01,433] {subprocess.py:62} INFO - Tmp dir root location: 
 /tmp
[2022-07-19 09:28:01,434] {subprocess.py:74} INFO - Running command: ['bash', '-c', 'echo "Hi!!"']
[2022-07-19 09:28:01,444] {subprocess.py:85} INFO - Output:
[2022-07-19 09:28:01,446] {subprocess.py:92} INFO - Hi!!
[2022-07-19 09:28:01,446] {subprocess.py:96} INFO - Command exited with return code 0
[2022-07-19 09:28:01,492] {taskinstance.py:1400} INFO - Marking task as SUCCESS. dag_id=simple_dag, task_id=say_hi, execution_date=20220719T092700, start_date=20220719T092801, end_date=20220719T092801
[2022-07-19 09:28:01,522] {local_task_job.py:156} INFO - Task exited with return code 0
[2022-07-19 09:28:01,601] {local_task_job.py:273} INFO - 1 downstream tasks scheduled from follow-on schedule check
