[2022-07-19 11:21:05,077] {taskinstance.py:1159} INFO - Dependencies all met for <TaskInstance: simple_dag.sleep_me scheduled__2022-07-19T11:20:00+00:00 [queued]>
[2022-07-19 11:21:05,110] {taskinstance.py:1159} INFO - Dependencies all met for <TaskInstance: simple_dag.sleep_me scheduled__2022-07-19T11:20:00+00:00 [queued]>
[2022-07-19 11:21:05,111] {taskinstance.py:1356} INFO - 
--------------------------------------------------------------------------------
[2022-07-19 11:21:05,112] {taskinstance.py:1357} INFO - Starting attempt 1 of 1
[2022-07-19 11:21:05,114] {taskinstance.py:1358} INFO - 
--------------------------------------------------------------------------------
[2022-07-19 11:21:05,169] {taskinstance.py:1377} INFO - Executing <Task(BashOperator): sleep_me> on 2022-07-19 11:20:00+00:00
[2022-07-19 11:21:05,181] {standard_task_runner.py:52} INFO - Started process 10861 to run task
[2022-07-19 11:21:05,191] {standard_task_runner.py:79} INFO - Running: ['***', 'tasks', 'run', 'simple_dag', 'sleep_me', 'scheduled__2022-07-19T11:20:00+00:00', '--job-id', '561', '--raw', '--subdir', 'DAGS_FOLDER/first_dag.py', '--cfg-path', '/tmp/tmpb_j2cu5w', '--error-file', '/tmp/tmpufqxup27']
[2022-07-19 11:21:05,193] {standard_task_runner.py:80} INFO - Job 561: Subtask sleep_me
[2022-07-19 11:21:05,377] {task_command.py:370} INFO - Running <TaskInstance: simple_dag.sleep_me scheduled__2022-07-19T11:20:00+00:00 [running]> on host 02ffb48252da
[2022-07-19 11:21:05,595] {taskinstance.py:1571} INFO - Exporting the following env vars:
AIRFLOW_CTX_DAG_OWNER=***
AIRFLOW_CTX_DAG_ID=simple_dag
AIRFLOW_CTX_TASK_ID=sleep_me
AIRFLOW_CTX_EXECUTION_DATE=2022-07-19T11:20:00+00:00
AIRFLOW_CTX_TRY_NUMBER=1
AIRFLOW_CTX_DAG_RUN_ID=scheduled__2022-07-19T11:20:00+00:00
[2022-07-19 11:21:05,597] {subprocess.py:62} INFO - Tmp dir root location: 
 /tmp
[2022-07-19 11:21:05,598] {subprocess.py:74} INFO - Running command: ['bash', '-c', 'sleep 5']
[2022-07-19 11:21:05,615] {subprocess.py:85} INFO - Output:
[2022-07-19 11:21:10,624] {subprocess.py:96} INFO - Command exited with return code 0
[2022-07-19 11:21:10,762] {taskinstance.py:1400} INFO - Marking task as SUCCESS. dag_id=simple_dag, task_id=sleep_me, execution_date=20220719T112000, start_date=20220719T112105, end_date=20220719T112110
[2022-07-19 11:21:10,803] {local_task_job.py:156} INFO - Task exited with return code 0
[2022-07-19 11:21:10,852] {local_task_job.py:273} INFO - 1 downstream tasks scheduled from follow-on schedule check
