[2022-07-19 12:05:11,403] {taskinstance.py:1159} INFO - Dependencies all met for <TaskInstance: simple_dag.respond scheduled__2022-07-19T12:04:00+00:00 [queued]>
[2022-07-19 12:05:11,419] {taskinstance.py:1159} INFO - Dependencies all met for <TaskInstance: simple_dag.respond scheduled__2022-07-19T12:04:00+00:00 [queued]>
[2022-07-19 12:05:11,419] {taskinstance.py:1356} INFO - 
--------------------------------------------------------------------------------
[2022-07-19 12:05:11,420] {taskinstance.py:1357} INFO - Starting attempt 1 of 1
[2022-07-19 12:05:11,422] {taskinstance.py:1358} INFO - 
--------------------------------------------------------------------------------
[2022-07-19 12:05:11,451] {taskinstance.py:1377} INFO - Executing <Task(PythonOperator): respond> on 2022-07-19 12:04:00+00:00
[2022-07-19 12:05:11,460] {standard_task_runner.py:52} INFO - Started process 13245 to run task
[2022-07-19 12:05:11,468] {standard_task_runner.py:79} INFO - Running: ['***', 'tasks', 'run', 'simple_dag', 'respond', 'scheduled__2022-07-19T12:04:00+00:00', '--job-id', '694', '--raw', '--subdir', 'DAGS_FOLDER/first_dag.py', '--cfg-path', '/tmp/tmptg0cm7c1', '--error-file', '/tmp/tmp9o4xdl7x']
[2022-07-19 12:05:11,470] {standard_task_runner.py:80} INFO - Job 694: Subtask respond
[2022-07-19 12:05:11,585] {task_command.py:370} INFO - Running <TaskInstance: simple_dag.respond scheduled__2022-07-19T12:04:00+00:00 [running]> on host 02ffb48252da
[2022-07-19 12:05:11,673] {taskinstance.py:1571} INFO - Exporting the following env vars:
AIRFLOW_CTX_DAG_OWNER=***
AIRFLOW_CTX_DAG_ID=simple_dag
AIRFLOW_CTX_TASK_ID=respond
AIRFLOW_CTX_EXECUTION_DATE=2022-07-19T12:04:00+00:00
AIRFLOW_CTX_TRY_NUMBER=1
AIRFLOW_CTX_DAG_RUN_ID=scheduled__2022-07-19T12:04:00+00:00
[2022-07-19 12:05:21,371] {logging_mixin.py:115} INFO - (2724, 1)
[2022-07-19 12:05:21,381] {python.py:173} INFO - Done. Returned value was: Greet Responded Again
[2022-07-19 12:05:21,500] {taskinstance.py:1400} INFO - Marking task as SUCCESS. dag_id=simple_dag, task_id=respond, execution_date=20220719T120400, start_date=20220719T120511, end_date=20220719T120521
[2022-07-19 12:05:21,556] {local_task_job.py:156} INFO - Task exited with return code 0
[2022-07-19 12:05:21,627] {local_task_job.py:273} INFO - 0 downstream tasks scheduled from follow-on schedule check
