[2022-07-19 09:04:01,065] {taskinstance.py:1159} INFO - Dependencies all met for <TaskInstance: simple_dag.say_hi scheduled__2022-07-19T09:03:00+00:00 [queued]>
[2022-07-19 09:04:01,075] {taskinstance.py:1159} INFO - Dependencies all met for <TaskInstance: simple_dag.say_hi scheduled__2022-07-19T09:03:00+00:00 [queued]>
[2022-07-19 09:04:01,076] {taskinstance.py:1356} INFO - 
--------------------------------------------------------------------------------
[2022-07-19 09:04:01,076] {taskinstance.py:1357} INFO - Starting attempt 1 of 1
[2022-07-19 09:04:01,077] {taskinstance.py:1358} INFO - 
--------------------------------------------------------------------------------
[2022-07-19 09:04:01,097] {taskinstance.py:1377} INFO - Executing <Task(BashOperator): say_hi> on 2022-07-19 09:03:00+00:00
[2022-07-19 09:04:01,102] {standard_task_runner.py:52} INFO - Started process 3153 to run task
[2022-07-19 09:04:01,106] {standard_task_runner.py:79} INFO - Running: ['***', 'tasks', 'run', 'simple_dag', 'say_hi', 'scheduled__2022-07-19T09:03:00+00:00', '--job-id', '137', '--raw', '--subdir', 'DAGS_FOLDER/first_dag.py', '--cfg-path', '/tmp/tmpr6n51hii', '--error-file', '/tmp/tmpbbl5pj33']
[2022-07-19 09:04:01,107] {standard_task_runner.py:80} INFO - Job 137: Subtask say_hi
[2022-07-19 09:04:01,170] {task_command.py:370} INFO - Running <TaskInstance: simple_dag.say_hi scheduled__2022-07-19T09:03:00+00:00 [running]> on host 02ffb48252da
[2022-07-19 09:04:01,288] {taskinstance.py:1571} INFO - Exporting the following env vars:
AIRFLOW_CTX_DAG_OWNER=***
AIRFLOW_CTX_DAG_ID=simple_dag
AIRFLOW_CTX_TASK_ID=say_hi
AIRFLOW_CTX_EXECUTION_DATE=2022-07-19T09:03:00+00:00
AIRFLOW_CTX_TRY_NUMBER=1
AIRFLOW_CTX_DAG_RUN_ID=scheduled__2022-07-19T09:03:00+00:00
[2022-07-19 09:04:01,291] {subprocess.py:62} INFO - Tmp dir root location: 
 /tmp
[2022-07-19 09:04:01,292] {subprocess.py:74} INFO - Running command: ['bash', '-c', 'echo "Hi!!"']
[2022-07-19 09:04:01,307] {subprocess.py:85} INFO - Output:
[2022-07-19 09:04:01,308] {subprocess.py:92} INFO - Hi!!
[2022-07-19 09:04:01,309] {subprocess.py:96} INFO - Command exited with return code 0
[2022-07-19 09:04:01,342] {taskinstance.py:1400} INFO - Marking task as SUCCESS. dag_id=simple_dag, task_id=say_hi, execution_date=20220719T090300, start_date=20220719T090401, end_date=20220719T090401
[2022-07-19 09:04:01,360] {local_task_job.py:156} INFO - Task exited with return code 0
[2022-07-19 09:04:01,403] {local_task_job.py:273} INFO - 1 downstream tasks scheduled from follow-on schedule check
