[2022-07-19 21:14:06,820] {taskinstance.py:1159} INFO - Dependencies all met for <TaskInstance: simple_dag.respond scheduled__2022-07-19T21:13:00+00:00 [queued]>
[2022-07-19 21:14:06,845] {taskinstance.py:1159} INFO - Dependencies all met for <TaskInstance: simple_dag.respond scheduled__2022-07-19T21:13:00+00:00 [queued]>
[2022-07-19 21:14:06,846] {taskinstance.py:1356} INFO - 
--------------------------------------------------------------------------------
[2022-07-19 21:14:06,847] {taskinstance.py:1357} INFO - Starting attempt 1 of 1
[2022-07-19 21:14:06,850] {taskinstance.py:1358} INFO - 
--------------------------------------------------------------------------------
[2022-07-19 21:14:06,897] {taskinstance.py:1377} INFO - Executing <Task(PythonOperator): respond> on 2022-07-19 21:13:00+00:00
[2022-07-19 21:14:06,906] {standard_task_runner.py:52} INFO - Started process 6033 to run task
[2022-07-19 21:14:06,913] {standard_task_runner.py:79} INFO - Running: ['***', 'tasks', 'run', 'simple_dag', 'respond', 'scheduled__2022-07-19T21:13:00+00:00', '--job-id', '852', '--raw', '--subdir', 'DAGS_FOLDER/first_dag.py', '--cfg-path', '/tmp/tmpo05dvqmn', '--error-file', '/tmp/tmpov99eame']
[2022-07-19 21:14:06,916] {standard_task_runner.py:80} INFO - Job 852: Subtask respond
[2022-07-19 21:14:07,049] {task_command.py:370} INFO - Running <TaskInstance: simple_dag.respond scheduled__2022-07-19T21:13:00+00:00 [running]> on host bc1c26dbd036
[2022-07-19 21:14:07,316] {taskinstance.py:1571} INFO - Exporting the following env vars:
AIRFLOW_CTX_DAG_OWNER=***
AIRFLOW_CTX_DAG_ID=simple_dag
AIRFLOW_CTX_TASK_ID=respond
AIRFLOW_CTX_EXECUTION_DATE=2022-07-19T21:13:00+00:00
AIRFLOW_CTX_TRY_NUMBER=1
AIRFLOW_CTX_DAG_RUN_ID=scheduled__2022-07-19T21:13:00+00:00
[2022-07-19 21:14:07,318] {python.py:173} INFO - Done. Returned value was: Greet Responded Again
[2022-07-19 21:14:07,367] {taskinstance.py:1400} INFO - Marking task as SUCCESS. dag_id=simple_dag, task_id=respond, execution_date=20220719T211300, start_date=20220719T211406, end_date=20220719T211407
[2022-07-19 21:14:07,408] {local_task_job.py:156} INFO - Task exited with return code 0
[2022-07-19 21:14:07,489] {local_task_job.py:273} INFO - 0 downstream tasks scheduled from follow-on schedule check
