[2022-07-19 09:10:01,411] {taskinstance.py:1159} INFO - Dependencies all met for <TaskInstance: simple_dag.say_hi scheduled__2022-07-19T09:09:00+00:00 [queued]>
[2022-07-19 09:10:01,422] {taskinstance.py:1159} INFO - Dependencies all met for <TaskInstance: simple_dag.say_hi scheduled__2022-07-19T09:09:00+00:00 [queued]>
[2022-07-19 09:10:01,422] {taskinstance.py:1356} INFO - 
--------------------------------------------------------------------------------
[2022-07-19 09:10:01,423] {taskinstance.py:1357} INFO - Starting attempt 1 of 1
[2022-07-19 09:10:01,424] {taskinstance.py:1358} INFO - 
--------------------------------------------------------------------------------
[2022-07-19 09:10:01,443] {taskinstance.py:1377} INFO - Executing <Task(BashOperator): say_hi> on 2022-07-19 09:09:00+00:00
[2022-07-19 09:10:01,448] {standard_task_runner.py:52} INFO - Started process 3483 to run task
[2022-07-19 09:10:01,451] {standard_task_runner.py:79} INFO - Running: ['***', 'tasks', 'run', 'simple_dag', 'say_hi', 'scheduled__2022-07-19T09:09:00+00:00', '--job-id', '155', '--raw', '--subdir', 'DAGS_FOLDER/first_dag.py', '--cfg-path', '/tmp/tmp7jc07ic7', '--error-file', '/tmp/tmp1u4qn6nl']
[2022-07-19 09:10:01,452] {standard_task_runner.py:80} INFO - Job 155: Subtask say_hi
[2022-07-19 09:10:01,513] {task_command.py:370} INFO - Running <TaskInstance: simple_dag.say_hi scheduled__2022-07-19T09:09:00+00:00 [running]> on host 02ffb48252da
[2022-07-19 09:10:01,597] {taskinstance.py:1571} INFO - Exporting the following env vars:
AIRFLOW_CTX_DAG_OWNER=***
AIRFLOW_CTX_DAG_ID=simple_dag
AIRFLOW_CTX_TASK_ID=say_hi
AIRFLOW_CTX_EXECUTION_DATE=2022-07-19T09:09:00+00:00
AIRFLOW_CTX_TRY_NUMBER=1
AIRFLOW_CTX_DAG_RUN_ID=scheduled__2022-07-19T09:09:00+00:00
[2022-07-19 09:10:01,599] {subprocess.py:62} INFO - Tmp dir root location: 
 /tmp
[2022-07-19 09:10:01,600] {subprocess.py:74} INFO - Running command: ['bash', '-c', 'echo "Hi!!"']
[2022-07-19 09:10:01,609] {subprocess.py:85} INFO - Output:
[2022-07-19 09:10:01,610] {subprocess.py:92} INFO - Hi!!
[2022-07-19 09:10:01,611] {subprocess.py:96} INFO - Command exited with return code 0
[2022-07-19 09:10:01,642] {taskinstance.py:1400} INFO - Marking task as SUCCESS. dag_id=simple_dag, task_id=say_hi, execution_date=20220719T090900, start_date=20220719T091001, end_date=20220719T091001
[2022-07-19 09:10:01,666] {local_task_job.py:156} INFO - Task exited with return code 0
[2022-07-19 09:10:01,711] {local_task_job.py:273} INFO - 1 downstream tasks scheduled from follow-on schedule check
