[2022-07-07 10:15:03,791] {taskinstance.py:1159} INFO - Dependencies all met for <TaskInstance: example_bash_operator.this_will_skip scheduled__2022-07-06T00:00:00+00:00 [queued]>
[2022-07-07 10:15:03,816] {taskinstance.py:1159} INFO - Dependencies all met for <TaskInstance: example_bash_operator.this_will_skip scheduled__2022-07-06T00:00:00+00:00 [queued]>
[2022-07-07 10:15:03,817] {taskinstance.py:1356} INFO - 
--------------------------------------------------------------------------------
[2022-07-07 10:15:03,819] {taskinstance.py:1357} INFO - Starting attempt 1 of 1
[2022-07-07 10:15:03,820] {taskinstance.py:1358} INFO - 
--------------------------------------------------------------------------------
[2022-07-07 10:15:03,860] {taskinstance.py:1377} INFO - Executing <Task(BashOperator): this_will_skip> on 2022-07-06 00:00:00+00:00
[2022-07-07 10:15:03,867] {standard_task_runner.py:52} INFO - Started process 247 to run task
[2022-07-07 10:15:03,881] {standard_task_runner.py:79} INFO - Running: ['***', 'tasks', 'run', 'example_bash_operator', 'this_will_skip', 'scheduled__2022-07-06T00:00:00+00:00', '--job-id', '6', '--raw', '--subdir', '/home/***/.local/lib/python3.7/site-packages/***/example_dags/example_bash_operator.py', '--cfg-path', '/tmp/tmpt0dw1la4', '--error-file', '/tmp/tmpbrjgd2r2']
[2022-07-07 10:15:03,882] {standard_task_runner.py:80} INFO - Job 6: Subtask this_will_skip
[2022-07-07 10:15:04,039] {task_command.py:370} INFO - Running <TaskInstance: example_bash_operator.this_will_skip scheduled__2022-07-06T00:00:00+00:00 [running]> on host 7e4975988781
[2022-07-07 10:15:04,311] {taskinstance.py:1571} INFO - Exporting the following env vars:
AIRFLOW_CTX_DAG_OWNER=***
AIRFLOW_CTX_DAG_ID=example_bash_operator
AIRFLOW_CTX_TASK_ID=this_will_skip
AIRFLOW_CTX_EXECUTION_DATE=2022-07-06T00:00:00+00:00
AIRFLOW_CTX_TRY_NUMBER=1
AIRFLOW_CTX_DAG_RUN_ID=scheduled__2022-07-06T00:00:00+00:00
[2022-07-07 10:15:04,314] {subprocess.py:62} INFO - Tmp dir root location: 
 /tmp
[2022-07-07 10:15:04,316] {subprocess.py:74} INFO - Running command: ['bash', '-c', 'echo "hello world"; exit 99;']
[2022-07-07 10:15:04,340] {subprocess.py:85} INFO - Output:
[2022-07-07 10:15:04,344] {subprocess.py:92} INFO - hello world
[2022-07-07 10:15:04,346] {subprocess.py:96} INFO - Command exited with return code 99
[2022-07-07 10:15:04,349] {taskinstance.py:1478} INFO - Bash command returned exit code 99. Skipping.
[2022-07-07 10:15:04,387] {taskinstance.py:1400} INFO - Marking task as SKIPPED. dag_id=example_bash_operator, task_id=this_will_skip, execution_date=20220706T000000, start_date=20220707T101503, end_date=20220707T101504
[2022-07-07 10:15:04,450] {local_task_job.py:156} INFO - Task exited with return code 0
[2022-07-07 10:15:04,563] {local_task_job.py:273} INFO - 0 downstream tasks scheduled from follow-on schedule check
