[2022-07-19 11:46:12,750] {taskinstance.py:1159} INFO - Dependencies all met for <TaskInstance: simple_dag.respond scheduled__2022-07-19T11:45:00+00:00 [queued]>
[2022-07-19 11:46:12,780] {taskinstance.py:1159} INFO - Dependencies all met for <TaskInstance: simple_dag.respond scheduled__2022-07-19T11:45:00+00:00 [queued]>
[2022-07-19 11:46:12,781] {taskinstance.py:1356} INFO - 
--------------------------------------------------------------------------------
[2022-07-19 11:46:12,783] {taskinstance.py:1357} INFO - Starting attempt 1 of 1
[2022-07-19 11:46:12,872] {taskinstance.py:1358} INFO - 
--------------------------------------------------------------------------------
[2022-07-19 11:46:12,926] {taskinstance.py:1377} INFO - Executing <Task(PythonOperator): respond> on 2022-07-19 11:45:00+00:00
[2022-07-19 11:46:12,939] {standard_task_runner.py:52} INFO - Started process 12242 to run task
[2022-07-19 11:46:12,951] {standard_task_runner.py:79} INFO - Running: ['***', 'tasks', 'run', 'simple_dag', 'respond', 'scheduled__2022-07-19T11:45:00+00:00', '--job-id', '637', '--raw', '--subdir', 'DAGS_FOLDER/first_dag.py', '--cfg-path', '/tmp/tmpydgny2bt', '--error-file', '/tmp/tmp4tbdsr6f']
[2022-07-19 11:46:12,954] {standard_task_runner.py:80} INFO - Job 637: Subtask respond
[2022-07-19 11:46:13,086] {task_command.py:370} INFO - Running <TaskInstance: simple_dag.respond scheduled__2022-07-19T11:45:00+00:00 [running]> on host 02ffb48252da
[2022-07-19 11:46:13,206] {taskinstance.py:1571} INFO - Exporting the following env vars:
AIRFLOW_CTX_DAG_OWNER=***
AIRFLOW_CTX_DAG_ID=simple_dag
AIRFLOW_CTX_TASK_ID=respond
AIRFLOW_CTX_EXECUTION_DATE=2022-07-19T11:45:00+00:00
AIRFLOW_CTX_TRY_NUMBER=1
AIRFLOW_CTX_DAG_RUN_ID=scheduled__2022-07-19T11:45:00+00:00
[2022-07-19 11:46:20,540] {logging_mixin.py:115} INFO - (2724, 1)
[2022-07-19 11:46:20,555] {python.py:173} INFO - Done. Returned value was: Greet Responded Again
[2022-07-19 11:46:20,711] {taskinstance.py:1400} INFO - Marking task as SUCCESS. dag_id=simple_dag, task_id=respond, execution_date=20220719T114500, start_date=20220719T114612, end_date=20220719T114620
[2022-07-19 11:46:20,797] {local_task_job.py:156} INFO - Task exited with return code 0
[2022-07-19 11:46:20,887] {local_task_job.py:273} INFO - 0 downstream tasks scheduled from follow-on schedule check
