[2022-07-19 08:22:34,032] {taskinstance.py:1159} INFO - Dependencies all met for <TaskInstance: simple_dag.say_hi manual__2022-07-19T08:22:32.729866+00:00 [queued]>
[2022-07-19 08:22:34,040] {taskinstance.py:1159} INFO - Dependencies all met for <TaskInstance: simple_dag.say_hi manual__2022-07-19T08:22:32.729866+00:00 [queued]>
[2022-07-19 08:22:34,041] {taskinstance.py:1356} INFO - 
--------------------------------------------------------------------------------
[2022-07-19 08:22:34,041] {taskinstance.py:1357} INFO - Starting attempt 1 of 1
[2022-07-19 08:22:34,042] {taskinstance.py:1358} INFO - 
--------------------------------------------------------------------------------
[2022-07-19 08:22:34,060] {taskinstance.py:1377} INFO - Executing <Task(BashOperator): say_hi> on 2022-07-19 08:22:32.729866+00:00
[2022-07-19 08:22:34,064] {standard_task_runner.py:52} INFO - Started process 920 to run task
[2022-07-19 08:22:34,067] {standard_task_runner.py:79} INFO - Running: ['***', 'tasks', 'run', 'simple_dag', 'say_hi', 'manual__2022-07-19T08:22:32.729866+00:00', '--job-id', '32', '--raw', '--subdir', 'DAGS_FOLDER/first_dag.py', '--cfg-path', '/tmp/tmpeur2d83q', '--error-file', '/tmp/tmp0epntg8d']
[2022-07-19 08:22:34,068] {standard_task_runner.py:80} INFO - Job 32: Subtask say_hi
[2022-07-19 08:22:34,140] {task_command.py:370} INFO - Running <TaskInstance: simple_dag.say_hi manual__2022-07-19T08:22:32.729866+00:00 [running]> on host 02ffb48252da
[2022-07-19 08:22:34,220] {taskinstance.py:1571} INFO - Exporting the following env vars:
AIRFLOW_CTX_DAG_OWNER=***
AIRFLOW_CTX_DAG_ID=simple_dag
AIRFLOW_CTX_TASK_ID=say_hi
AIRFLOW_CTX_EXECUTION_DATE=2022-07-19T08:22:32.729866+00:00
AIRFLOW_CTX_TRY_NUMBER=1
AIRFLOW_CTX_DAG_RUN_ID=manual__2022-07-19T08:22:32.729866+00:00
[2022-07-19 08:22:34,222] {subprocess.py:62} INFO - Tmp dir root location: 
 /tmp
[2022-07-19 08:22:34,223] {subprocess.py:74} INFO - Running command: ['bash', '-c', 'echo "Hi!!"']
[2022-07-19 08:22:34,232] {subprocess.py:85} INFO - Output:
[2022-07-19 08:22:34,234] {subprocess.py:92} INFO - Hi!!
[2022-07-19 08:22:34,234] {subprocess.py:96} INFO - Command exited with return code 0
[2022-07-19 08:22:34,267] {taskinstance.py:1400} INFO - Marking task as SUCCESS. dag_id=simple_dag, task_id=say_hi, execution_date=20220719T082232, start_date=20220719T082234, end_date=20220719T082234
[2022-07-19 08:22:34,321] {local_task_job.py:156} INFO - Task exited with return code 0
[2022-07-19 08:22:34,367] {local_task_job.py:273} INFO - 1 downstream tasks scheduled from follow-on schedule check
