[2022-07-19 13:45:09,767] {taskinstance.py:1159} INFO - Dependencies all met for <TaskInstance: simple_dag.respond scheduled__2022-07-19T13:44:00+00:00 [queued]>
[2022-07-19 13:45:09,779] {taskinstance.py:1159} INFO - Dependencies all met for <TaskInstance: simple_dag.respond scheduled__2022-07-19T13:44:00+00:00 [queued]>
[2022-07-19 13:45:09,780] {taskinstance.py:1356} INFO - 
--------------------------------------------------------------------------------
[2022-07-19 13:45:09,781] {taskinstance.py:1357} INFO - Starting attempt 1 of 1
[2022-07-19 13:45:09,782] {taskinstance.py:1358} INFO - 
--------------------------------------------------------------------------------
[2022-07-19 13:45:09,804] {taskinstance.py:1377} INFO - Executing <Task(PythonOperator): respond> on 2022-07-19 13:44:00+00:00
[2022-07-19 13:45:09,810] {standard_task_runner.py:52} INFO - Started process 984 to run task
[2022-07-19 13:45:09,815] {standard_task_runner.py:79} INFO - Running: ['***', 'tasks', 'run', 'simple_dag', 'respond', 'scheduled__2022-07-19T13:44:00+00:00', '--job-id', '782', '--raw', '--subdir', 'DAGS_FOLDER/first_dag.py', '--cfg-path', '/tmp/tmpoopnc3ua', '--error-file', '/tmp/tmpfg003hwy']
[2022-07-19 13:45:09,816] {standard_task_runner.py:80} INFO - Job 782: Subtask respond
[2022-07-19 13:45:09,883] {task_command.py:370} INFO - Running <TaskInstance: simple_dag.respond scheduled__2022-07-19T13:44:00+00:00 [running]> on host 1ead164eba69
[2022-07-19 13:45:10,035] {taskinstance.py:1571} INFO - Exporting the following env vars:
AIRFLOW_CTX_DAG_OWNER=***
AIRFLOW_CTX_DAG_ID=simple_dag
AIRFLOW_CTX_TASK_ID=respond
AIRFLOW_CTX_EXECUTION_DATE=2022-07-19T13:44:00+00:00
AIRFLOW_CTX_TRY_NUMBER=1
AIRFLOW_CTX_DAG_RUN_ID=scheduled__2022-07-19T13:44:00+00:00
[2022-07-19 13:45:16,558] {logging_mixin.py:115} INFO - (2724, 1)
[2022-07-19 13:45:16,571] {python.py:173} INFO - Done. Returned value was: Greet Responded Again
[2022-07-19 13:45:16,689] {taskinstance.py:1400} INFO - Marking task as SUCCESS. dag_id=simple_dag, task_id=respond, execution_date=20220719T134400, start_date=20220719T134509, end_date=20220719T134516
[2022-07-19 13:45:16,748] {local_task_job.py:156} INFO - Task exited with return code 0
[2022-07-19 13:45:16,786] {local_task_job.py:273} INFO - 0 downstream tasks scheduled from follow-on schedule check
[2022-07-19 13:45:16,812] {dagrun.py:562} INFO - Marking run <DagRun simple_dag @ 2022-07-19 13:44:00+00:00: scheduled__2022-07-19T13:44:00+00:00, externally triggered: False> successful
[2022-07-19 13:45:16,813] {dagrun.py:622} INFO - DagRun Finished: dag_id=simple_dag, execution_date=2022-07-19 13:44:00+00:00, run_id=scheduled__2022-07-19T13:44:00+00:00, run_start_date=2022-07-19 13:45:00.344950+00:00, run_end_date=2022-07-19 13:45:16.813571+00:00, run_duration=16.468621, state=success, external_trigger=False, run_type=scheduled, data_interval_start=2022-07-19 13:44:00+00:00, data_interval_end=2022-07-19 13:45:00+00:00, dag_hash=6b69d67528e2c0af8218dccf6229ccba
