[2022-07-19 21:24:02,751] {taskinstance.py:1159} INFO - Dependencies all met for <TaskInstance: simple_dag.read_data scheduled__2022-07-19T21:23:00+00:00 [queued]>
[2022-07-19 21:24:02,782] {taskinstance.py:1159} INFO - Dependencies all met for <TaskInstance: simple_dag.read_data scheduled__2022-07-19T21:23:00+00:00 [queued]>
[2022-07-19 21:24:02,783] {taskinstance.py:1356} INFO - 
--------------------------------------------------------------------------------
[2022-07-19 21:24:02,785] {taskinstance.py:1357} INFO - Starting attempt 1 of 1
[2022-07-19 21:24:02,787] {taskinstance.py:1358} INFO - 
--------------------------------------------------------------------------------
[2022-07-19 21:24:02,865] {taskinstance.py:1377} INFO - Executing <Task(PythonOperator): read_data> on 2022-07-19 21:23:00+00:00
[2022-07-19 21:24:02,880] {standard_task_runner.py:52} INFO - Started process 9948 to run task
[2022-07-19 21:24:02,895] {standard_task_runner.py:79} INFO - Running: ['***', 'tasks', 'run', 'simple_dag', 'read_data', 'scheduled__2022-07-19T21:23:00+00:00', '--job-id', '871', '--raw', '--subdir', 'DAGS_FOLDER/first_dag.py', '--cfg-path', '/tmp/tmpiopsv4y6', '--error-file', '/tmp/tmpwi3flrom']
[2022-07-19 21:24:02,900] {standard_task_runner.py:80} INFO - Job 871: Subtask read_data
[2022-07-19 21:24:03,146] {task_command.py:370} INFO - Running <TaskInstance: simple_dag.read_data scheduled__2022-07-19T21:23:00+00:00 [running]> on host bc1c26dbd036
[2022-07-19 21:24:03,393] {taskinstance.py:1571} INFO - Exporting the following env vars:
AIRFLOW_CTX_DAG_OWNER=***
AIRFLOW_CTX_DAG_ID=simple_dag
AIRFLOW_CTX_TASK_ID=read_data
AIRFLOW_CTX_EXECUTION_DATE=2022-07-19T21:23:00+00:00
AIRFLOW_CTX_TRY_NUMBER=1
AIRFLOW_CTX_DAG_RUN_ID=scheduled__2022-07-19T21:23:00+00:00
[2022-07-19 21:24:06,720] {python.py:173} INFO - Done. Returned value was: (922, 1)
[2022-07-19 21:24:06,847] {taskinstance.py:1400} INFO - Marking task as SUCCESS. dag_id=simple_dag, task_id=read_data, execution_date=20220719T212300, start_date=20220719T212402, end_date=20220719T212406
[2022-07-19 21:24:06,896] {local_task_job.py:156} INFO - Task exited with return code 0
[2022-07-19 21:24:06,991] {local_task_job.py:273} INFO - 1 downstream tasks scheduled from follow-on schedule check
