[2022-07-07 10:15:03,799] {taskinstance.py:1159} INFO - Dependencies all met for <TaskInstance: example_bash_operator.runme_2 manual__2022-07-07T10:15:00.578714+00:00 [queued]>
[2022-07-07 10:15:03,824] {taskinstance.py:1159} INFO - Dependencies all met for <TaskInstance: example_bash_operator.runme_2 manual__2022-07-07T10:15:00.578714+00:00 [queued]>
[2022-07-07 10:15:03,825] {taskinstance.py:1356} INFO - 
--------------------------------------------------------------------------------
[2022-07-07 10:15:03,826] {taskinstance.py:1357} INFO - Starting attempt 1 of 1
[2022-07-07 10:15:03,827] {taskinstance.py:1358} INFO - 
--------------------------------------------------------------------------------
[2022-07-07 10:15:03,865] {taskinstance.py:1377} INFO - Executing <Task(BashOperator): runme_2> on 2022-07-07 10:15:00.578714+00:00
[2022-07-07 10:15:03,873] {standard_task_runner.py:52} INFO - Started process 248 to run task
[2022-07-07 10:15:03,884] {standard_task_runner.py:79} INFO - Running: ['***', 'tasks', 'run', 'example_bash_operator', 'runme_2', 'manual__2022-07-07T10:15:00.578714+00:00', '--job-id', '12', '--raw', '--subdir', '/home/***/.local/lib/python3.7/site-packages/***/example_dags/example_bash_operator.py', '--cfg-path', '/tmp/tmpg9teaq18', '--error-file', '/tmp/tmpxlc4jwo8']
[2022-07-07 10:15:03,886] {standard_task_runner.py:80} INFO - Job 12: Subtask runme_2
[2022-07-07 10:15:04,040] {task_command.py:370} INFO - Running <TaskInstance: example_bash_operator.runme_2 manual__2022-07-07T10:15:00.578714+00:00 [running]> on host 7e4975988781
[2022-07-07 10:15:04,321] {taskinstance.py:1571} INFO - Exporting the following env vars:
AIRFLOW_CTX_DAG_OWNER=***
AIRFLOW_CTX_DAG_ID=example_bash_operator
AIRFLOW_CTX_TASK_ID=runme_2
AIRFLOW_CTX_EXECUTION_DATE=2022-07-07T10:15:00.578714+00:00
AIRFLOW_CTX_TRY_NUMBER=1
AIRFLOW_CTX_DAG_RUN_ID=manual__2022-07-07T10:15:00.578714+00:00
[2022-07-07 10:15:04,324] {subprocess.py:62} INFO - Tmp dir root location: 
 /tmp
[2022-07-07 10:15:04,327] {subprocess.py:74} INFO - Running command: ['bash', '-c', 'echo "example_bash_operator__runme_2__20220707" && sleep 1']
[2022-07-07 10:15:04,349] {subprocess.py:85} INFO - Output:
[2022-07-07 10:15:04,352] {subprocess.py:92} INFO - example_bash_operator__runme_2__20220707
[2022-07-07 10:15:05,356] {subprocess.py:96} INFO - Command exited with return code 0
[2022-07-07 10:15:05,436] {taskinstance.py:1400} INFO - Marking task as SUCCESS. dag_id=example_bash_operator, task_id=runme_2, execution_date=20220707T101500, start_date=20220707T101503, end_date=20220707T101505
[2022-07-07 10:15:05,506] {local_task_job.py:156} INFO - Task exited with return code 0
[2022-07-07 10:15:05,585] {local_task_job.py:273} INFO - 1 downstream tasks scheduled from follow-on schedule check
