[2022-07-19 21:01:26,695] {taskinstance.py:1159} INFO - Dependencies all met for <TaskInstance: simple_dag.respond manual__2022-07-19T21:01:19.026942+00:00 [queued]>
[2022-07-19 21:01:26,730] {taskinstance.py:1159} INFO - Dependencies all met for <TaskInstance: simple_dag.respond manual__2022-07-19T21:01:19.026942+00:00 [queued]>
[2022-07-19 21:01:26,731] {taskinstance.py:1356} INFO - 
--------------------------------------------------------------------------------
[2022-07-19 21:01:26,731] {taskinstance.py:1357} INFO - Starting attempt 1 of 1
[2022-07-19 21:01:26,744] {taskinstance.py:1358} INFO - 
--------------------------------------------------------------------------------
[2022-07-19 21:01:26,786] {taskinstance.py:1377} INFO - Executing <Task(PythonOperator): respond> on 2022-07-19 21:01:19.026942+00:00
[2022-07-19 21:01:26,795] {standard_task_runner.py:52} INFO - Started process 1061 to run task
[2022-07-19 21:01:26,801] {standard_task_runner.py:79} INFO - Running: ['***', 'tasks', 'run', 'simple_dag', 'respond', 'manual__2022-07-19T21:01:19.026942+00:00', '--job-id', '826', '--raw', '--subdir', 'DAGS_FOLDER/first_dag.py', '--cfg-path', '/tmp/tmp5f02vx63', '--error-file', '/tmp/tmpqdlmswjx']
[2022-07-19 21:01:26,802] {standard_task_runner.py:80} INFO - Job 826: Subtask respond
[2022-07-19 21:01:26,909] {task_command.py:370} INFO - Running <TaskInstance: simple_dag.respond manual__2022-07-19T21:01:19.026942+00:00 [running]> on host bc1c26dbd036
[2022-07-19 21:01:27,180] {taskinstance.py:1571} INFO - Exporting the following env vars:
AIRFLOW_CTX_DAG_OWNER=***
AIRFLOW_CTX_DAG_ID=simple_dag
AIRFLOW_CTX_TASK_ID=respond
AIRFLOW_CTX_EXECUTION_DATE=2022-07-19T21:01:19.026942+00:00
AIRFLOW_CTX_TRY_NUMBER=1
AIRFLOW_CTX_DAG_RUN_ID=manual__2022-07-19T21:01:19.026942+00:00
[2022-07-19 21:01:27,182] {python.py:173} INFO - Done. Returned value was: Greet Responded Again
[2022-07-19 21:01:27,232] {taskinstance.py:1400} INFO - Marking task as SUCCESS. dag_id=simple_dag, task_id=respond, execution_date=20220719T210119, start_date=20220719T210126, end_date=20220719T210127
[2022-07-19 21:01:27,294] {local_task_job.py:156} INFO - Task exited with return code 0
[2022-07-19 21:01:27,343] {local_task_job.py:273} INFO - 0 downstream tasks scheduled from follow-on schedule check
