[2022-07-19 21:48:01,498] {taskinstance.py:1159} INFO - Dependencies all met for <TaskInstance: simple_dag.read_data scheduled__2022-07-19T21:47:00+00:00 [queued]>
[2022-07-19 21:48:01,506] {taskinstance.py:1159} INFO - Dependencies all met for <TaskInstance: simple_dag.read_data scheduled__2022-07-19T21:47:00+00:00 [queued]>
[2022-07-19 21:48:01,506] {taskinstance.py:1356} INFO - 
--------------------------------------------------------------------------------
[2022-07-19 21:48:01,507] {taskinstance.py:1357} INFO - Starting attempt 1 of 1
[2022-07-19 21:48:01,507] {taskinstance.py:1358} INFO - 
--------------------------------------------------------------------------------
[2022-07-19 21:48:01,523] {taskinstance.py:1377} INFO - Executing <Task(PythonOperator): read_data> on 2022-07-19 21:47:00+00:00
[2022-07-19 21:48:01,527] {standard_task_runner.py:52} INFO - Started process 19392 to run task
[2022-07-19 21:48:01,530] {standard_task_runner.py:79} INFO - Running: ['***', 'tasks', 'run', 'simple_dag', 'read_data', 'scheduled__2022-07-19T21:47:00+00:00', '--job-id', '933', '--raw', '--subdir', 'DAGS_FOLDER/first_dag.py', '--cfg-path', '/tmp/tmpc22vqgh5', '--error-file', '/tmp/tmpbb1uwnp8']
[2022-07-19 21:48:01,531] {standard_task_runner.py:80} INFO - Job 933: Subtask read_data
[2022-07-19 21:48:01,590] {task_command.py:370} INFO - Running <TaskInstance: simple_dag.read_data scheduled__2022-07-19T21:47:00+00:00 [running]> on host bc1c26dbd036
[2022-07-19 21:48:01,690] {taskinstance.py:1571} INFO - Exporting the following env vars:
AIRFLOW_CTX_DAG_OWNER=***
AIRFLOW_CTX_DAG_ID=simple_dag
AIRFLOW_CTX_TASK_ID=read_data
AIRFLOW_CTX_EXECUTION_DATE=2022-07-19T21:47:00+00:00
AIRFLOW_CTX_TRY_NUMBER=1
AIRFLOW_CTX_DAG_RUN_ID=scheduled__2022-07-19T21:47:00+00:00
[2022-07-19 21:48:01,700] {python.py:173} INFO - Done. Returned value was: (1, 10)
[2022-07-19 21:48:01,727] {taskinstance.py:1400} INFO - Marking task as SUCCESS. dag_id=simple_dag, task_id=read_data, execution_date=20220719T214700, start_date=20220719T214801, end_date=20220719T214801
[2022-07-19 21:48:01,784] {local_task_job.py:156} INFO - Task exited with return code 0
[2022-07-19 21:48:01,833] {local_task_job.py:273} INFO - 1 downstream tasks scheduled from follow-on schedule check
