[2022-07-19 21:04:02,841] {taskinstance.py:1159} INFO - Dependencies all met for <TaskInstance: simple_dag.read_data scheduled__2022-07-19T21:03:00+00:00 [queued]>
[2022-07-19 21:04:02,889] {taskinstance.py:1159} INFO - Dependencies all met for <TaskInstance: simple_dag.read_data scheduled__2022-07-19T21:03:00+00:00 [queued]>
[2022-07-19 21:04:02,891] {taskinstance.py:1356} INFO - 
--------------------------------------------------------------------------------
[2022-07-19 21:04:02,892] {taskinstance.py:1357} INFO - Starting attempt 1 of 1
[2022-07-19 21:04:02,901] {taskinstance.py:1358} INFO - 
--------------------------------------------------------------------------------
[2022-07-19 21:04:02,983] {taskinstance.py:1377} INFO - Executing <Task(PythonOperator): read_data> on 2022-07-19 21:03:00+00:00
[2022-07-19 21:04:03,004] {standard_task_runner.py:52} INFO - Started process 2106 to run task
[2022-07-19 21:04:03,021] {standard_task_runner.py:79} INFO - Running: ['***', 'tasks', 'run', 'simple_dag', 'read_data', 'scheduled__2022-07-19T21:03:00+00:00', '--job-id', '831', '--raw', '--subdir', 'DAGS_FOLDER/first_dag.py', '--cfg-path', '/tmp/tmplux3yn7n', '--error-file', '/tmp/tmpc1zfknf3']
[2022-07-19 21:04:03,025] {standard_task_runner.py:80} INFO - Job 831: Subtask read_data
[2022-07-19 21:04:03,288] {task_command.py:370} INFO - Running <TaskInstance: simple_dag.read_data scheduled__2022-07-19T21:03:00+00:00 [running]> on host bc1c26dbd036
[2022-07-19 21:04:03,480] {taskinstance.py:1571} INFO - Exporting the following env vars:
AIRFLOW_CTX_DAG_OWNER=***
AIRFLOW_CTX_DAG_ID=simple_dag
AIRFLOW_CTX_TASK_ID=read_data
AIRFLOW_CTX_EXECUTION_DATE=2022-07-19T21:03:00+00:00
AIRFLOW_CTX_TRY_NUMBER=1
AIRFLOW_CTX_DAG_RUN_ID=scheduled__2022-07-19T21:03:00+00:00
[2022-07-19 21:04:05,676] {python.py:173} INFO - Done. Returned value was: (922, 1)
[2022-07-19 21:04:05,765] {taskinstance.py:1400} INFO - Marking task as SUCCESS. dag_id=simple_dag, task_id=read_data, execution_date=20220719T210300, start_date=20220719T210402, end_date=20220719T210405
[2022-07-19 21:04:05,847] {local_task_job.py:156} INFO - Task exited with return code 0
[2022-07-19 21:04:06,045] {local_task_job.py:273} INFO - 0 downstream tasks scheduled from follow-on schedule check
