[2022-07-19 12:23:02,526] {taskinstance.py:1159} INFO - Dependencies all met for <TaskInstance: simple_dag.sleep_me scheduled__2022-07-19T12:22:00+00:00 [queued]>
[2022-07-19 12:23:02,533] {taskinstance.py:1159} INFO - Dependencies all met for <TaskInstance: simple_dag.sleep_me scheduled__2022-07-19T12:22:00+00:00 [queued]>
[2022-07-19 12:23:02,534] {taskinstance.py:1356} INFO - 
--------------------------------------------------------------------------------
[2022-07-19 12:23:02,534] {taskinstance.py:1357} INFO - Starting attempt 1 of 1
[2022-07-19 12:23:02,535] {taskinstance.py:1358} INFO - 
--------------------------------------------------------------------------------
[2022-07-19 12:23:02,552] {taskinstance.py:1377} INFO - Executing <Task(BashOperator): sleep_me> on 2022-07-19 12:22:00+00:00
[2022-07-19 12:23:02,558] {standard_task_runner.py:52} INFO - Started process 14275 to run task
[2022-07-19 12:23:02,560] {standard_task_runner.py:79} INFO - Running: ['***', 'tasks', 'run', 'simple_dag', 'sleep_me', 'scheduled__2022-07-19T12:22:00+00:00', '--job-id', '747', '--raw', '--subdir', 'DAGS_FOLDER/first_dag.py', '--cfg-path', '/tmp/tmpue72kfak', '--error-file', '/tmp/tmpsgqa4va3']
[2022-07-19 12:23:02,561] {standard_task_runner.py:80} INFO - Job 747: Subtask sleep_me
[2022-07-19 12:23:02,616] {task_command.py:370} INFO - Running <TaskInstance: simple_dag.sleep_me scheduled__2022-07-19T12:22:00+00:00 [running]> on host 02ffb48252da
[2022-07-19 12:23:02,700] {taskinstance.py:1571} INFO - Exporting the following env vars:
AIRFLOW_CTX_DAG_OWNER=***
AIRFLOW_CTX_DAG_ID=simple_dag
AIRFLOW_CTX_TASK_ID=sleep_me
AIRFLOW_CTX_EXECUTION_DATE=2022-07-19T12:22:00+00:00
AIRFLOW_CTX_TRY_NUMBER=1
AIRFLOW_CTX_DAG_RUN_ID=scheduled__2022-07-19T12:22:00+00:00
[2022-07-19 12:23:02,701] {subprocess.py:62} INFO - Tmp dir root location: 
 /tmp
[2022-07-19 12:23:02,702] {subprocess.py:74} INFO - Running command: ['bash', '-c', 'sleep 5']
[2022-07-19 12:23:02,713] {subprocess.py:85} INFO - Output:
[2022-07-19 12:23:07,717] {subprocess.py:96} INFO - Command exited with return code 0
[2022-07-19 12:23:07,779] {taskinstance.py:1400} INFO - Marking task as SUCCESS. dag_id=simple_dag, task_id=sleep_me, execution_date=20220719T122200, start_date=20220719T122302, end_date=20220719T122307
[2022-07-19 12:23:07,807] {local_task_job.py:156} INFO - Task exited with return code 0
[2022-07-19 12:23:07,836] {local_task_job.py:273} INFO - 1 downstream tasks scheduled from follow-on schedule check
