[2022-07-19 21:06:06,921] {taskinstance.py:1159} INFO - Dependencies all met for <TaskInstance: simple_dag.respond scheduled__2022-07-19T21:05:00+00:00 [queued]>
[2022-07-19 21:06:06,936] {taskinstance.py:1159} INFO - Dependencies all met for <TaskInstance: simple_dag.respond scheduled__2022-07-19T21:05:00+00:00 [queued]>
[2022-07-19 21:06:06,936] {taskinstance.py:1356} INFO - 
--------------------------------------------------------------------------------
[2022-07-19 21:06:06,937] {taskinstance.py:1357} INFO - Starting attempt 1 of 1
[2022-07-19 21:06:06,941] {taskinstance.py:1358} INFO - 
--------------------------------------------------------------------------------
[2022-07-19 21:06:06,967] {taskinstance.py:1377} INFO - Executing <Task(PythonOperator): respond> on 2022-07-19 21:05:00+00:00
[2022-07-19 21:06:06,974] {standard_task_runner.py:52} INFO - Started process 2939 to run task
[2022-07-19 21:06:06,978] {standard_task_runner.py:79} INFO - Running: ['***', 'tasks', 'run', 'simple_dag', 'respond', 'scheduled__2022-07-19T21:05:00+00:00', '--job-id', '836', '--raw', '--subdir', 'DAGS_FOLDER/first_dag.py', '--cfg-path', '/tmp/tmppsvy_aqj', '--error-file', '/tmp/tmpg6dh4tdt']
[2022-07-19 21:06:06,980] {standard_task_runner.py:80} INFO - Job 836: Subtask respond
[2022-07-19 21:06:07,074] {task_command.py:370} INFO - Running <TaskInstance: simple_dag.respond scheduled__2022-07-19T21:05:00+00:00 [running]> on host bc1c26dbd036
[2022-07-19 21:06:07,208] {taskinstance.py:1571} INFO - Exporting the following env vars:
AIRFLOW_CTX_DAG_OWNER=***
AIRFLOW_CTX_DAG_ID=simple_dag
AIRFLOW_CTX_TASK_ID=respond
AIRFLOW_CTX_EXECUTION_DATE=2022-07-19T21:05:00+00:00
AIRFLOW_CTX_TRY_NUMBER=1
AIRFLOW_CTX_DAG_RUN_ID=scheduled__2022-07-19T21:05:00+00:00
[2022-07-19 21:06:07,211] {python.py:173} INFO - Done. Returned value was: Greet Responded Again
[2022-07-19 21:06:07,266] {taskinstance.py:1400} INFO - Marking task as SUCCESS. dag_id=simple_dag, task_id=respond, execution_date=20220719T210500, start_date=20220719T210606, end_date=20220719T210607
[2022-07-19 21:06:07,313] {local_task_job.py:156} INFO - Task exited with return code 0
[2022-07-19 21:06:07,389] {local_task_job.py:273} INFO - 0 downstream tasks scheduled from follow-on schedule check
