[2022-07-19 11:42:11,883] {taskinstance.py:1159} INFO - Dependencies all met for <TaskInstance: simple_dag.respond scheduled__2022-07-19T11:41:00+00:00 [queued]>
[2022-07-19 11:42:11,901] {taskinstance.py:1159} INFO - Dependencies all met for <TaskInstance: simple_dag.respond scheduled__2022-07-19T11:41:00+00:00 [queued]>
[2022-07-19 11:42:11,902] {taskinstance.py:1356} INFO - 
--------------------------------------------------------------------------------
[2022-07-19 11:42:11,903] {taskinstance.py:1357} INFO - Starting attempt 1 of 1
[2022-07-19 11:42:11,906] {taskinstance.py:1358} INFO - 
--------------------------------------------------------------------------------
[2022-07-19 11:42:11,938] {taskinstance.py:1377} INFO - Executing <Task(PythonOperator): respond> on 2022-07-19 11:41:00+00:00
[2022-07-19 11:42:11,947] {standard_task_runner.py:52} INFO - Started process 12020 to run task
[2022-07-19 11:42:11,955] {standard_task_runner.py:79} INFO - Running: ['***', 'tasks', 'run', 'simple_dag', 'respond', 'scheduled__2022-07-19T11:41:00+00:00', '--job-id', '625', '--raw', '--subdir', 'DAGS_FOLDER/first_dag.py', '--cfg-path', '/tmp/tmp3_o238uo', '--error-file', '/tmp/tmpnkkfwd_b']
[2022-07-19 11:42:11,957] {standard_task_runner.py:80} INFO - Job 625: Subtask respond
[2022-07-19 11:42:12,105] {task_command.py:370} INFO - Running <TaskInstance: simple_dag.respond scheduled__2022-07-19T11:41:00+00:00 [running]> on host 02ffb48252da
[2022-07-19 11:42:12,322] {taskinstance.py:1571} INFO - Exporting the following env vars:
AIRFLOW_CTX_DAG_OWNER=***
AIRFLOW_CTX_DAG_ID=simple_dag
AIRFLOW_CTX_TASK_ID=respond
AIRFLOW_CTX_EXECUTION_DATE=2022-07-19T11:41:00+00:00
AIRFLOW_CTX_TRY_NUMBER=1
AIRFLOW_CTX_DAG_RUN_ID=scheduled__2022-07-19T11:41:00+00:00
[2022-07-19 11:42:20,620] {logging_mixin.py:115} INFO - (2724, 1)
[2022-07-19 11:42:20,637] {python.py:173} INFO - Done. Returned value was: Greet Responded Again
[2022-07-19 11:42:20,804] {taskinstance.py:1400} INFO - Marking task as SUCCESS. dag_id=simple_dag, task_id=respond, execution_date=20220719T114100, start_date=20220719T114211, end_date=20220719T114220
[2022-07-19 11:42:20,900] {local_task_job.py:156} INFO - Task exited with return code 0
[2022-07-19 11:42:21,096] {local_task_job.py:273} INFO - 0 downstream tasks scheduled from follow-on schedule check
