[2022-07-19 08:33:34,512] {taskinstance.py:1159} INFO - Dependencies all met for <TaskInstance: simple_dag.sleep_me manual__2022-07-19T08:33:31.780968+00:00 [queued]>
[2022-07-19 08:33:34,542] {taskinstance.py:1159} INFO - Dependencies all met for <TaskInstance: simple_dag.sleep_me manual__2022-07-19T08:33:31.780968+00:00 [queued]>
[2022-07-19 08:33:34,543] {taskinstance.py:1356} INFO - 
--------------------------------------------------------------------------------
[2022-07-19 08:33:34,543] {taskinstance.py:1357} INFO - Starting attempt 1 of 1
[2022-07-19 08:33:34,545] {taskinstance.py:1358} INFO - 
--------------------------------------------------------------------------------
[2022-07-19 08:33:34,591] {taskinstance.py:1377} INFO - Executing <Task(BashOperator): sleep_me> on 2022-07-19 08:33:31.780968+00:00
[2022-07-19 08:33:34,601] {standard_task_runner.py:52} INFO - Started process 1476 to run task
[2022-07-19 08:33:34,610] {standard_task_runner.py:79} INFO - Running: ['***', 'tasks', 'run', 'simple_dag', 'sleep_me', 'manual__2022-07-19T08:33:31.780968+00:00', '--job-id', '45', '--raw', '--subdir', 'DAGS_FOLDER/first_dag.py', '--cfg-path', '/tmp/tmpwmdkyq52', '--error-file', '/tmp/tmpyamungi0']
[2022-07-19 08:33:34,612] {standard_task_runner.py:80} INFO - Job 45: Subtask sleep_me
[2022-07-19 08:33:34,711] {task_command.py:370} INFO - Running <TaskInstance: simple_dag.sleep_me manual__2022-07-19T08:33:31.780968+00:00 [running]> on host 02ffb48252da
[2022-07-19 08:33:34,822] {taskinstance.py:1571} INFO - Exporting the following env vars:
AIRFLOW_CTX_DAG_OWNER=***
AIRFLOW_CTX_DAG_ID=simple_dag
AIRFLOW_CTX_TASK_ID=sleep_me
AIRFLOW_CTX_EXECUTION_DATE=2022-07-19T08:33:31.780968+00:00
AIRFLOW_CTX_TRY_NUMBER=1
AIRFLOW_CTX_DAG_RUN_ID=manual__2022-07-19T08:33:31.780968+00:00
[2022-07-19 08:33:34,824] {subprocess.py:62} INFO - Tmp dir root location: 
 /tmp
[2022-07-19 08:33:34,825] {subprocess.py:74} INFO - Running command: ['bash', '-c', 'sleep 5']
[2022-07-19 08:33:34,836] {subprocess.py:85} INFO - Output:
[2022-07-19 08:33:39,842] {subprocess.py:96} INFO - Command exited with return code 0
[2022-07-19 08:33:39,976] {taskinstance.py:1400} INFO - Marking task as SUCCESS. dag_id=simple_dag, task_id=sleep_me, execution_date=20220719T083331, start_date=20220719T083334, end_date=20220719T083339
[2022-07-19 08:33:40,018] {local_task_job.py:156} INFO - Task exited with return code 0
[2022-07-19 08:33:40,049] {local_task_job.py:273} INFO - 1 downstream tasks scheduled from follow-on schedule check
