[2022-07-19 08:42:02,257] {taskinstance.py:1159} INFO - Dependencies all met for <TaskInstance: simple_dag.sleep_me scheduled__2022-07-19T08:41:00+00:00 [queued]>
[2022-07-19 08:42:02,267] {taskinstance.py:1159} INFO - Dependencies all met for <TaskInstance: simple_dag.sleep_me scheduled__2022-07-19T08:41:00+00:00 [queued]>
[2022-07-19 08:42:02,268] {taskinstance.py:1356} INFO - 
--------------------------------------------------------------------------------
[2022-07-19 08:42:02,268] {taskinstance.py:1357} INFO - Starting attempt 1 of 1
[2022-07-19 08:42:02,269] {taskinstance.py:1358} INFO - 
--------------------------------------------------------------------------------
[2022-07-19 08:42:02,290] {taskinstance.py:1377} INFO - Executing <Task(BashOperator): sleep_me> on 2022-07-19 08:41:00+00:00
[2022-07-19 08:42:02,295] {standard_task_runner.py:52} INFO - Started process 1946 to run task
[2022-07-19 08:42:02,298] {standard_task_runner.py:79} INFO - Running: ['***', 'tasks', 'run', 'simple_dag', 'sleep_me', 'scheduled__2022-07-19T08:41:00+00:00', '--job-id', '72', '--raw', '--subdir', 'DAGS_FOLDER/first_dag.py', '--cfg-path', '/tmp/tmpabz_r170', '--error-file', '/tmp/tmpotjgsawd']
[2022-07-19 08:42:02,299] {standard_task_runner.py:80} INFO - Job 72: Subtask sleep_me
[2022-07-19 08:42:02,376] {task_command.py:370} INFO - Running <TaskInstance: simple_dag.sleep_me scheduled__2022-07-19T08:41:00+00:00 [running]> on host 02ffb48252da
[2022-07-19 08:42:02,500] {taskinstance.py:1571} INFO - Exporting the following env vars:
AIRFLOW_CTX_DAG_OWNER=***
AIRFLOW_CTX_DAG_ID=simple_dag
AIRFLOW_CTX_TASK_ID=sleep_me
AIRFLOW_CTX_EXECUTION_DATE=2022-07-19T08:41:00+00:00
AIRFLOW_CTX_TRY_NUMBER=1
AIRFLOW_CTX_DAG_RUN_ID=scheduled__2022-07-19T08:41:00+00:00
[2022-07-19 08:42:02,511] {subprocess.py:62} INFO - Tmp dir root location: 
 /tmp
[2022-07-19 08:42:02,512] {subprocess.py:74} INFO - Running command: ['bash', '-c', 'sleep 5']
[2022-07-19 08:42:02,538] {subprocess.py:85} INFO - Output:
[2022-07-19 08:42:07,544] {subprocess.py:96} INFO - Command exited with return code 0
[2022-07-19 08:42:07,579] {taskinstance.py:1400} INFO - Marking task as SUCCESS. dag_id=simple_dag, task_id=sleep_me, execution_date=20220719T084100, start_date=20220719T084202, end_date=20220719T084207
[2022-07-19 08:42:07,621] {local_task_job.py:156} INFO - Task exited with return code 0
[2022-07-19 08:42:07,654] {local_task_job.py:273} INFO - 1 downstream tasks scheduled from follow-on schedule check
