[2022-07-19 09:49:08,673] {taskinstance.py:1159} INFO - Dependencies all met for <TaskInstance: simple_dag.respond scheduled__2022-07-19T09:48:00+00:00 [queued]>
[2022-07-19 09:49:08,681] {taskinstance.py:1159} INFO - Dependencies all met for <TaskInstance: simple_dag.respond scheduled__2022-07-19T09:48:00+00:00 [queued]>
[2022-07-19 09:49:08,681] {taskinstance.py:1356} INFO - 
--------------------------------------------------------------------------------
[2022-07-19 09:49:08,682] {taskinstance.py:1357} INFO - Starting attempt 1 of 1
[2022-07-19 09:49:08,683] {taskinstance.py:1358} INFO - 
--------------------------------------------------------------------------------
[2022-07-19 09:49:08,699] {taskinstance.py:1377} INFO - Executing <Task(PythonOperator): respond> on 2022-07-19 09:48:00+00:00
[2022-07-19 09:49:08,705] {standard_task_runner.py:52} INFO - Started process 5764 to run task
[2022-07-19 09:49:08,707] {standard_task_runner.py:79} INFO - Running: ['***', 'tasks', 'run', 'simple_dag', 'respond', 'scheduled__2022-07-19T09:48:00+00:00', '--job-id', '286', '--raw', '--subdir', 'DAGS_FOLDER/first_dag.py', '--cfg-path', '/tmp/tmpnfs7uefo', '--error-file', '/tmp/tmps1k6rljg']
[2022-07-19 09:49:08,708] {standard_task_runner.py:80} INFO - Job 286: Subtask respond
[2022-07-19 09:49:08,764] {task_command.py:370} INFO - Running <TaskInstance: simple_dag.respond scheduled__2022-07-19T09:48:00+00:00 [running]> on host 02ffb48252da
[2022-07-19 09:49:08,843] {taskinstance.py:1571} INFO - Exporting the following env vars:
AIRFLOW_CTX_DAG_OWNER=***
AIRFLOW_CTX_DAG_ID=simple_dag
AIRFLOW_CTX_TASK_ID=respond
AIRFLOW_CTX_EXECUTION_DATE=2022-07-19T09:48:00+00:00
AIRFLOW_CTX_TRY_NUMBER=1
AIRFLOW_CTX_DAG_RUN_ID=scheduled__2022-07-19T09:48:00+00:00
[2022-07-19 09:49:15,625] {logging_mixin.py:115} INFO - (2724, 1)
[2022-07-19 09:49:15,636] {python.py:173} INFO - Done. Returned value was: Greet Responded Again
[2022-07-19 09:49:15,681] {taskinstance.py:1400} INFO - Marking task as SUCCESS. dag_id=simple_dag, task_id=respond, execution_date=20220719T094800, start_date=20220719T094908, end_date=20220719T094915
[2022-07-19 09:49:15,727] {local_task_job.py:156} INFO - Task exited with return code 0
[2022-07-19 09:49:15,770] {local_task_job.py:273} INFO - 0 downstream tasks scheduled from follow-on schedule check
