[2022-07-19 09:33:59,794] {taskinstance.py:1159} INFO - Dependencies all met for <TaskInstance: simple_dag.respond manual__2022-07-19T09:33:48.908500+00:00 [queued]>
[2022-07-19 09:33:59,806] {taskinstance.py:1159} INFO - Dependencies all met for <TaskInstance: simple_dag.respond manual__2022-07-19T09:33:48.908500+00:00 [queued]>
[2022-07-19 09:33:59,806] {taskinstance.py:1356} INFO - 
--------------------------------------------------------------------------------
[2022-07-19 09:33:59,807] {taskinstance.py:1357} INFO - Starting attempt 1 of 1
[2022-07-19 09:33:59,809] {taskinstance.py:1358} INFO - 
--------------------------------------------------------------------------------
[2022-07-19 09:33:59,828] {taskinstance.py:1377} INFO - Executing <Task(PythonOperator): respond> on 2022-07-19 09:33:48.908500+00:00
[2022-07-19 09:33:59,834] {standard_task_runner.py:52} INFO - Started process 4878 to run task
[2022-07-19 09:33:59,838] {standard_task_runner.py:79} INFO - Running: ['***', 'tasks', 'run', 'simple_dag', 'respond', 'manual__2022-07-19T09:33:48.908500+00:00', '--job-id', '238', '--raw', '--subdir', 'DAGS_FOLDER/first_dag.py', '--cfg-path', '/tmp/tmptpjf0f90', '--error-file', '/tmp/tmptjjyia9f']
[2022-07-19 09:33:59,839] {standard_task_runner.py:80} INFO - Job 238: Subtask respond
[2022-07-19 09:33:59,906] {task_command.py:370} INFO - Running <TaskInstance: simple_dag.respond manual__2022-07-19T09:33:48.908500+00:00 [running]> on host 02ffb48252da
[2022-07-19 09:34:00,001] {taskinstance.py:1571} INFO - Exporting the following env vars:
AIRFLOW_CTX_DAG_OWNER=***
AIRFLOW_CTX_DAG_ID=simple_dag
AIRFLOW_CTX_TASK_ID=respond
AIRFLOW_CTX_EXECUTION_DATE=2022-07-19T09:33:48.908500+00:00
AIRFLOW_CTX_TRY_NUMBER=1
AIRFLOW_CTX_DAG_RUN_ID=manual__2022-07-19T09:33:48.908500+00:00
[2022-07-19 09:34:06,584] {logging_mixin.py:115} INFO - (2724, 1)
[2022-07-19 09:34:06,597] {python.py:173} INFO - Done. Returned value was: Greet Responded Again
[2022-07-19 09:34:06,629] {taskinstance.py:1400} INFO - Marking task as SUCCESS. dag_id=simple_dag, task_id=respond, execution_date=20220719T093348, start_date=20220719T093359, end_date=20220719T093406
[2022-07-19 09:34:06,657] {local_task_job.py:156} INFO - Task exited with return code 0
[2022-07-19 09:34:06,682] {local_task_job.py:273} INFO - 0 downstream tasks scheduled from follow-on schedule check
