[2022-07-19 08:36:09,657] {taskinstance.py:1159} INFO - Dependencies all met for <TaskInstance: simple_dag.respond scheduled__2022-07-19T08:35:00+00:00 [queued]>
[2022-07-19 08:36:09,676] {taskinstance.py:1159} INFO - Dependencies all met for <TaskInstance: simple_dag.respond scheduled__2022-07-19T08:35:00+00:00 [queued]>
[2022-07-19 08:36:09,676] {taskinstance.py:1356} INFO - 
--------------------------------------------------------------------------------
[2022-07-19 08:36:09,676] {taskinstance.py:1357} INFO - Starting attempt 1 of 1
[2022-07-19 08:36:09,678] {taskinstance.py:1358} INFO - 
--------------------------------------------------------------------------------
[2022-07-19 08:36:09,698] {taskinstance.py:1377} INFO - Executing <Task(PythonOperator): respond> on 2022-07-19 08:35:00+00:00
[2022-07-19 08:36:09,702] {standard_task_runner.py:52} INFO - Started process 1617 to run task
[2022-07-19 08:36:09,707] {standard_task_runner.py:79} INFO - Running: ['***', 'tasks', 'run', 'simple_dag', 'respond', 'scheduled__2022-07-19T08:35:00+00:00', '--job-id', '55', '--raw', '--subdir', 'DAGS_FOLDER/first_dag.py', '--cfg-path', '/tmp/tmpy48d1_dg', '--error-file', '/tmp/tmp4uxtxj8w']
[2022-07-19 08:36:09,708] {standard_task_runner.py:80} INFO - Job 55: Subtask respond
[2022-07-19 08:36:09,778] {task_command.py:370} INFO - Running <TaskInstance: simple_dag.respond scheduled__2022-07-19T08:35:00+00:00 [running]> on host 02ffb48252da
[2022-07-19 08:36:09,871] {taskinstance.py:1571} INFO - Exporting the following env vars:
AIRFLOW_CTX_DAG_OWNER=***
AIRFLOW_CTX_DAG_ID=simple_dag
AIRFLOW_CTX_TASK_ID=respond
AIRFLOW_CTX_EXECUTION_DATE=2022-07-19T08:35:00+00:00
AIRFLOW_CTX_TRY_NUMBER=1
AIRFLOW_CTX_DAG_RUN_ID=scheduled__2022-07-19T08:35:00+00:00
[2022-07-19 08:36:09,873] {python.py:173} INFO - Done. Returned value was: Greet Responded Again
[2022-07-19 08:36:09,903] {taskinstance.py:1400} INFO - Marking task as SUCCESS. dag_id=simple_dag, task_id=respond, execution_date=20220719T083500, start_date=20220719T083609, end_date=20220719T083609
[2022-07-19 08:36:09,959] {local_task_job.py:156} INFO - Task exited with return code 0
[2022-07-19 08:36:10,003] {local_task_job.py:273} INFO - 0 downstream tasks scheduled from follow-on schedule check
