[2022-07-19 21:32:02,606] {taskinstance.py:1159} INFO - Dependencies all met for <TaskInstance: simple_dag.read_data scheduled__2022-07-19T21:31:00+00:00 [queued]>
[2022-07-19 21:32:02,624] {taskinstance.py:1159} INFO - Dependencies all met for <TaskInstance: simple_dag.read_data scheduled__2022-07-19T21:31:00+00:00 [queued]>
[2022-07-19 21:32:02,624] {taskinstance.py:1356} INFO - 
--------------------------------------------------------------------------------
[2022-07-19 21:32:02,625] {taskinstance.py:1357} INFO - Starting attempt 1 of 1
[2022-07-19 21:32:02,626] {taskinstance.py:1358} INFO - 
--------------------------------------------------------------------------------
[2022-07-19 21:32:02,651] {taskinstance.py:1377} INFO - Executing <Task(PythonOperator): read_data> on 2022-07-19 21:31:00+00:00
[2022-07-19 21:32:02,656] {standard_task_runner.py:52} INFO - Started process 13035 to run task
[2022-07-19 21:32:02,661] {standard_task_runner.py:79} INFO - Running: ['***', 'tasks', 'run', 'simple_dag', 'read_data', 'scheduled__2022-07-19T21:31:00+00:00', '--job-id', '887', '--raw', '--subdir', 'DAGS_FOLDER/first_dag.py', '--cfg-path', '/tmp/tmp0k58udn_', '--error-file', '/tmp/tmpgooiljts']
[2022-07-19 21:32:02,663] {standard_task_runner.py:80} INFO - Job 887: Subtask read_data
[2022-07-19 21:32:02,796] {task_command.py:370} INFO - Running <TaskInstance: simple_dag.read_data scheduled__2022-07-19T21:31:00+00:00 [running]> on host bc1c26dbd036
[2022-07-19 21:32:03,025] {taskinstance.py:1571} INFO - Exporting the following env vars:
AIRFLOW_CTX_DAG_OWNER=***
AIRFLOW_CTX_DAG_ID=simple_dag
AIRFLOW_CTX_TASK_ID=read_data
AIRFLOW_CTX_EXECUTION_DATE=2022-07-19T21:31:00+00:00
AIRFLOW_CTX_TRY_NUMBER=1
AIRFLOW_CTX_DAG_RUN_ID=scheduled__2022-07-19T21:31:00+00:00
[2022-07-19 21:32:06,460] {python.py:173} INFO - Done. Returned value was: (922, 1)
[2022-07-19 21:32:06,514] {taskinstance.py:1400} INFO - Marking task as SUCCESS. dag_id=simple_dag, task_id=read_data, execution_date=20220719T213100, start_date=20220719T213202, end_date=20220719T213206
[2022-07-19 21:32:06,584] {local_task_job.py:156} INFO - Task exited with return code 0
[2022-07-19 21:32:06,785] {local_task_job.py:273} INFO - 1 downstream tasks scheduled from follow-on schedule check
