[2022-07-19 21:53:01,764] {taskinstance.py:1159} INFO - Dependencies all met for <TaskInstance: simple_dag.read_data scheduled__2022-07-19T21:52:00+00:00 [queued]>
[2022-07-19 21:53:01,773] {taskinstance.py:1159} INFO - Dependencies all met for <TaskInstance: simple_dag.read_data scheduled__2022-07-19T21:52:00+00:00 [queued]>
[2022-07-19 21:53:01,774] {taskinstance.py:1356} INFO - 
--------------------------------------------------------------------------------
[2022-07-19 21:53:01,774] {taskinstance.py:1357} INFO - Starting attempt 1 of 1
[2022-07-19 21:53:01,775] {taskinstance.py:1358} INFO - 
--------------------------------------------------------------------------------
[2022-07-19 21:53:01,791] {taskinstance.py:1377} INFO - Executing <Task(PythonOperator): read_data> on 2022-07-19 21:52:00+00:00
[2022-07-19 21:53:01,795] {standard_task_runner.py:52} INFO - Started process 337 to run task
[2022-07-19 21:53:01,798] {standard_task_runner.py:79} INFO - Running: ['***', 'tasks', 'run', 'simple_dag', 'read_data', 'scheduled__2022-07-19T21:52:00+00:00', '--job-id', '980', '--raw', '--subdir', 'DAGS_FOLDER/first_dag.py', '--cfg-path', '/tmp/tmpmjmuex90', '--error-file', '/tmp/tmpafw6tyzq']
[2022-07-19 21:53:01,799] {standard_task_runner.py:80} INFO - Job 980: Subtask read_data
[2022-07-19 21:53:01,857] {task_command.py:370} INFO - Running <TaskInstance: simple_dag.read_data scheduled__2022-07-19T21:52:00+00:00 [running]> on host 29459987bc56
[2022-07-19 21:53:01,941] {taskinstance.py:1571} INFO - Exporting the following env vars:
AIRFLOW_CTX_DAG_OWNER=***
AIRFLOW_CTX_DAG_ID=simple_dag
AIRFLOW_CTX_TASK_ID=read_data
AIRFLOW_CTX_EXECUTION_DATE=2022-07-19T21:52:00+00:00
AIRFLOW_CTX_TRY_NUMBER=1
AIRFLOW_CTX_DAG_RUN_ID=scheduled__2022-07-19T21:52:00+00:00
[2022-07-19 21:53:01,959] {python.py:173} INFO - Done. Returned value was: (1, 10)
[2022-07-19 21:53:01,989] {taskinstance.py:1400} INFO - Marking task as SUCCESS. dag_id=simple_dag, task_id=read_data, execution_date=20220719T215200, start_date=20220719T215301, end_date=20220719T215301
[2022-07-19 21:53:02,011] {local_task_job.py:156} INFO - Task exited with return code 0
[2022-07-19 21:53:02,073] {local_task_job.py:273} INFO - 1 downstream tasks scheduled from follow-on schedule check
