[2022-07-19 09:36:10,175] {taskinstance.py:1159} INFO - Dependencies all met for <TaskInstance: simple_dag.respond scheduled__2022-07-19T09:35:00+00:00 [queued]>
[2022-07-19 09:36:10,184] {taskinstance.py:1159} INFO - Dependencies all met for <TaskInstance: simple_dag.respond scheduled__2022-07-19T09:35:00+00:00 [queued]>
[2022-07-19 09:36:10,184] {taskinstance.py:1356} INFO - 
--------------------------------------------------------------------------------
[2022-07-19 09:36:10,185] {taskinstance.py:1357} INFO - Starting attempt 1 of 1
[2022-07-19 09:36:10,185] {taskinstance.py:1358} INFO - 
--------------------------------------------------------------------------------
[2022-07-19 09:36:10,201] {taskinstance.py:1377} INFO - Executing <Task(PythonOperator): respond> on 2022-07-19 09:35:00+00:00
[2022-07-19 09:36:10,206] {standard_task_runner.py:52} INFO - Started process 5013 to run task
[2022-07-19 09:36:10,209] {standard_task_runner.py:79} INFO - Running: ['***', 'tasks', 'run', 'simple_dag', 'respond', 'scheduled__2022-07-19T09:35:00+00:00', '--job-id', '247', '--raw', '--subdir', 'DAGS_FOLDER/first_dag.py', '--cfg-path', '/tmp/tmpne8zjt6z', '--error-file', '/tmp/tmpoxk3ssvf']
[2022-07-19 09:36:10,210] {standard_task_runner.py:80} INFO - Job 247: Subtask respond
[2022-07-19 09:36:10,266] {task_command.py:370} INFO - Running <TaskInstance: simple_dag.respond scheduled__2022-07-19T09:35:00+00:00 [running]> on host 02ffb48252da
[2022-07-19 09:36:10,344] {taskinstance.py:1571} INFO - Exporting the following env vars:
AIRFLOW_CTX_DAG_OWNER=***
AIRFLOW_CTX_DAG_ID=simple_dag
AIRFLOW_CTX_TASK_ID=respond
AIRFLOW_CTX_EXECUTION_DATE=2022-07-19T09:35:00+00:00
AIRFLOW_CTX_TRY_NUMBER=1
AIRFLOW_CTX_DAG_RUN_ID=scheduled__2022-07-19T09:35:00+00:00
[2022-07-19 09:36:16,880] {logging_mixin.py:115} INFO - (2724, 1)
[2022-07-19 09:36:16,893] {python.py:173} INFO - Done. Returned value was: Greet Responded Again
[2022-07-19 09:36:16,944] {taskinstance.py:1400} INFO - Marking task as SUCCESS. dag_id=simple_dag, task_id=respond, execution_date=20220719T093500, start_date=20220719T093610, end_date=20220719T093616
[2022-07-19 09:36:17,015] {local_task_job.py:156} INFO - Task exited with return code 0
[2022-07-19 09:36:17,065] {local_task_job.py:273} INFO - 0 downstream tasks scheduled from follow-on schedule check
