[2022-07-19 09:27:00,889] {taskinstance.py:1159} INFO - Dependencies all met for <TaskInstance: simple_dag.say_hi scheduled__2022-07-19T09:26:00+00:00 [queued]>
[2022-07-19 09:27:00,898] {taskinstance.py:1159} INFO - Dependencies all met for <TaskInstance: simple_dag.say_hi scheduled__2022-07-19T09:26:00+00:00 [queued]>
[2022-07-19 09:27:00,899] {taskinstance.py:1356} INFO - 
--------------------------------------------------------------------------------
[2022-07-19 09:27:00,900] {taskinstance.py:1357} INFO - Starting attempt 1 of 1
[2022-07-19 09:27:00,901] {taskinstance.py:1358} INFO - 
--------------------------------------------------------------------------------
[2022-07-19 09:27:00,918] {taskinstance.py:1377} INFO - Executing <Task(BashOperator): say_hi> on 2022-07-19 09:26:00+00:00
[2022-07-19 09:27:00,923] {standard_task_runner.py:52} INFO - Started process 4437 to run task
[2022-07-19 09:27:00,926] {standard_task_runner.py:79} INFO - Running: ['***', 'tasks', 'run', 'simple_dag', 'say_hi', 'scheduled__2022-07-19T09:26:00+00:00', '--job-id', '206', '--raw', '--subdir', 'DAGS_FOLDER/first_dag.py', '--cfg-path', '/tmp/tmp_9o0skaa', '--error-file', '/tmp/tmp__fixlgk']
[2022-07-19 09:27:00,927] {standard_task_runner.py:80} INFO - Job 206: Subtask say_hi
[2022-07-19 09:27:00,994] {task_command.py:370} INFO - Running <TaskInstance: simple_dag.say_hi scheduled__2022-07-19T09:26:00+00:00 [running]> on host 02ffb48252da
[2022-07-19 09:27:01,081] {taskinstance.py:1571} INFO - Exporting the following env vars:
AIRFLOW_CTX_DAG_OWNER=***
AIRFLOW_CTX_DAG_ID=simple_dag
AIRFLOW_CTX_TASK_ID=say_hi
AIRFLOW_CTX_EXECUTION_DATE=2022-07-19T09:26:00+00:00
AIRFLOW_CTX_TRY_NUMBER=1
AIRFLOW_CTX_DAG_RUN_ID=scheduled__2022-07-19T09:26:00+00:00
[2022-07-19 09:27:01,083] {subprocess.py:62} INFO - Tmp dir root location: 
 /tmp
[2022-07-19 09:27:01,084] {subprocess.py:74} INFO - Running command: ['bash', '-c', 'echo "Hi!!"']
[2022-07-19 09:27:01,094] {subprocess.py:85} INFO - Output:
[2022-07-19 09:27:01,095] {subprocess.py:92} INFO - Hi!!
[2022-07-19 09:27:01,096] {subprocess.py:96} INFO - Command exited with return code 0
[2022-07-19 09:27:01,130] {taskinstance.py:1400} INFO - Marking task as SUCCESS. dag_id=simple_dag, task_id=say_hi, execution_date=20220719T092600, start_date=20220719T092700, end_date=20220719T092701
[2022-07-19 09:27:01,180] {local_task_job.py:156} INFO - Task exited with return code 0
[2022-07-19 09:27:01,251] {local_task_job.py:273} INFO - 1 downstream tasks scheduled from follow-on schedule check
