[2022-07-19 21:52:01,566] {taskinstance.py:1159} INFO - Dependencies all met for <TaskInstance: simple_dag.read_data scheduled__2022-07-19T21:51:00+00:00 [queued]>
[2022-07-19 21:52:01,580] {taskinstance.py:1159} INFO - Dependencies all met for <TaskInstance: simple_dag.read_data scheduled__2022-07-19T21:51:00+00:00 [queued]>
[2022-07-19 21:52:01,581] {taskinstance.py:1356} INFO - 
--------------------------------------------------------------------------------
[2022-07-19 21:52:01,581] {taskinstance.py:1357} INFO - Starting attempt 1 of 1
[2022-07-19 21:52:01,582] {taskinstance.py:1358} INFO - 
--------------------------------------------------------------------------------
[2022-07-19 21:52:01,603] {taskinstance.py:1377} INFO - Executing <Task(PythonOperator): read_data> on 2022-07-19 21:51:00+00:00
[2022-07-19 21:52:01,610] {standard_task_runner.py:52} INFO - Started process 260 to run task
[2022-07-19 21:52:01,615] {standard_task_runner.py:79} INFO - Running: ['***', 'tasks', 'run', 'simple_dag', 'read_data', 'scheduled__2022-07-19T21:51:00+00:00', '--job-id', '976', '--raw', '--subdir', 'DAGS_FOLDER/first_dag.py', '--cfg-path', '/tmp/tmpw2yyp_yn', '--error-file', '/tmp/tmp53yr7xg1']
[2022-07-19 21:52:01,617] {standard_task_runner.py:80} INFO - Job 976: Subtask read_data
[2022-07-19 21:52:01,735] {task_command.py:370} INFO - Running <TaskInstance: simple_dag.read_data scheduled__2022-07-19T21:51:00+00:00 [running]> on host 29459987bc56
[2022-07-19 21:52:01,890] {taskinstance.py:1571} INFO - Exporting the following env vars:
AIRFLOW_CTX_DAG_OWNER=***
AIRFLOW_CTX_DAG_ID=simple_dag
AIRFLOW_CTX_TASK_ID=read_data
AIRFLOW_CTX_EXECUTION_DATE=2022-07-19T21:51:00+00:00
AIRFLOW_CTX_TRY_NUMBER=1
AIRFLOW_CTX_DAG_RUN_ID=scheduled__2022-07-19T21:51:00+00:00
[2022-07-19 21:52:01,917] {python.py:173} INFO - Done. Returned value was: (1, 10)
[2022-07-19 21:52:01,962] {taskinstance.py:1400} INFO - Marking task as SUCCESS. dag_id=simple_dag, task_id=read_data, execution_date=20220719T215100, start_date=20220719T215201, end_date=20220719T215201
[2022-07-19 21:52:01,989] {local_task_job.py:156} INFO - Task exited with return code 0
[2022-07-19 21:52:02,060] {local_task_job.py:273} INFO - 1 downstream tasks scheduled from follow-on schedule check
