[2022-07-07 10:15:06,934] {taskinstance.py:1159} INFO - Dependencies all met for <TaskInstance: example_bash_operator.run_after_loop manual__2022-07-07T10:15:00.578714+00:00 [queued]>
[2022-07-07 10:15:06,957] {taskinstance.py:1159} INFO - Dependencies all met for <TaskInstance: example_bash_operator.run_after_loop manual__2022-07-07T10:15:00.578714+00:00 [queued]>
[2022-07-07 10:15:06,957] {taskinstance.py:1356} INFO - 
--------------------------------------------------------------------------------
[2022-07-07 10:15:06,958] {taskinstance.py:1357} INFO - Starting attempt 1 of 1
[2022-07-07 10:15:06,959] {taskinstance.py:1358} INFO - 
--------------------------------------------------------------------------------
[2022-07-07 10:15:06,996] {taskinstance.py:1377} INFO - Executing <Task(BashOperator): run_after_loop> on 2022-07-07 10:15:00.578714+00:00
[2022-07-07 10:15:07,009] {standard_task_runner.py:52} INFO - Started process 263 to run task
[2022-07-07 10:15:07,016] {standard_task_runner.py:79} INFO - Running: ['***', 'tasks', 'run', 'example_bash_operator', 'run_after_loop', 'manual__2022-07-07T10:15:00.578714+00:00', '--job-id', '14', '--raw', '--subdir', '/home/***/.local/lib/python3.7/site-packages/***/example_dags/example_bash_operator.py', '--cfg-path', '/tmp/tmpstclg0uo', '--error-file', '/tmp/tmpm0z4fk_s']
[2022-07-07 10:15:07,017] {standard_task_runner.py:80} INFO - Job 14: Subtask run_after_loop
[2022-07-07 10:15:07,155] {task_command.py:370} INFO - Running <TaskInstance: example_bash_operator.run_after_loop manual__2022-07-07T10:15:00.578714+00:00 [running]> on host 7e4975988781
[2022-07-07 10:15:07,387] {taskinstance.py:1571} INFO - Exporting the following env vars:
AIRFLOW_CTX_DAG_OWNER=***
AIRFLOW_CTX_DAG_ID=example_bash_operator
AIRFLOW_CTX_TASK_ID=run_after_loop
AIRFLOW_CTX_EXECUTION_DATE=2022-07-07T10:15:00.578714+00:00
AIRFLOW_CTX_TRY_NUMBER=1
AIRFLOW_CTX_DAG_RUN_ID=manual__2022-07-07T10:15:00.578714+00:00
[2022-07-07 10:15:07,391] {subprocess.py:62} INFO - Tmp dir root location: 
 /tmp
[2022-07-07 10:15:07,393] {subprocess.py:74} INFO - Running command: ['bash', '-c', 'echo 1']
[2022-07-07 10:15:07,415] {subprocess.py:85} INFO - Output:
[2022-07-07 10:15:07,419] {subprocess.py:92} INFO - 1
[2022-07-07 10:15:07,420] {subprocess.py:96} INFO - Command exited with return code 0
[2022-07-07 10:15:07,510] {taskinstance.py:1400} INFO - Marking task as SUCCESS. dag_id=example_bash_operator, task_id=run_after_loop, execution_date=20220707T101500, start_date=20220707T101506, end_date=20220707T101507
[2022-07-07 10:15:07,551] {local_task_job.py:156} INFO - Task exited with return code 0
[2022-07-07 10:15:07,664] {local_task_job.py:273} INFO - 0 downstream tasks scheduled from follow-on schedule check
