[2022-07-19 11:27:01,717] {taskinstance.py:1159} INFO - Dependencies all met for <TaskInstance: simple_dag.say_hi scheduled__2022-07-19T11:26:00+00:00 [queued]>
[2022-07-19 11:27:01,755] {taskinstance.py:1159} INFO - Dependencies all met for <TaskInstance: simple_dag.say_hi scheduled__2022-07-19T11:26:00+00:00 [queued]>
[2022-07-19 11:27:01,756] {taskinstance.py:1356} INFO - 
--------------------------------------------------------------------------------
[2022-07-19 11:27:01,758] {taskinstance.py:1357} INFO - Starting attempt 1 of 1
[2022-07-19 11:27:01,838] {taskinstance.py:1358} INFO - 
--------------------------------------------------------------------------------
[2022-07-19 11:27:01,939] {taskinstance.py:1377} INFO - Executing <Task(BashOperator): say_hi> on 2022-07-19 11:26:00+00:00
[2022-07-19 11:27:01,956] {standard_task_runner.py:52} INFO - Started process 11175 to run task
[2022-07-19 11:27:01,973] {standard_task_runner.py:79} INFO - Running: ['***', 'tasks', 'run', 'simple_dag', 'say_hi', 'scheduled__2022-07-19T11:26:00+00:00', '--job-id', '578', '--raw', '--subdir', 'DAGS_FOLDER/first_dag.py', '--cfg-path', '/tmp/tmpiwrgx041', '--error-file', '/tmp/tmpen2d62hz']
[2022-07-19 11:27:01,978] {standard_task_runner.py:80} INFO - Job 578: Subtask say_hi
[2022-07-19 11:27:02,254] {task_command.py:370} INFO - Running <TaskInstance: simple_dag.say_hi scheduled__2022-07-19T11:26:00+00:00 [running]> on host 02ffb48252da
[2022-07-19 11:27:02,564] {taskinstance.py:1571} INFO - Exporting the following env vars:
AIRFLOW_CTX_DAG_OWNER=***
AIRFLOW_CTX_DAG_ID=simple_dag
AIRFLOW_CTX_TASK_ID=say_hi
AIRFLOW_CTX_EXECUTION_DATE=2022-07-19T11:26:00+00:00
AIRFLOW_CTX_TRY_NUMBER=1
AIRFLOW_CTX_DAG_RUN_ID=scheduled__2022-07-19T11:26:00+00:00
[2022-07-19 11:27:02,566] {subprocess.py:62} INFO - Tmp dir root location: 
 /tmp
[2022-07-19 11:27:02,568] {subprocess.py:74} INFO - Running command: ['bash', '-c', 'echo "Hi!!"']
[2022-07-19 11:27:02,584] {subprocess.py:85} INFO - Output:
[2022-07-19 11:27:02,587] {subprocess.py:92} INFO - Hi!!
[2022-07-19 11:27:02,588] {subprocess.py:96} INFO - Command exited with return code 0
[2022-07-19 11:27:02,646] {taskinstance.py:1400} INFO - Marking task as SUCCESS. dag_id=simple_dag, task_id=say_hi, execution_date=20220719T112600, start_date=20220719T112701, end_date=20220719T112702
[2022-07-19 11:27:02,707] {local_task_job.py:156} INFO - Task exited with return code 0
[2022-07-19 11:27:02,789] {local_task_job.py:273} INFO - 1 downstream tasks scheduled from follow-on schedule check
