[2022-07-19 21:34:02,221] {taskinstance.py:1159} INFO - Dependencies all met for <TaskInstance: simple_dag.read_data scheduled__2022-07-19T21:33:00+00:00 [queued]>
[2022-07-19 21:34:02,262] {taskinstance.py:1159} INFO - Dependencies all met for <TaskInstance: simple_dag.read_data scheduled__2022-07-19T21:33:00+00:00 [queued]>
[2022-07-19 21:34:02,263] {taskinstance.py:1356} INFO - 
--------------------------------------------------------------------------------
[2022-07-19 21:34:02,265] {taskinstance.py:1357} INFO - Starting attempt 1 of 1
[2022-07-19 21:34:02,357] {taskinstance.py:1358} INFO - 
--------------------------------------------------------------------------------
[2022-07-19 21:34:02,398] {taskinstance.py:1377} INFO - Executing <Task(PythonOperator): read_data> on 2022-07-19 21:33:00+00:00
[2022-07-19 21:34:02,410] {standard_task_runner.py:52} INFO - Started process 13822 to run task
[2022-07-19 21:34:02,422] {standard_task_runner.py:79} INFO - Running: ['***', 'tasks', 'run', 'simple_dag', 'read_data', 'scheduled__2022-07-19T21:33:00+00:00', '--job-id', '891', '--raw', '--subdir', 'DAGS_FOLDER/first_dag.py', '--cfg-path', '/tmp/tmp0zp6akwp', '--error-file', '/tmp/tmpjxto5pa4']
[2022-07-19 21:34:02,425] {standard_task_runner.py:80} INFO - Job 891: Subtask read_data
[2022-07-19 21:34:02,547] {task_command.py:370} INFO - Running <TaskInstance: simple_dag.read_data scheduled__2022-07-19T21:33:00+00:00 [running]> on host bc1c26dbd036
[2022-07-19 21:34:02,995] {taskinstance.py:1571} INFO - Exporting the following env vars:
AIRFLOW_CTX_DAG_OWNER=***
AIRFLOW_CTX_DAG_ID=simple_dag
AIRFLOW_CTX_TASK_ID=read_data
AIRFLOW_CTX_EXECUTION_DATE=2022-07-19T21:33:00+00:00
AIRFLOW_CTX_TRY_NUMBER=1
AIRFLOW_CTX_DAG_RUN_ID=scheduled__2022-07-19T21:33:00+00:00
[2022-07-19 21:34:06,864] {python.py:173} INFO - Done. Returned value was: (922, 1)
[2022-07-19 21:34:07,109] {taskinstance.py:1400} INFO - Marking task as SUCCESS. dag_id=simple_dag, task_id=read_data, execution_date=20220719T213300, start_date=20220719T213402, end_date=20220719T213407
[2022-07-19 21:34:07,339] {local_task_job.py:156} INFO - Task exited with return code 0
[2022-07-19 21:34:07,497] {dagrun.py:648} WARNING - Failed to get task '<TaskInstance: simple_dag.create_pg_table scheduled__2022-07-19T21:33:00+00:00 [queued]>' for dag 'simple_dag'. Marking it as removed.
[2022-07-19 21:34:07,626] {local_task_job.py:273} INFO - 1 downstream tasks scheduled from follow-on schedule check
