[2022-07-19 21:53:35,567] {taskinstance.py:1159} INFO - Dependencies all met for <TaskInstance: simple_dag.respond manual__2022-07-19T21:53:32.100997+00:00 [queued]>
[2022-07-19 21:53:35,581] {taskinstance.py:1159} INFO - Dependencies all met for <TaskInstance: simple_dag.respond manual__2022-07-19T21:53:32.100997+00:00 [queued]>
[2022-07-19 21:53:35,582] {taskinstance.py:1356} INFO - 
--------------------------------------------------------------------------------
[2022-07-19 21:53:35,582] {taskinstance.py:1357} INFO - Starting attempt 1 of 1
[2022-07-19 21:53:35,583] {taskinstance.py:1358} INFO - 
--------------------------------------------------------------------------------
[2022-07-19 21:53:35,614] {taskinstance.py:1377} INFO - Executing <Task(PythonOperator): respond> on 2022-07-19 21:53:32.100997+00:00
[2022-07-19 21:53:35,620] {standard_task_runner.py:52} INFO - Started process 387 to run task
[2022-07-19 21:53:35,624] {standard_task_runner.py:79} INFO - Running: ['***', 'tasks', 'run', 'simple_dag', 'respond', 'manual__2022-07-19T21:53:32.100997+00:00', '--job-id', '985', '--raw', '--subdir', 'DAGS_FOLDER/first_dag.py', '--cfg-path', '/tmp/tmpm_zrbb_6', '--error-file', '/tmp/tmp43r9yu6m']
[2022-07-19 21:53:35,625] {standard_task_runner.py:80} INFO - Job 985: Subtask respond
[2022-07-19 21:53:35,776] {task_command.py:370} INFO - Running <TaskInstance: simple_dag.respond manual__2022-07-19T21:53:32.100997+00:00 [running]> on host 29459987bc56
[2022-07-19 21:53:35,944] {taskinstance.py:1571} INFO - Exporting the following env vars:
AIRFLOW_CTX_DAG_OWNER=***
AIRFLOW_CTX_DAG_ID=simple_dag
AIRFLOW_CTX_TASK_ID=respond
AIRFLOW_CTX_EXECUTION_DATE=2022-07-19T21:53:32.100997+00:00
AIRFLOW_CTX_TRY_NUMBER=1
AIRFLOW_CTX_DAG_RUN_ID=manual__2022-07-19T21:53:32.100997+00:00
[2022-07-19 21:53:35,946] {python.py:173} INFO - Done. Returned value was: Greet Responded Again
[2022-07-19 21:53:35,985] {taskinstance.py:1400} INFO - Marking task as SUCCESS. dag_id=simple_dag, task_id=respond, execution_date=20220719T215332, start_date=20220719T215335, end_date=20220719T215335
[2022-07-19 21:53:36,038] {local_task_job.py:156} INFO - Task exited with return code 0
[2022-07-19 21:53:36,103] {local_task_job.py:273} INFO - 1 downstream tasks scheduled from follow-on schedule check
