[2022-07-19 21:05:08,258] {taskinstance.py:1159} INFO - Dependencies all met for <TaskInstance: simple_dag.respond scheduled__2022-07-19T21:04:00+00:00 [queued]>
[2022-07-19 21:05:08,295] {taskinstance.py:1159} INFO - Dependencies all met for <TaskInstance: simple_dag.respond scheduled__2022-07-19T21:04:00+00:00 [queued]>
[2022-07-19 21:05:08,296] {taskinstance.py:1356} INFO - 
--------------------------------------------------------------------------------
[2022-07-19 21:05:08,297] {taskinstance.py:1357} INFO - Starting attempt 1 of 1
[2022-07-19 21:05:08,335] {taskinstance.py:1358} INFO - 
--------------------------------------------------------------------------------
[2022-07-19 21:05:08,393] {taskinstance.py:1377} INFO - Executing <Task(PythonOperator): respond> on 2022-07-19 21:04:00+00:00
[2022-07-19 21:05:08,404] {standard_task_runner.py:52} INFO - Started process 2587 to run task
[2022-07-19 21:05:08,416] {standard_task_runner.py:79} INFO - Running: ['***', 'tasks', 'run', 'simple_dag', 'respond', 'scheduled__2022-07-19T21:04:00+00:00', '--job-id', '834', '--raw', '--subdir', 'DAGS_FOLDER/first_dag.py', '--cfg-path', '/tmp/tmplixcjyyo', '--error-file', '/tmp/tmp0kxq9b68']
[2022-07-19 21:05:08,419] {standard_task_runner.py:80} INFO - Job 834: Subtask respond
[2022-07-19 21:05:08,595] {task_command.py:370} INFO - Running <TaskInstance: simple_dag.respond scheduled__2022-07-19T21:04:00+00:00 [running]> on host bc1c26dbd036
[2022-07-19 21:05:08,897] {taskinstance.py:1571} INFO - Exporting the following env vars:
AIRFLOW_CTX_DAG_OWNER=***
AIRFLOW_CTX_DAG_ID=simple_dag
AIRFLOW_CTX_TASK_ID=respond
AIRFLOW_CTX_EXECUTION_DATE=2022-07-19T21:04:00+00:00
AIRFLOW_CTX_TRY_NUMBER=1
AIRFLOW_CTX_DAG_RUN_ID=scheduled__2022-07-19T21:04:00+00:00
[2022-07-19 21:05:08,900] {python.py:173} INFO - Done. Returned value was: Greet Responded Again
[2022-07-19 21:05:08,979] {taskinstance.py:1400} INFO - Marking task as SUCCESS. dag_id=simple_dag, task_id=respond, execution_date=20220719T210400, start_date=20220719T210508, end_date=20220719T210508
[2022-07-19 21:05:09,032] {local_task_job.py:156} INFO - Task exited with return code 0
[2022-07-19 21:05:09,139] {local_task_job.py:273} INFO - 0 downstream tasks scheduled from follow-on schedule check
