[2022-07-19 09:10:09,187] {taskinstance.py:1159} INFO - Dependencies all met for <TaskInstance: simple_dag.respond scheduled__2022-07-19T09:09:00+00:00 [queued]>
[2022-07-19 09:10:09,198] {taskinstance.py:1159} INFO - Dependencies all met for <TaskInstance: simple_dag.respond scheduled__2022-07-19T09:09:00+00:00 [queued]>
[2022-07-19 09:10:09,199] {taskinstance.py:1356} INFO - 
--------------------------------------------------------------------------------
[2022-07-19 09:10:09,199] {taskinstance.py:1357} INFO - Starting attempt 1 of 1
[2022-07-19 09:10:09,200] {taskinstance.py:1358} INFO - 
--------------------------------------------------------------------------------
[2022-07-19 09:10:09,217] {taskinstance.py:1377} INFO - Executing <Task(PythonOperator): respond> on 2022-07-19 09:09:00+00:00
[2022-07-19 09:10:09,221] {standard_task_runner.py:52} INFO - Started process 3498 to run task
[2022-07-19 09:10:09,224] {standard_task_runner.py:79} INFO - Running: ['***', 'tasks', 'run', 'simple_dag', 'respond', 'scheduled__2022-07-19T09:09:00+00:00', '--job-id', '157', '--raw', '--subdir', 'DAGS_FOLDER/first_dag.py', '--cfg-path', '/tmp/tmpo7227hwj', '--error-file', '/tmp/tmpedms_xl9']
[2022-07-19 09:10:09,225] {standard_task_runner.py:80} INFO - Job 157: Subtask respond
[2022-07-19 09:10:09,286] {task_command.py:370} INFO - Running <TaskInstance: simple_dag.respond scheduled__2022-07-19T09:09:00+00:00 [running]> on host 02ffb48252da
[2022-07-19 09:10:09,366] {taskinstance.py:1571} INFO - Exporting the following env vars:
AIRFLOW_CTX_DAG_OWNER=***
AIRFLOW_CTX_DAG_ID=simple_dag
AIRFLOW_CTX_TASK_ID=respond
AIRFLOW_CTX_EXECUTION_DATE=2022-07-19T09:09:00+00:00
AIRFLOW_CTX_TRY_NUMBER=1
AIRFLOW_CTX_DAG_RUN_ID=scheduled__2022-07-19T09:09:00+00:00
[2022-07-19 09:10:09,367] {python.py:173} INFO - Done. Returned value was: Greet Responded Again
[2022-07-19 09:10:09,405] {taskinstance.py:1400} INFO - Marking task as SUCCESS. dag_id=simple_dag, task_id=respond, execution_date=20220719T090900, start_date=20220719T091009, end_date=20220719T091009
[2022-07-19 09:10:09,438] {local_task_job.py:156} INFO - Task exited with return code 0
[2022-07-19 09:10:09,474] {local_task_job.py:273} INFO - 0 downstream tasks scheduled from follow-on schedule check
