[2022-07-19 09:23:09,963] {taskinstance.py:1159} INFO - Dependencies all met for <TaskInstance: simple_dag.respond scheduled__2022-07-19T09:22:00+00:00 [queued]>
[2022-07-19 09:23:09,978] {taskinstance.py:1159} INFO - Dependencies all met for <TaskInstance: simple_dag.respond scheduled__2022-07-19T09:22:00+00:00 [queued]>
[2022-07-19 09:23:09,979] {taskinstance.py:1356} INFO - 
--------------------------------------------------------------------------------
[2022-07-19 09:23:09,979] {taskinstance.py:1357} INFO - Starting attempt 1 of 1
[2022-07-19 09:23:09,980] {taskinstance.py:1358} INFO - 
--------------------------------------------------------------------------------
[2022-07-19 09:23:10,011] {taskinstance.py:1377} INFO - Executing <Task(PythonOperator): respond> on 2022-07-19 09:22:00+00:00
[2022-07-19 09:23:10,020] {standard_task_runner.py:52} INFO - Started process 4215 to run task
[2022-07-19 09:23:10,024] {standard_task_runner.py:79} INFO - Running: ['***', 'tasks', 'run', 'simple_dag', 'respond', 'scheduled__2022-07-19T09:22:00+00:00', '--job-id', '196', '--raw', '--subdir', 'DAGS_FOLDER/first_dag.py', '--cfg-path', '/tmp/tmp9dz_x0wi', '--error-file', '/tmp/tmpiel6f8dp']
[2022-07-19 09:23:10,024] {standard_task_runner.py:80} INFO - Job 196: Subtask respond
[2022-07-19 09:23:10,113] {task_command.py:370} INFO - Running <TaskInstance: simple_dag.respond scheduled__2022-07-19T09:22:00+00:00 [running]> on host 02ffb48252da
[2022-07-19 09:23:10,233] {taskinstance.py:1571} INFO - Exporting the following env vars:
AIRFLOW_CTX_DAG_OWNER=***
AIRFLOW_CTX_DAG_ID=simple_dag
AIRFLOW_CTX_TASK_ID=respond
AIRFLOW_CTX_EXECUTION_DATE=2022-07-19T09:22:00+00:00
AIRFLOW_CTX_TRY_NUMBER=1
AIRFLOW_CTX_DAG_RUN_ID=scheduled__2022-07-19T09:22:00+00:00
[2022-07-19 09:23:10,235] {python.py:173} INFO - Done. Returned value was: Greet Responded Again
[2022-07-19 09:23:10,283] {taskinstance.py:1400} INFO - Marking task as SUCCESS. dag_id=simple_dag, task_id=respond, execution_date=20220719T092200, start_date=20220719T092309, end_date=20220719T092310
[2022-07-19 09:23:10,318] {local_task_job.py:156} INFO - Task exited with return code 0
[2022-07-19 09:23:10,376] {local_task_job.py:273} INFO - 0 downstream tasks scheduled from follow-on schedule check
