[2022-07-19 11:44:02,356] {taskinstance.py:1159} INFO - Dependencies all met for <TaskInstance: simple_dag.say_hi scheduled__2022-07-19T11:43:00+00:00 [queued]>
[2022-07-19 11:44:02,370] {taskinstance.py:1159} INFO - Dependencies all met for <TaskInstance: simple_dag.say_hi scheduled__2022-07-19T11:43:00+00:00 [queued]>
[2022-07-19 11:44:02,371] {taskinstance.py:1356} INFO - 
--------------------------------------------------------------------------------
[2022-07-19 11:44:02,371] {taskinstance.py:1357} INFO - Starting attempt 1 of 1
[2022-07-19 11:44:02,373] {taskinstance.py:1358} INFO - 
--------------------------------------------------------------------------------
[2022-07-19 11:44:02,399] {taskinstance.py:1377} INFO - Executing <Task(BashOperator): say_hi> on 2022-07-19 11:43:00+00:00
[2022-07-19 11:44:02,406] {standard_task_runner.py:52} INFO - Started process 12118 to run task
[2022-07-19 11:44:02,411] {standard_task_runner.py:79} INFO - Running: ['***', 'tasks', 'run', 'simple_dag', 'say_hi', 'scheduled__2022-07-19T11:43:00+00:00', '--job-id', '629', '--raw', '--subdir', 'DAGS_FOLDER/first_dag.py', '--cfg-path', '/tmp/tmp2jp7v5mf', '--error-file', '/tmp/tmprtrx5pt8']
[2022-07-19 11:44:02,413] {standard_task_runner.py:80} INFO - Job 629: Subtask say_hi
[2022-07-19 11:44:02,535] {task_command.py:370} INFO - Running <TaskInstance: simple_dag.say_hi scheduled__2022-07-19T11:43:00+00:00 [running]> on host 02ffb48252da
[2022-07-19 11:44:02,758] {taskinstance.py:1571} INFO - Exporting the following env vars:
AIRFLOW_CTX_DAG_OWNER=***
AIRFLOW_CTX_DAG_ID=simple_dag
AIRFLOW_CTX_TASK_ID=say_hi
AIRFLOW_CTX_EXECUTION_DATE=2022-07-19T11:43:00+00:00
AIRFLOW_CTX_TRY_NUMBER=1
AIRFLOW_CTX_DAG_RUN_ID=scheduled__2022-07-19T11:43:00+00:00
[2022-07-19 11:44:02,760] {subprocess.py:62} INFO - Tmp dir root location: 
 /tmp
[2022-07-19 11:44:02,761] {subprocess.py:74} INFO - Running command: ['bash', '-c', 'echo "Hi!!"']
[2022-07-19 11:44:02,776] {subprocess.py:85} INFO - Output:
[2022-07-19 11:44:02,779] {subprocess.py:92} INFO - Hi!!
[2022-07-19 11:44:02,780] {subprocess.py:96} INFO - Command exited with return code 0
[2022-07-19 11:44:02,839] {taskinstance.py:1400} INFO - Marking task as SUCCESS. dag_id=simple_dag, task_id=say_hi, execution_date=20220719T114300, start_date=20220719T114402, end_date=20220719T114402
[2022-07-19 11:44:02,905] {local_task_job.py:156} INFO - Task exited with return code 0
[2022-07-19 11:44:02,988] {local_task_job.py:273} INFO - 1 downstream tasks scheduled from follow-on schedule check
