[2022-07-19 13:40:43,348] {taskinstance.py:1159} INFO - Dependencies all met for <TaskInstance: simple_dag.respond scheduled__2022-07-19T12:26:00+00:00 [queued]>
[2022-07-19 13:40:43,363] {taskinstance.py:1159} INFO - Dependencies all met for <TaskInstance: simple_dag.respond scheduled__2022-07-19T12:26:00+00:00 [queued]>
[2022-07-19 13:40:43,364] {taskinstance.py:1356} INFO - 
--------------------------------------------------------------------------------
[2022-07-19 13:40:43,364] {taskinstance.py:1357} INFO - Starting attempt 1 of 1
[2022-07-19 13:40:43,365] {taskinstance.py:1358} INFO - 
--------------------------------------------------------------------------------
[2022-07-19 13:40:43,389] {taskinstance.py:1377} INFO - Executing <Task(PythonOperator): respond> on 2022-07-19 12:26:00+00:00
[2022-07-19 13:40:43,397] {standard_task_runner.py:52} INFO - Started process 390 to run task
[2022-07-19 13:40:43,402] {standard_task_runner.py:79} INFO - Running: ['***', 'tasks', 'run', 'simple_dag', 'respond', 'scheduled__2022-07-19T12:26:00+00:00', '--job-id', '765', '--raw', '--subdir', 'DAGS_FOLDER/first_dag.py', '--cfg-path', '/tmp/tmpyz7l3fu0', '--error-file', '/tmp/tmp9vc0xgjz']
[2022-07-19 13:40:43,404] {standard_task_runner.py:80} INFO - Job 765: Subtask respond
[2022-07-19 13:40:43,509] {task_command.py:370} INFO - Running <TaskInstance: simple_dag.respond scheduled__2022-07-19T12:26:00+00:00 [running]> on host 1ead164eba69
[2022-07-19 13:40:43,649] {taskinstance.py:1571} INFO - Exporting the following env vars:
AIRFLOW_CTX_DAG_OWNER=***
AIRFLOW_CTX_DAG_ID=simple_dag
AIRFLOW_CTX_TASK_ID=respond
AIRFLOW_CTX_EXECUTION_DATE=2022-07-19T12:26:00+00:00
AIRFLOW_CTX_TRY_NUMBER=1
AIRFLOW_CTX_DAG_RUN_ID=scheduled__2022-07-19T12:26:00+00:00
[2022-07-19 13:40:53,214] {logging_mixin.py:115} INFO - (2724, 1)
[2022-07-19 13:40:53,232] {python.py:173} INFO - Done. Returned value was: Greet Responded Again
[2022-07-19 13:40:53,281] {taskinstance.py:1400} INFO - Marking task as SUCCESS. dag_id=simple_dag, task_id=respond, execution_date=20220719T122600, start_date=20220719T134043, end_date=20220719T134053
[2022-07-19 13:40:53,353] {local_task_job.py:156} INFO - Task exited with return code 0
[2022-07-19 13:40:53,402] {local_task_job.py:273} INFO - 0 downstream tasks scheduled from follow-on schedule check
