[2022-07-19 21:21:02,700] {taskinstance.py:1159} INFO - Dependencies all met for <TaskInstance: simple_dag.read_data scheduled__2022-07-19T21:20:00+00:00 [queued]>
[2022-07-19 21:21:02,745] {taskinstance.py:1159} INFO - Dependencies all met for <TaskInstance: simple_dag.read_data scheduled__2022-07-19T21:20:00+00:00 [queued]>
[2022-07-19 21:21:02,747] {taskinstance.py:1356} INFO - 
--------------------------------------------------------------------------------
[2022-07-19 21:21:02,748] {taskinstance.py:1357} INFO - Starting attempt 1 of 1
[2022-07-19 21:21:02,752] {taskinstance.py:1358} INFO - 
--------------------------------------------------------------------------------
[2022-07-19 21:21:02,798] {taskinstance.py:1377} INFO - Executing <Task(PythonOperator): read_data> on 2022-07-19 21:20:00+00:00
[2022-07-19 21:21:02,807] {standard_task_runner.py:52} INFO - Started process 8820 to run task
[2022-07-19 21:21:02,813] {standard_task_runner.py:79} INFO - Running: ['***', 'tasks', 'run', 'simple_dag', 'read_data', 'scheduled__2022-07-19T21:20:00+00:00', '--job-id', '865', '--raw', '--subdir', 'DAGS_FOLDER/first_dag.py', '--cfg-path', '/tmp/tmpcrhfv1c5', '--error-file', '/tmp/tmpwgnmzadf']
[2022-07-19 21:21:02,814] {standard_task_runner.py:80} INFO - Job 865: Subtask read_data
[2022-07-19 21:21:03,064] {task_command.py:370} INFO - Running <TaskInstance: simple_dag.read_data scheduled__2022-07-19T21:20:00+00:00 [running]> on host bc1c26dbd036
[2022-07-19 21:21:03,254] {taskinstance.py:1571} INFO - Exporting the following env vars:
AIRFLOW_CTX_DAG_OWNER=***
AIRFLOW_CTX_DAG_ID=simple_dag
AIRFLOW_CTX_TASK_ID=read_data
AIRFLOW_CTX_EXECUTION_DATE=2022-07-19T21:20:00+00:00
AIRFLOW_CTX_TRY_NUMBER=1
AIRFLOW_CTX_DAG_RUN_ID=scheduled__2022-07-19T21:20:00+00:00
[2022-07-19 21:21:06,137] {python.py:173} INFO - Done. Returned value was: (922, 1)
[2022-07-19 21:21:06,319] {taskinstance.py:1400} INFO - Marking task as SUCCESS. dag_id=simple_dag, task_id=read_data, execution_date=20220719T212000, start_date=20220719T212102, end_date=20220719T212106
[2022-07-19 21:21:06,457] {local_task_job.py:156} INFO - Task exited with return code 0
[2022-07-19 21:21:06,670] {local_task_job.py:273} INFO - 1 downstream tasks scheduled from follow-on schedule check
