[2022-07-19 11:55:01,651] {taskinstance.py:1159} INFO - Dependencies all met for <TaskInstance: simple_dag.say_hi scheduled__2022-07-19T11:54:00+00:00 [queued]>
[2022-07-19 11:55:01,688] {taskinstance.py:1159} INFO - Dependencies all met for <TaskInstance: simple_dag.say_hi scheduled__2022-07-19T11:54:00+00:00 [queued]>
[2022-07-19 11:55:01,689] {taskinstance.py:1356} INFO - 
--------------------------------------------------------------------------------
[2022-07-19 11:55:01,691] {taskinstance.py:1357} INFO - Starting attempt 1 of 1
[2022-07-19 11:55:01,694] {taskinstance.py:1358} INFO - 
--------------------------------------------------------------------------------
[2022-07-19 11:55:01,755] {taskinstance.py:1377} INFO - Executing <Task(BashOperator): say_hi> on 2022-07-19 11:54:00+00:00
[2022-07-19 11:55:01,770] {standard_task_runner.py:52} INFO - Started process 12698 to run task
[2022-07-19 11:55:01,782] {standard_task_runner.py:79} INFO - Running: ['***', 'tasks', 'run', 'simple_dag', 'say_hi', 'scheduled__2022-07-19T11:54:00+00:00', '--job-id', '662', '--raw', '--subdir', 'DAGS_FOLDER/first_dag.py', '--cfg-path', '/tmp/tmpsl9yond9', '--error-file', '/tmp/tmp65wnoz1m']
[2022-07-19 11:55:01,787] {standard_task_runner.py:80} INFO - Job 662: Subtask say_hi
[2022-07-19 11:55:01,957] {task_command.py:370} INFO - Running <TaskInstance: simple_dag.say_hi scheduled__2022-07-19T11:54:00+00:00 [running]> on host 02ffb48252da
[2022-07-19 11:55:02,108] {taskinstance.py:1571} INFO - Exporting the following env vars:
AIRFLOW_CTX_DAG_OWNER=***
AIRFLOW_CTX_DAG_ID=simple_dag
AIRFLOW_CTX_TASK_ID=say_hi
AIRFLOW_CTX_EXECUTION_DATE=2022-07-19T11:54:00+00:00
AIRFLOW_CTX_TRY_NUMBER=1
AIRFLOW_CTX_DAG_RUN_ID=scheduled__2022-07-19T11:54:00+00:00
[2022-07-19 11:55:02,110] {subprocess.py:62} INFO - Tmp dir root location: 
 /tmp
[2022-07-19 11:55:02,111] {subprocess.py:74} INFO - Running command: ['bash', '-c', 'echo "Hi!!"']
[2022-07-19 11:55:02,126] {subprocess.py:85} INFO - Output:
[2022-07-19 11:55:02,128] {subprocess.py:92} INFO - Hi!!
[2022-07-19 11:55:02,129] {subprocess.py:96} INFO - Command exited with return code 0
[2022-07-19 11:55:02,176] {taskinstance.py:1400} INFO - Marking task as SUCCESS. dag_id=simple_dag, task_id=say_hi, execution_date=20220719T115400, start_date=20220719T115501, end_date=20220719T115502
[2022-07-19 11:55:02,200] {local_task_job.py:156} INFO - Task exited with return code 0
[2022-07-19 11:55:02,259] {local_task_job.py:273} INFO - 1 downstream tasks scheduled from follow-on schedule check
