[2022-07-19 11:40:03,281] {taskinstance.py:1159} INFO - Dependencies all met for <TaskInstance: simple_dag.sleep_me scheduled__2022-07-19T11:39:00+00:00 [queued]>
[2022-07-19 11:40:03,294] {taskinstance.py:1159} INFO - Dependencies all met for <TaskInstance: simple_dag.sleep_me scheduled__2022-07-19T11:39:00+00:00 [queued]>
[2022-07-19 11:40:03,294] {taskinstance.py:1356} INFO - 
--------------------------------------------------------------------------------
[2022-07-19 11:40:03,295] {taskinstance.py:1357} INFO - Starting attempt 1 of 1
[2022-07-19 11:40:03,297] {taskinstance.py:1358} INFO - 
--------------------------------------------------------------------------------
[2022-07-19 11:40:03,321] {taskinstance.py:1377} INFO - Executing <Task(BashOperator): sleep_me> on 2022-07-19 11:39:00+00:00
[2022-07-19 11:40:03,328] {standard_task_runner.py:52} INFO - Started process 11899 to run task
[2022-07-19 11:40:03,332] {standard_task_runner.py:79} INFO - Running: ['***', 'tasks', 'run', 'simple_dag', 'sleep_me', 'scheduled__2022-07-19T11:39:00+00:00', '--job-id', '618', '--raw', '--subdir', 'DAGS_FOLDER/first_dag.py', '--cfg-path', '/tmp/tmpd16ggeh1', '--error-file', '/tmp/tmpynw47i43']
[2022-07-19 11:40:03,333] {standard_task_runner.py:80} INFO - Job 618: Subtask sleep_me
[2022-07-19 11:40:03,418] {task_command.py:370} INFO - Running <TaskInstance: simple_dag.sleep_me scheduled__2022-07-19T11:39:00+00:00 [running]> on host 02ffb48252da
[2022-07-19 11:40:03,551] {taskinstance.py:1571} INFO - Exporting the following env vars:
AIRFLOW_CTX_DAG_OWNER=***
AIRFLOW_CTX_DAG_ID=simple_dag
AIRFLOW_CTX_TASK_ID=sleep_me
AIRFLOW_CTX_EXECUTION_DATE=2022-07-19T11:39:00+00:00
AIRFLOW_CTX_TRY_NUMBER=1
AIRFLOW_CTX_DAG_RUN_ID=scheduled__2022-07-19T11:39:00+00:00
[2022-07-19 11:40:03,553] {subprocess.py:62} INFO - Tmp dir root location: 
 /tmp
[2022-07-19 11:40:03,554] {subprocess.py:74} INFO - Running command: ['bash', '-c', 'sleep 5']
[2022-07-19 11:40:03,567] {subprocess.py:85} INFO - Output:
[2022-07-19 11:40:08,572] {subprocess.py:96} INFO - Command exited with return code 0
[2022-07-19 11:40:08,640] {taskinstance.py:1400} INFO - Marking task as SUCCESS. dag_id=simple_dag, task_id=sleep_me, execution_date=20220719T113900, start_date=20220719T114003, end_date=20220719T114008
[2022-07-19 11:40:08,675] {local_task_job.py:156} INFO - Task exited with return code 0
[2022-07-19 11:40:08,736] {local_task_job.py:273} INFO - 0 downstream tasks scheduled from follow-on schedule check
