[2022-07-19 10:33:10,999] {taskinstance.py:1159} INFO - Dependencies all met for <TaskInstance: simple_dag.respond scheduled__2022-07-19T10:32:00+00:00 [queued]>
[2022-07-19 10:33:11,029] {taskinstance.py:1159} INFO - Dependencies all met for <TaskInstance: simple_dag.respond scheduled__2022-07-19T10:32:00+00:00 [queued]>
[2022-07-19 10:33:11,030] {taskinstance.py:1356} INFO - 
--------------------------------------------------------------------------------
[2022-07-19 10:33:11,031] {taskinstance.py:1357} INFO - Starting attempt 1 of 1
[2022-07-19 10:33:11,033] {taskinstance.py:1358} INFO - 
--------------------------------------------------------------------------------
[2022-07-19 10:33:11,083] {taskinstance.py:1377} INFO - Executing <Task(PythonOperator): respond> on 2022-07-19 10:32:00+00:00
[2022-07-19 10:33:11,097] {standard_task_runner.py:52} INFO - Started process 8261 to run task
[2022-07-19 10:33:11,108] {standard_task_runner.py:79} INFO - Running: ['***', 'tasks', 'run', 'simple_dag', 'respond', 'scheduled__2022-07-19T10:32:00+00:00', '--job-id', '418', '--raw', '--subdir', 'DAGS_FOLDER/first_dag.py', '--cfg-path', '/tmp/tmp7sf3x723', '--error-file', '/tmp/tmpkw6st5fk']
[2022-07-19 10:33:11,111] {standard_task_runner.py:80} INFO - Job 418: Subtask respond
[2022-07-19 10:33:11,266] {task_command.py:370} INFO - Running <TaskInstance: simple_dag.respond scheduled__2022-07-19T10:32:00+00:00 [running]> on host 02ffb48252da
[2022-07-19 10:33:11,454] {taskinstance.py:1571} INFO - Exporting the following env vars:
AIRFLOW_CTX_DAG_OWNER=***
AIRFLOW_CTX_DAG_ID=simple_dag
AIRFLOW_CTX_TASK_ID=respond
AIRFLOW_CTX_EXECUTION_DATE=2022-07-19T10:32:00+00:00
AIRFLOW_CTX_TRY_NUMBER=1
AIRFLOW_CTX_DAG_RUN_ID=scheduled__2022-07-19T10:32:00+00:00
[2022-07-19 10:33:19,686] {logging_mixin.py:115} INFO - (2724, 1)
[2022-07-19 10:33:19,698] {python.py:173} INFO - Done. Returned value was: Greet Responded Again
[2022-07-19 10:33:19,813] {taskinstance.py:1400} INFO - Marking task as SUCCESS. dag_id=simple_dag, task_id=respond, execution_date=20220719T103200, start_date=20220719T103311, end_date=20220719T103319
[2022-07-19 10:33:19,867] {local_task_job.py:156} INFO - Task exited with return code 0
[2022-07-19 10:33:19,914] {local_task_job.py:273} INFO - 0 downstream tasks scheduled from follow-on schedule check
