[2022-07-19 06:46:04,288] {taskinstance.py:1159} INFO - Dependencies all met for <TaskInstance: example_bash_operator.this_will_skip scheduled__2022-07-18T00:00:00+00:00 [queued]>
[2022-07-19 06:46:04,296] {taskinstance.py:1159} INFO - Dependencies all met for <TaskInstance: example_bash_operator.this_will_skip scheduled__2022-07-18T00:00:00+00:00 [queued]>
[2022-07-19 06:46:04,297] {taskinstance.py:1356} INFO - 
--------------------------------------------------------------------------------
[2022-07-19 06:46:04,299] {taskinstance.py:1357} INFO - Starting attempt 1 of 1
[2022-07-19 06:46:04,300] {taskinstance.py:1358} INFO - 
--------------------------------------------------------------------------------
[2022-07-19 06:46:04,316] {taskinstance.py:1377} INFO - Executing <Task(BashOperator): this_will_skip> on 2022-07-18 00:00:00+00:00
[2022-07-19 06:46:04,319] {standard_task_runner.py:52} INFO - Started process 218 to run task
[2022-07-19 06:46:04,323] {standard_task_runner.py:79} INFO - Running: ['***', 'tasks', 'run', 'example_bash_operator', 'this_will_skip', 'scheduled__2022-07-18T00:00:00+00:00', '--job-id', '20', '--raw', '--subdir', '/home/***/.local/lib/python3.7/site-packages/***/example_dags/example_bash_operator.py', '--cfg-path', '/tmp/tmpqef0716z', '--error-file', '/tmp/tmptl12t_53']
[2022-07-19 06:46:04,324] {standard_task_runner.py:80} INFO - Job 20: Subtask this_will_skip
[2022-07-19 06:46:04,392] {task_command.py:370} INFO - Running <TaskInstance: example_bash_operator.this_will_skip scheduled__2022-07-18T00:00:00+00:00 [running]> on host 6fab1d40a0c4
[2022-07-19 06:46:04,509] {taskinstance.py:1571} INFO - Exporting the following env vars:
AIRFLOW_CTX_DAG_OWNER=***
AIRFLOW_CTX_DAG_ID=example_bash_operator
AIRFLOW_CTX_TASK_ID=this_will_skip
AIRFLOW_CTX_EXECUTION_DATE=2022-07-18T00:00:00+00:00
AIRFLOW_CTX_TRY_NUMBER=1
AIRFLOW_CTX_DAG_RUN_ID=scheduled__2022-07-18T00:00:00+00:00
[2022-07-19 06:46:04,511] {subprocess.py:62} INFO - Tmp dir root location: 
 /tmp
[2022-07-19 06:46:04,512] {subprocess.py:74} INFO - Running command: ['bash', '-c', 'echo "hello world"; exit 99;']
[2022-07-19 06:46:04,525] {subprocess.py:85} INFO - Output:
[2022-07-19 06:46:04,528] {subprocess.py:92} INFO - hello world
[2022-07-19 06:46:04,529] {subprocess.py:96} INFO - Command exited with return code 99
[2022-07-19 06:46:04,530] {taskinstance.py:1478} INFO - Bash command returned exit code 99. Skipping.
[2022-07-19 06:46:04,555] {taskinstance.py:1400} INFO - Marking task as SKIPPED. dag_id=example_bash_operator, task_id=this_will_skip, execution_date=20220718T000000, start_date=20220719T064604, end_date=20220719T064604
[2022-07-19 06:46:04,616] {local_task_job.py:156} INFO - Task exited with return code 0
[2022-07-19 06:46:04,659] {local_task_job.py:273} INFO - 0 downstream tasks scheduled from follow-on schedule check
