[2022-07-19 06:46:09,372] {taskinstance.py:1159} INFO - Dependencies all met for <TaskInstance: example_bash_operator.runme_1 manual__2022-07-19T06:46:07.455404+00:00 [queued]>
[2022-07-19 06:46:09,389] {taskinstance.py:1159} INFO - Dependencies all met for <TaskInstance: example_bash_operator.runme_1 manual__2022-07-19T06:46:07.455404+00:00 [queued]>
[2022-07-19 06:46:09,389] {taskinstance.py:1356} INFO - 
--------------------------------------------------------------------------------
[2022-07-19 06:46:09,390] {taskinstance.py:1357} INFO - Starting attempt 1 of 1
[2022-07-19 06:46:09,390] {taskinstance.py:1358} INFO - 
--------------------------------------------------------------------------------
[2022-07-19 06:46:09,421] {taskinstance.py:1377} INFO - Executing <Task(BashOperator): runme_1> on 2022-07-19 06:46:07.455404+00:00
[2022-07-19 06:46:09,427] {standard_task_runner.py:52} INFO - Started process 236 to run task
[2022-07-19 06:46:09,432] {standard_task_runner.py:79} INFO - Running: ['***', 'tasks', 'run', 'example_bash_operator', 'runme_1', 'manual__2022-07-19T06:46:07.455404+00:00', '--job-id', '24', '--raw', '--subdir', '/home/***/.local/lib/python3.7/site-packages/***/example_dags/example_bash_operator.py', '--cfg-path', '/tmp/tmptbbv4gt3', '--error-file', '/tmp/tmp3t3fileu']
[2022-07-19 06:46:09,433] {standard_task_runner.py:80} INFO - Job 24: Subtask runme_1
[2022-07-19 06:46:09,607] {task_command.py:370} INFO - Running <TaskInstance: example_bash_operator.runme_1 manual__2022-07-19T06:46:07.455404+00:00 [running]> on host 6fab1d40a0c4
[2022-07-19 06:46:09,903] {taskinstance.py:1571} INFO - Exporting the following env vars:
AIRFLOW_CTX_DAG_OWNER=***
AIRFLOW_CTX_DAG_ID=example_bash_operator
AIRFLOW_CTX_TASK_ID=runme_1
AIRFLOW_CTX_EXECUTION_DATE=2022-07-19T06:46:07.455404+00:00
AIRFLOW_CTX_TRY_NUMBER=1
AIRFLOW_CTX_DAG_RUN_ID=manual__2022-07-19T06:46:07.455404+00:00
[2022-07-19 06:46:09,909] {subprocess.py:62} INFO - Tmp dir root location: 
 /tmp
[2022-07-19 06:46:09,912] {subprocess.py:74} INFO - Running command: ['bash', '-c', 'echo "example_bash_operator__runme_1__20220719" && sleep 1']
[2022-07-19 06:46:09,929] {subprocess.py:85} INFO - Output:
[2022-07-19 06:46:09,932] {subprocess.py:92} INFO - example_bash_operator__runme_1__20220719
[2022-07-19 06:46:10,934] {subprocess.py:96} INFO - Command exited with return code 0
[2022-07-19 06:46:10,974] {taskinstance.py:1400} INFO - Marking task as SUCCESS. dag_id=example_bash_operator, task_id=runme_1, execution_date=20220719T064607, start_date=20220719T064609, end_date=20220719T064610
[2022-07-19 06:46:11,013] {local_task_job.py:156} INFO - Task exited with return code 0
[2022-07-19 06:46:11,076] {local_task_job.py:273} INFO - 0 downstream tasks scheduled from follow-on schedule check
