[2022-07-19 21:55:01,716] {taskinstance.py:1159} INFO - Dependencies all met for <TaskInstance: simple_dag.read_data scheduled__2022-07-19T21:54:00+00:00 [queued]>
[2022-07-19 21:55:01,741] {taskinstance.py:1159} INFO - Dependencies all met for <TaskInstance: simple_dag.read_data scheduled__2022-07-19T21:54:00+00:00 [queued]>
[2022-07-19 21:55:01,742] {taskinstance.py:1356} INFO - 
--------------------------------------------------------------------------------
[2022-07-19 21:55:01,742] {taskinstance.py:1357} INFO - Starting attempt 1 of 1
[2022-07-19 21:55:01,743] {taskinstance.py:1358} INFO - 
--------------------------------------------------------------------------------
[2022-07-19 21:55:01,772] {taskinstance.py:1377} INFO - Executing <Task(PythonOperator): read_data> on 2022-07-19 21:54:00+00:00
[2022-07-19 21:55:01,779] {standard_task_runner.py:52} INFO - Started process 493 to run task
[2022-07-19 21:55:01,785] {standard_task_runner.py:79} INFO - Running: ['***', 'tasks', 'run', 'simple_dag', 'read_data', 'scheduled__2022-07-19T21:54:00+00:00', '--job-id', '992', '--raw', '--subdir', 'DAGS_FOLDER/first_dag.py', '--cfg-path', '/tmp/tmp4xn3o8h6', '--error-file', '/tmp/tmpywvrdtv3']
[2022-07-19 21:55:01,789] {standard_task_runner.py:80} INFO - Job 992: Subtask read_data
[2022-07-19 21:55:01,909] {task_command.py:370} INFO - Running <TaskInstance: simple_dag.read_data scheduled__2022-07-19T21:54:00+00:00 [running]> on host 29459987bc56
[2022-07-19 21:55:02,068] {taskinstance.py:1571} INFO - Exporting the following env vars:
AIRFLOW_CTX_DAG_OWNER=***
AIRFLOW_CTX_DAG_ID=simple_dag
AIRFLOW_CTX_TASK_ID=read_data
AIRFLOW_CTX_EXECUTION_DATE=2022-07-19T21:54:00+00:00
AIRFLOW_CTX_TRY_NUMBER=1
AIRFLOW_CTX_DAG_RUN_ID=scheduled__2022-07-19T21:54:00+00:00
[2022-07-19 21:55:02,081] {python.py:173} INFO - Done. Returned value was: (1, 10)
[2022-07-19 21:55:02,128] {taskinstance.py:1400} INFO - Marking task as SUCCESS. dag_id=simple_dag, task_id=read_data, execution_date=20220719T215400, start_date=20220719T215501, end_date=20220719T215502
[2022-07-19 21:55:02,160] {local_task_job.py:156} INFO - Task exited with return code 0
[2022-07-19 21:55:02,254] {local_task_job.py:273} INFO - 0 downstream tasks scheduled from follow-on schedule check
