[2022-07-19 10:02:10,527] {taskinstance.py:1159} INFO - Dependencies all met for <TaskInstance: simple_dag.respond scheduled__2022-07-19T10:01:00+00:00 [queued]>
[2022-07-19 10:02:10,538] {taskinstance.py:1159} INFO - Dependencies all met for <TaskInstance: simple_dag.respond scheduled__2022-07-19T10:01:00+00:00 [queued]>
[2022-07-19 10:02:10,539] {taskinstance.py:1356} INFO - 
--------------------------------------------------------------------------------
[2022-07-19 10:02:10,539] {taskinstance.py:1357} INFO - Starting attempt 1 of 1
[2022-07-19 10:02:10,543] {taskinstance.py:1358} INFO - 
--------------------------------------------------------------------------------
[2022-07-19 10:02:10,565] {taskinstance.py:1377} INFO - Executing <Task(PythonOperator): respond> on 2022-07-19 10:01:00+00:00
[2022-07-19 10:02:10,571] {standard_task_runner.py:52} INFO - Started process 6500 to run task
[2022-07-19 10:02:10,578] {standard_task_runner.py:79} INFO - Running: ['***', 'tasks', 'run', 'simple_dag', 'respond', 'scheduled__2022-07-19T10:01:00+00:00', '--job-id', '325', '--raw', '--subdir', 'DAGS_FOLDER/first_dag.py', '--cfg-path', '/tmp/tmpc5o31vdt', '--error-file', '/tmp/tmpjybirar6']
[2022-07-19 10:02:10,579] {standard_task_runner.py:80} INFO - Job 325: Subtask respond
[2022-07-19 10:02:10,654] {task_command.py:370} INFO - Running <TaskInstance: simple_dag.respond scheduled__2022-07-19T10:01:00+00:00 [running]> on host 02ffb48252da
[2022-07-19 10:02:10,767] {taskinstance.py:1571} INFO - Exporting the following env vars:
AIRFLOW_CTX_DAG_OWNER=***
AIRFLOW_CTX_DAG_ID=simple_dag
AIRFLOW_CTX_TASK_ID=respond
AIRFLOW_CTX_EXECUTION_DATE=2022-07-19T10:01:00+00:00
AIRFLOW_CTX_TRY_NUMBER=1
AIRFLOW_CTX_DAG_RUN_ID=scheduled__2022-07-19T10:01:00+00:00
[2022-07-19 10:02:17,753] {logging_mixin.py:115} INFO - (2724, 1)
[2022-07-19 10:02:17,765] {python.py:173} INFO - Done. Returned value was: Greet Responded Again
[2022-07-19 10:02:17,837] {taskinstance.py:1400} INFO - Marking task as SUCCESS. dag_id=simple_dag, task_id=respond, execution_date=20220719T100100, start_date=20220719T100210, end_date=20220719T100217
[2022-07-19 10:02:17,877] {local_task_job.py:156} INFO - Task exited with return code 0
[2022-07-19 10:02:17,905] {local_task_job.py:273} INFO - 0 downstream tasks scheduled from follow-on schedule check
