[2022-07-19 09:59:08,954] {taskinstance.py:1159} INFO - Dependencies all met for <TaskInstance: simple_dag.respond scheduled__2022-07-19T09:58:00+00:00 [queued]>
[2022-07-19 09:59:08,964] {taskinstance.py:1159} INFO - Dependencies all met for <TaskInstance: simple_dag.respond scheduled__2022-07-19T09:58:00+00:00 [queued]>
[2022-07-19 09:59:08,965] {taskinstance.py:1356} INFO - 
--------------------------------------------------------------------------------
[2022-07-19 09:59:08,965] {taskinstance.py:1357} INFO - Starting attempt 1 of 1
[2022-07-19 09:59:08,966] {taskinstance.py:1358} INFO - 
--------------------------------------------------------------------------------
[2022-07-19 09:59:08,984] {taskinstance.py:1377} INFO - Executing <Task(PythonOperator): respond> on 2022-07-19 09:58:00+00:00
[2022-07-19 09:59:08,989] {standard_task_runner.py:52} INFO - Started process 6336 to run task
[2022-07-19 09:59:08,994] {standard_task_runner.py:79} INFO - Running: ['***', 'tasks', 'run', 'simple_dag', 'respond', 'scheduled__2022-07-19T09:58:00+00:00', '--job-id', '316', '--raw', '--subdir', 'DAGS_FOLDER/first_dag.py', '--cfg-path', '/tmp/tmpqd699c2p', '--error-file', '/tmp/tmpo6pb5kvi']
[2022-07-19 09:59:08,996] {standard_task_runner.py:80} INFO - Job 316: Subtask respond
[2022-07-19 09:59:09,121] {task_command.py:370} INFO - Running <TaskInstance: simple_dag.respond scheduled__2022-07-19T09:58:00+00:00 [running]> on host 02ffb48252da
[2022-07-19 09:59:09,228] {taskinstance.py:1571} INFO - Exporting the following env vars:
AIRFLOW_CTX_DAG_OWNER=***
AIRFLOW_CTX_DAG_ID=simple_dag
AIRFLOW_CTX_TASK_ID=respond
AIRFLOW_CTX_EXECUTION_DATE=2022-07-19T09:58:00+00:00
AIRFLOW_CTX_TRY_NUMBER=1
AIRFLOW_CTX_DAG_RUN_ID=scheduled__2022-07-19T09:58:00+00:00
[2022-07-19 09:59:16,127] {logging_mixin.py:115} INFO - (2724, 1)
[2022-07-19 09:59:16,141] {python.py:173} INFO - Done. Returned value was: Greet Responded Again
[2022-07-19 09:59:16,185] {taskinstance.py:1400} INFO - Marking task as SUCCESS. dag_id=simple_dag, task_id=respond, execution_date=20220719T095800, start_date=20220719T095908, end_date=20220719T095916
[2022-07-19 09:59:16,257] {local_task_job.py:156} INFO - Task exited with return code 0
[2022-07-19 09:59:16,350] {local_task_job.py:273} INFO - 0 downstream tasks scheduled from follow-on schedule check
