[2022-07-19 09:09:07,764] {taskinstance.py:1159} INFO - Dependencies all met for <TaskInstance: simple_dag.respond scheduled__2022-07-19T09:08:00+00:00 [queued]>
[2022-07-19 09:09:07,774] {taskinstance.py:1159} INFO - Dependencies all met for <TaskInstance: simple_dag.respond scheduled__2022-07-19T09:08:00+00:00 [queued]>
[2022-07-19 09:09:07,775] {taskinstance.py:1356} INFO - 
--------------------------------------------------------------------------------
[2022-07-19 09:09:07,775] {taskinstance.py:1357} INFO - Starting attempt 1 of 1
[2022-07-19 09:09:07,777] {taskinstance.py:1358} INFO - 
--------------------------------------------------------------------------------
[2022-07-19 09:09:07,793] {taskinstance.py:1377} INFO - Executing <Task(PythonOperator): respond> on 2022-07-19 09:08:00+00:00
[2022-07-19 09:09:07,798] {standard_task_runner.py:52} INFO - Started process 3443 to run task
[2022-07-19 09:09:07,801] {standard_task_runner.py:79} INFO - Running: ['***', 'tasks', 'run', 'simple_dag', 'respond', 'scheduled__2022-07-19T09:08:00+00:00', '--job-id', '154', '--raw', '--subdir', 'DAGS_FOLDER/first_dag.py', '--cfg-path', '/tmp/tmp8cszk69r', '--error-file', '/tmp/tmp3cgqiv1g']
[2022-07-19 09:09:07,801] {standard_task_runner.py:80} INFO - Job 154: Subtask respond
[2022-07-19 09:09:07,864] {task_command.py:370} INFO - Running <TaskInstance: simple_dag.respond scheduled__2022-07-19T09:08:00+00:00 [running]> on host 02ffb48252da
[2022-07-19 09:09:07,968] {taskinstance.py:1571} INFO - Exporting the following env vars:
AIRFLOW_CTX_DAG_OWNER=***
AIRFLOW_CTX_DAG_ID=simple_dag
AIRFLOW_CTX_TASK_ID=respond
AIRFLOW_CTX_EXECUTION_DATE=2022-07-19T09:08:00+00:00
AIRFLOW_CTX_TRY_NUMBER=1
AIRFLOW_CTX_DAG_RUN_ID=scheduled__2022-07-19T09:08:00+00:00
[2022-07-19 09:09:07,970] {python.py:173} INFO - Done. Returned value was: Greet Responded Again
[2022-07-19 09:09:08,006] {taskinstance.py:1400} INFO - Marking task as SUCCESS. dag_id=simple_dag, task_id=respond, execution_date=20220719T090800, start_date=20220719T090907, end_date=20220719T090908
[2022-07-19 09:09:08,054] {local_task_job.py:156} INFO - Task exited with return code 0
[2022-07-19 09:09:08,092] {local_task_job.py:273} INFO - 0 downstream tasks scheduled from follow-on schedule check
