[2022-07-19 08:50:07,932] {taskinstance.py:1159} INFO - Dependencies all met for <TaskInstance: simple_dag.respond scheduled__2022-07-19T08:49:00+00:00 [queued]>
[2022-07-19 08:50:07,948] {taskinstance.py:1159} INFO - Dependencies all met for <TaskInstance: simple_dag.respond scheduled__2022-07-19T08:49:00+00:00 [queued]>
[2022-07-19 08:50:07,949] {taskinstance.py:1356} INFO - 
--------------------------------------------------------------------------------
[2022-07-19 08:50:07,949] {taskinstance.py:1357} INFO - Starting attempt 1 of 1
[2022-07-19 08:50:07,951] {taskinstance.py:1358} INFO - 
--------------------------------------------------------------------------------
[2022-07-19 08:50:07,974] {taskinstance.py:1377} INFO - Executing <Task(PythonOperator): respond> on 2022-07-19 08:49:00+00:00
[2022-07-19 08:50:07,981] {standard_task_runner.py:52} INFO - Started process 2400 to run task
[2022-07-19 08:50:07,986] {standard_task_runner.py:79} INFO - Running: ['***', 'tasks', 'run', 'simple_dag', 'respond', 'scheduled__2022-07-19T08:49:00+00:00', '--job-id', '97', '--raw', '--subdir', 'DAGS_FOLDER/first_dag.py', '--cfg-path', '/tmp/tmpy6irv0cz', '--error-file', '/tmp/tmpfnv9w80z']
[2022-07-19 08:50:07,987] {standard_task_runner.py:80} INFO - Job 97: Subtask respond
[2022-07-19 08:50:08,058] {task_command.py:370} INFO - Running <TaskInstance: simple_dag.respond scheduled__2022-07-19T08:49:00+00:00 [running]> on host 02ffb48252da
[2022-07-19 08:50:08,138] {taskinstance.py:1571} INFO - Exporting the following env vars:
AIRFLOW_CTX_DAG_OWNER=***
AIRFLOW_CTX_DAG_ID=simple_dag
AIRFLOW_CTX_TASK_ID=respond
AIRFLOW_CTX_EXECUTION_DATE=2022-07-19T08:49:00+00:00
AIRFLOW_CTX_TRY_NUMBER=1
AIRFLOW_CTX_DAG_RUN_ID=scheduled__2022-07-19T08:49:00+00:00
[2022-07-19 08:50:08,140] {python.py:173} INFO - Done. Returned value was: Greet Responded Again
[2022-07-19 08:50:08,169] {taskinstance.py:1400} INFO - Marking task as SUCCESS. dag_id=simple_dag, task_id=respond, execution_date=20220719T084900, start_date=20220719T085007, end_date=20220719T085008
[2022-07-19 08:50:08,200] {local_task_job.py:156} INFO - Task exited with return code 0
[2022-07-19 08:50:08,233] {local_task_job.py:273} INFO - 0 downstream tasks scheduled from follow-on schedule check
