[2022-07-19 09:31:15,344] {taskinstance.py:1159} INFO - Dependencies all met for <TaskInstance: simple_dag.sleep_me manual__2022-07-19T09:31:11.759888+00:00 [queued]>
[2022-07-19 09:31:15,358] {taskinstance.py:1159} INFO - Dependencies all met for <TaskInstance: simple_dag.sleep_me manual__2022-07-19T09:31:11.759888+00:00 [queued]>
[2022-07-19 09:31:15,358] {taskinstance.py:1356} INFO - 
--------------------------------------------------------------------------------
[2022-07-19 09:31:15,359] {taskinstance.py:1357} INFO - Starting attempt 1 of 1
[2022-07-19 09:31:15,361] {taskinstance.py:1358} INFO - 
--------------------------------------------------------------------------------
[2022-07-19 09:31:15,382] {taskinstance.py:1377} INFO - Executing <Task(BashOperator): sleep_me> on 2022-07-19 09:31:11.759888+00:00
[2022-07-19 09:31:15,388] {standard_task_runner.py:52} INFO - Started process 4716 to run task
[2022-07-19 09:31:15,392] {standard_task_runner.py:79} INFO - Running: ['***', 'tasks', 'run', 'simple_dag', 'sleep_me', 'manual__2022-07-19T09:31:11.759888+00:00', '--job-id', '228', '--raw', '--subdir', 'DAGS_FOLDER/first_dag.py', '--cfg-path', '/tmp/tmpnkt6o7to', '--error-file', '/tmp/tmpralrylof']
[2022-07-19 09:31:15,393] {standard_task_runner.py:80} INFO - Job 228: Subtask sleep_me
[2022-07-19 09:31:15,455] {task_command.py:370} INFO - Running <TaskInstance: simple_dag.sleep_me manual__2022-07-19T09:31:11.759888+00:00 [running]> on host 02ffb48252da
[2022-07-19 09:31:15,549] {taskinstance.py:1571} INFO - Exporting the following env vars:
AIRFLOW_CTX_DAG_OWNER=***
AIRFLOW_CTX_DAG_ID=simple_dag
AIRFLOW_CTX_TASK_ID=sleep_me
AIRFLOW_CTX_EXECUTION_DATE=2022-07-19T09:31:11.759888+00:00
AIRFLOW_CTX_TRY_NUMBER=1
AIRFLOW_CTX_DAG_RUN_ID=manual__2022-07-19T09:31:11.759888+00:00
[2022-07-19 09:31:15,551] {subprocess.py:62} INFO - Tmp dir root location: 
 /tmp
[2022-07-19 09:31:15,552] {subprocess.py:74} INFO - Running command: ['bash', '-c', 'sleep 5']
[2022-07-19 09:31:15,565] {subprocess.py:85} INFO - Output:
[2022-07-19 09:31:20,570] {subprocess.py:96} INFO - Command exited with return code 0
[2022-07-19 09:31:20,613] {taskinstance.py:1400} INFO - Marking task as SUCCESS. dag_id=simple_dag, task_id=sleep_me, execution_date=20220719T093111, start_date=20220719T093115, end_date=20220719T093120
[2022-07-19 09:31:20,684] {local_task_job.py:156} INFO - Task exited with return code 0
[2022-07-19 09:31:20,730] {local_task_job.py:273} INFO - 1 downstream tasks scheduled from follow-on schedule check
