[2022-07-19 21:19:02,057] {taskinstance.py:1159} INFO - Dependencies all met for <TaskInstance: simple_dag.read_data scheduled__2022-07-19T21:18:00+00:00 [queued]>
[2022-07-19 21:19:02,093] {taskinstance.py:1159} INFO - Dependencies all met for <TaskInstance: simple_dag.read_data scheduled__2022-07-19T21:18:00+00:00 [queued]>
[2022-07-19 21:19:02,095] {taskinstance.py:1356} INFO - 
--------------------------------------------------------------------------------
[2022-07-19 21:19:02,096] {taskinstance.py:1357} INFO - Starting attempt 1 of 1
[2022-07-19 21:19:02,098] {taskinstance.py:1358} INFO - 
--------------------------------------------------------------------------------
[2022-07-19 21:19:02,163] {taskinstance.py:1377} INFO - Executing <Task(PythonOperator): read_data> on 2022-07-19 21:18:00+00:00
[2022-07-19 21:19:02,176] {standard_task_runner.py:52} INFO - Started process 8037 to run task
[2022-07-19 21:19:02,189] {standard_task_runner.py:79} INFO - Running: ['***', 'tasks', 'run', 'simple_dag', 'read_data', 'scheduled__2022-07-19T21:18:00+00:00', '--job-id', '861', '--raw', '--subdir', 'DAGS_FOLDER/first_dag.py', '--cfg-path', '/tmp/tmpyeg68psq', '--error-file', '/tmp/tmp015um6g0']
[2022-07-19 21:19:02,193] {standard_task_runner.py:80} INFO - Job 861: Subtask read_data
[2022-07-19 21:19:02,408] {task_command.py:370} INFO - Running <TaskInstance: simple_dag.read_data scheduled__2022-07-19T21:18:00+00:00 [running]> on host bc1c26dbd036
[2022-07-19 21:19:02,663] {taskinstance.py:1571} INFO - Exporting the following env vars:
AIRFLOW_CTX_DAG_OWNER=***
AIRFLOW_CTX_DAG_ID=simple_dag
AIRFLOW_CTX_TASK_ID=read_data
AIRFLOW_CTX_EXECUTION_DATE=2022-07-19T21:18:00+00:00
AIRFLOW_CTX_TRY_NUMBER=1
AIRFLOW_CTX_DAG_RUN_ID=scheduled__2022-07-19T21:18:00+00:00
[2022-07-19 21:19:05,654] {python.py:173} INFO - Done. Returned value was: (922, 1)
[2022-07-19 21:19:05,738] {taskinstance.py:1400} INFO - Marking task as SUCCESS. dag_id=simple_dag, task_id=read_data, execution_date=20220719T211800, start_date=20220719T211902, end_date=20220719T211905
[2022-07-19 21:19:05,822] {local_task_job.py:156} INFO - Task exited with return code 0
[2022-07-19 21:19:06,012] {local_task_job.py:273} INFO - 1 downstream tasks scheduled from follow-on schedule check
