[2022-07-19 11:51:02,303] {taskinstance.py:1159} INFO - Dependencies all met for <TaskInstance: simple_dag.say_hi scheduled__2022-07-19T11:50:00+00:00 [queued]>
[2022-07-19 11:51:02,315] {taskinstance.py:1159} INFO - Dependencies all met for <TaskInstance: simple_dag.say_hi scheduled__2022-07-19T11:50:00+00:00 [queued]>
[2022-07-19 11:51:02,316] {taskinstance.py:1356} INFO - 
--------------------------------------------------------------------------------
[2022-07-19 11:51:02,316] {taskinstance.py:1357} INFO - Starting attempt 1 of 1
[2022-07-19 11:51:02,318] {taskinstance.py:1358} INFO - 
--------------------------------------------------------------------------------
[2022-07-19 11:51:02,338] {taskinstance.py:1377} INFO - Executing <Task(BashOperator): say_hi> on 2022-07-19 11:50:00+00:00
[2022-07-19 11:51:02,343] {standard_task_runner.py:52} INFO - Started process 12495 to run task
[2022-07-19 11:51:02,348] {standard_task_runner.py:79} INFO - Running: ['***', 'tasks', 'run', 'simple_dag', 'say_hi', 'scheduled__2022-07-19T11:50:00+00:00', '--job-id', '650', '--raw', '--subdir', 'DAGS_FOLDER/first_dag.py', '--cfg-path', '/tmp/tmp4o1l7xm_', '--error-file', '/tmp/tmpkvv2t6rh']
[2022-07-19 11:51:02,349] {standard_task_runner.py:80} INFO - Job 650: Subtask say_hi
[2022-07-19 11:51:02,424] {task_command.py:370} INFO - Running <TaskInstance: simple_dag.say_hi scheduled__2022-07-19T11:50:00+00:00 [running]> on host 02ffb48252da
[2022-07-19 11:51:02,751] {taskinstance.py:1571} INFO - Exporting the following env vars:
AIRFLOW_CTX_DAG_OWNER=***
AIRFLOW_CTX_DAG_ID=simple_dag
AIRFLOW_CTX_TASK_ID=say_hi
AIRFLOW_CTX_EXECUTION_DATE=2022-07-19T11:50:00+00:00
AIRFLOW_CTX_TRY_NUMBER=1
AIRFLOW_CTX_DAG_RUN_ID=scheduled__2022-07-19T11:50:00+00:00
[2022-07-19 11:51:02,754] {subprocess.py:62} INFO - Tmp dir root location: 
 /tmp
[2022-07-19 11:51:02,756] {subprocess.py:74} INFO - Running command: ['bash', '-c', 'echo "Hi!!"']
[2022-07-19 11:51:02,811] {subprocess.py:85} INFO - Output:
[2022-07-19 11:51:02,818] {subprocess.py:92} INFO - Hi!!
[2022-07-19 11:51:02,820] {subprocess.py:96} INFO - Command exited with return code 0
[2022-07-19 11:51:02,876] {taskinstance.py:1400} INFO - Marking task as SUCCESS. dag_id=simple_dag, task_id=say_hi, execution_date=20220719T115000, start_date=20220719T115102, end_date=20220719T115102
[2022-07-19 11:51:02,923] {local_task_job.py:156} INFO - Task exited with return code 0
[2022-07-19 11:51:03,207] {local_task_job.py:273} INFO - 1 downstream tasks scheduled from follow-on schedule check
