[2022-07-19 11:59:11,968] {taskinstance.py:1159} INFO - Dependencies all met for <TaskInstance: simple_dag.respond scheduled__2022-07-19T11:58:00+00:00 [queued]>
[2022-07-19 11:59:11,997] {taskinstance.py:1159} INFO - Dependencies all met for <TaskInstance: simple_dag.respond scheduled__2022-07-19T11:58:00+00:00 [queued]>
[2022-07-19 11:59:11,999] {taskinstance.py:1356} INFO - 
--------------------------------------------------------------------------------
[2022-07-19 11:59:12,000] {taskinstance.py:1357} INFO - Starting attempt 1 of 1
[2022-07-19 11:59:12,087] {taskinstance.py:1358} INFO - 
--------------------------------------------------------------------------------
[2022-07-19 11:59:12,157] {taskinstance.py:1377} INFO - Executing <Task(PythonOperator): respond> on 2022-07-19 11:58:00+00:00
[2022-07-19 11:59:12,168] {standard_task_runner.py:52} INFO - Started process 12927 to run task
[2022-07-19 11:59:12,177] {standard_task_runner.py:79} INFO - Running: ['***', 'tasks', 'run', 'simple_dag', 'respond', 'scheduled__2022-07-19T11:58:00+00:00', '--job-id', '676', '--raw', '--subdir', 'DAGS_FOLDER/first_dag.py', '--cfg-path', '/tmp/tmpk780nss4', '--error-file', '/tmp/tmpig6ymxev']
[2022-07-19 11:59:12,179] {standard_task_runner.py:80} INFO - Job 676: Subtask respond
[2022-07-19 11:59:12,272] {task_command.py:370} INFO - Running <TaskInstance: simple_dag.respond scheduled__2022-07-19T11:58:00+00:00 [running]> on host 02ffb48252da
[2022-07-19 11:59:12,405] {taskinstance.py:1571} INFO - Exporting the following env vars:
AIRFLOW_CTX_DAG_OWNER=***
AIRFLOW_CTX_DAG_ID=simple_dag
AIRFLOW_CTX_TASK_ID=respond
AIRFLOW_CTX_EXECUTION_DATE=2022-07-19T11:58:00+00:00
AIRFLOW_CTX_TRY_NUMBER=1
AIRFLOW_CTX_DAG_RUN_ID=scheduled__2022-07-19T11:58:00+00:00
[2022-07-19 11:59:24,131] {logging_mixin.py:115} INFO - (2724, 1)
[2022-07-19 11:59:24,170] {python.py:173} INFO - Done. Returned value was: Greet Responded Again
[2022-07-19 11:59:24,361] {taskinstance.py:1400} INFO - Marking task as SUCCESS. dag_id=simple_dag, task_id=respond, execution_date=20220719T115800, start_date=20220719T115911, end_date=20220719T115924
[2022-07-19 11:59:24,464] {local_task_job.py:156} INFO - Task exited with return code 0
[2022-07-19 11:59:24,556] {local_task_job.py:273} INFO - 0 downstream tasks scheduled from follow-on schedule check
