[2022-07-19 08:46:08,235] {taskinstance.py:1159} INFO - Dependencies all met for <TaskInstance: simple_dag.respond scheduled__2022-07-19T08:45:00+00:00 [queued]>
[2022-07-19 08:46:08,245] {taskinstance.py:1159} INFO - Dependencies all met for <TaskInstance: simple_dag.respond scheduled__2022-07-19T08:45:00+00:00 [queued]>
[2022-07-19 08:46:08,245] {taskinstance.py:1356} INFO - 
--------------------------------------------------------------------------------
[2022-07-19 08:46:08,246] {taskinstance.py:1357} INFO - Starting attempt 1 of 1
[2022-07-19 08:46:08,246] {taskinstance.py:1358} INFO - 
--------------------------------------------------------------------------------
[2022-07-19 08:46:08,264] {taskinstance.py:1377} INFO - Executing <Task(PythonOperator): respond> on 2022-07-19 08:45:00+00:00
[2022-07-19 08:46:08,272] {standard_task_runner.py:52} INFO - Started process 2180 to run task
[2022-07-19 08:46:08,277] {standard_task_runner.py:79} INFO - Running: ['***', 'tasks', 'run', 'simple_dag', 'respond', 'scheduled__2022-07-19T08:45:00+00:00', '--job-id', '85', '--raw', '--subdir', 'DAGS_FOLDER/first_dag.py', '--cfg-path', '/tmp/tmp69x36d9f', '--error-file', '/tmp/tmpuvt6e92q']
[2022-07-19 08:46:08,278] {standard_task_runner.py:80} INFO - Job 85: Subtask respond
[2022-07-19 08:46:08,356] {task_command.py:370} INFO - Running <TaskInstance: simple_dag.respond scheduled__2022-07-19T08:45:00+00:00 [running]> on host 02ffb48252da
[2022-07-19 08:46:08,429] {taskinstance.py:1571} INFO - Exporting the following env vars:
AIRFLOW_CTX_DAG_OWNER=***
AIRFLOW_CTX_DAG_ID=simple_dag
AIRFLOW_CTX_TASK_ID=respond
AIRFLOW_CTX_EXECUTION_DATE=2022-07-19T08:45:00+00:00
AIRFLOW_CTX_TRY_NUMBER=1
AIRFLOW_CTX_DAG_RUN_ID=scheduled__2022-07-19T08:45:00+00:00
[2022-07-19 08:46:08,430] {python.py:173} INFO - Done. Returned value was: Greet Responded Again
[2022-07-19 08:46:08,460] {taskinstance.py:1400} INFO - Marking task as SUCCESS. dag_id=simple_dag, task_id=respond, execution_date=20220719T084500, start_date=20220719T084608, end_date=20220719T084608
[2022-07-19 08:46:08,492] {local_task_job.py:156} INFO - Task exited with return code 0
[2022-07-19 08:46:08,525] {local_task_job.py:273} INFO - 0 downstream tasks scheduled from follow-on schedule check
