[2022-07-19 11:28:02,538] {taskinstance.py:1159} INFO - Dependencies all met for <TaskInstance: simple_dag.say_hi scheduled__2022-07-19T11:27:00+00:00 [queued]>
[2022-07-19 11:28:02,550] {taskinstance.py:1159} INFO - Dependencies all met for <TaskInstance: simple_dag.say_hi scheduled__2022-07-19T11:27:00+00:00 [queued]>
[2022-07-19 11:28:02,551] {taskinstance.py:1356} INFO - 
--------------------------------------------------------------------------------
[2022-07-19 11:28:02,552] {taskinstance.py:1357} INFO - Starting attempt 1 of 1
[2022-07-19 11:28:02,553] {taskinstance.py:1358} INFO - 
--------------------------------------------------------------------------------
[2022-07-19 11:28:02,574] {taskinstance.py:1377} INFO - Executing <Task(BashOperator): say_hi> on 2022-07-19 11:27:00+00:00
[2022-07-19 11:28:02,579] {standard_task_runner.py:52} INFO - Started process 11234 to run task
[2022-07-19 11:28:02,583] {standard_task_runner.py:79} INFO - Running: ['***', 'tasks', 'run', 'simple_dag', 'say_hi', 'scheduled__2022-07-19T11:27:00+00:00', '--job-id', '581', '--raw', '--subdir', 'DAGS_FOLDER/first_dag.py', '--cfg-path', '/tmp/tmp8307mi8c', '--error-file', '/tmp/tmp7k8qp6pp']
[2022-07-19 11:28:02,585] {standard_task_runner.py:80} INFO - Job 581: Subtask say_hi
[2022-07-19 11:28:02,668] {task_command.py:370} INFO - Running <TaskInstance: simple_dag.say_hi scheduled__2022-07-19T11:27:00+00:00 [running]> on host 02ffb48252da
[2022-07-19 11:28:02,780] {taskinstance.py:1571} INFO - Exporting the following env vars:
AIRFLOW_CTX_DAG_OWNER=***
AIRFLOW_CTX_DAG_ID=simple_dag
AIRFLOW_CTX_TASK_ID=say_hi
AIRFLOW_CTX_EXECUTION_DATE=2022-07-19T11:27:00+00:00
AIRFLOW_CTX_TRY_NUMBER=1
AIRFLOW_CTX_DAG_RUN_ID=scheduled__2022-07-19T11:27:00+00:00
[2022-07-19 11:28:02,781] {subprocess.py:62} INFO - Tmp dir root location: 
 /tmp
[2022-07-19 11:28:02,783] {subprocess.py:74} INFO - Running command: ['bash', '-c', 'echo "Hi!!"']
[2022-07-19 11:28:02,795] {subprocess.py:85} INFO - Output:
[2022-07-19 11:28:02,797] {subprocess.py:92} INFO - Hi!!
[2022-07-19 11:28:02,798] {subprocess.py:96} INFO - Command exited with return code 0
[2022-07-19 11:28:02,841] {taskinstance.py:1400} INFO - Marking task as SUCCESS. dag_id=simple_dag, task_id=say_hi, execution_date=20220719T112700, start_date=20220719T112802, end_date=20220719T112802
[2022-07-19 11:28:02,876] {local_task_job.py:156} INFO - Task exited with return code 0
[2022-07-19 11:28:02,949] {local_task_job.py:273} INFO - 1 downstream tasks scheduled from follow-on schedule check
