[2022-07-19 21:13:02,503] {taskinstance.py:1159} INFO - Dependencies all met for <TaskInstance: simple_dag.read_data scheduled__2022-07-19T21:12:00+00:00 [queued]>
[2022-07-19 21:13:02,533] {taskinstance.py:1159} INFO - Dependencies all met for <TaskInstance: simple_dag.read_data scheduled__2022-07-19T21:12:00+00:00 [queued]>
[2022-07-19 21:13:02,535] {taskinstance.py:1356} INFO - 
--------------------------------------------------------------------------------
[2022-07-19 21:13:02,536] {taskinstance.py:1357} INFO - Starting attempt 1 of 1
[2022-07-19 21:13:02,620] {taskinstance.py:1358} INFO - 
--------------------------------------------------------------------------------
[2022-07-19 21:13:02,702] {taskinstance.py:1377} INFO - Executing <Task(PythonOperator): read_data> on 2022-07-19 21:12:00+00:00
[2022-07-19 21:13:02,722] {standard_task_runner.py:52} INFO - Started process 5625 to run task
[2022-07-19 21:13:02,736] {standard_task_runner.py:79} INFO - Running: ['***', 'tasks', 'run', 'simple_dag', 'read_data', 'scheduled__2022-07-19T21:12:00+00:00', '--job-id', '849', '--raw', '--subdir', 'DAGS_FOLDER/first_dag.py', '--cfg-path', '/tmp/tmpw49qdqdc', '--error-file', '/tmp/tmps1l45faz']
[2022-07-19 21:13:02,740] {standard_task_runner.py:80} INFO - Job 849: Subtask read_data
[2022-07-19 21:13:03,019] {task_command.py:370} INFO - Running <TaskInstance: simple_dag.read_data scheduled__2022-07-19T21:12:00+00:00 [running]> on host bc1c26dbd036
[2022-07-19 21:13:03,460] {taskinstance.py:1571} INFO - Exporting the following env vars:
AIRFLOW_CTX_DAG_OWNER=***
AIRFLOW_CTX_DAG_ID=simple_dag
AIRFLOW_CTX_TASK_ID=read_data
AIRFLOW_CTX_EXECUTION_DATE=2022-07-19T21:12:00+00:00
AIRFLOW_CTX_TRY_NUMBER=1
AIRFLOW_CTX_DAG_RUN_ID=scheduled__2022-07-19T21:12:00+00:00
[2022-07-19 21:13:06,489] {python.py:173} INFO - Done. Returned value was: (922, 1)
[2022-07-19 21:13:06,640] {taskinstance.py:1400} INFO - Marking task as SUCCESS. dag_id=simple_dag, task_id=read_data, execution_date=20220719T211200, start_date=20220719T211302, end_date=20220719T211306
[2022-07-19 21:13:06,700] {local_task_job.py:156} INFO - Task exited with return code 0
[2022-07-19 21:13:06,801] {local_task_job.py:273} INFO - 1 downstream tasks scheduled from follow-on schedule check
