[2022-07-19 09:33:50,154] {taskinstance.py:1159} INFO - Dependencies all met for <TaskInstance: simple_dag.say_hi manual__2022-07-19T09:33:48.908500+00:00 [queued]>
[2022-07-19 09:33:50,166] {taskinstance.py:1159} INFO - Dependencies all met for <TaskInstance: simple_dag.say_hi manual__2022-07-19T09:33:48.908500+00:00 [queued]>
[2022-07-19 09:33:50,166] {taskinstance.py:1356} INFO - 
--------------------------------------------------------------------------------
[2022-07-19 09:33:50,167] {taskinstance.py:1357} INFO - Starting attempt 1 of 1
[2022-07-19 09:33:50,167] {taskinstance.py:1358} INFO - 
--------------------------------------------------------------------------------
[2022-07-19 09:33:50,187] {taskinstance.py:1377} INFO - Executing <Task(BashOperator): say_hi> on 2022-07-19 09:33:48.908500+00:00
[2022-07-19 09:33:50,192] {standard_task_runner.py:52} INFO - Started process 4870 to run task
[2022-07-19 09:33:50,197] {standard_task_runner.py:79} INFO - Running: ['***', 'tasks', 'run', 'simple_dag', 'say_hi', 'manual__2022-07-19T09:33:48.908500+00:00', '--job-id', '236', '--raw', '--subdir', 'DAGS_FOLDER/first_dag.py', '--cfg-path', '/tmp/tmp6fj2jzfi', '--error-file', '/tmp/tmpcsmhqqf5']
[2022-07-19 09:33:50,199] {standard_task_runner.py:80} INFO - Job 236: Subtask say_hi
[2022-07-19 09:33:50,276] {task_command.py:370} INFO - Running <TaskInstance: simple_dag.say_hi manual__2022-07-19T09:33:48.908500+00:00 [running]> on host 02ffb48252da
[2022-07-19 09:33:50,399] {taskinstance.py:1571} INFO - Exporting the following env vars:
AIRFLOW_CTX_DAG_OWNER=***
AIRFLOW_CTX_DAG_ID=simple_dag
AIRFLOW_CTX_TASK_ID=say_hi
AIRFLOW_CTX_EXECUTION_DATE=2022-07-19T09:33:48.908500+00:00
AIRFLOW_CTX_TRY_NUMBER=1
AIRFLOW_CTX_DAG_RUN_ID=manual__2022-07-19T09:33:48.908500+00:00
[2022-07-19 09:33:50,402] {subprocess.py:62} INFO - Tmp dir root location: 
 /tmp
[2022-07-19 09:33:50,403] {subprocess.py:74} INFO - Running command: ['bash', '-c', 'echo "Hi!!"']
[2022-07-19 09:33:50,418] {subprocess.py:85} INFO - Output:
[2022-07-19 09:33:50,420] {subprocess.py:92} INFO - Hi!!
[2022-07-19 09:33:50,421] {subprocess.py:96} INFO - Command exited with return code 0
[2022-07-19 09:33:50,473] {taskinstance.py:1400} INFO - Marking task as SUCCESS. dag_id=simple_dag, task_id=say_hi, execution_date=20220719T093348, start_date=20220719T093350, end_date=20220719T093350
[2022-07-19 09:33:50,530] {local_task_job.py:156} INFO - Task exited with return code 0
[2022-07-19 09:33:50,593] {local_task_job.py:273} INFO - 1 downstream tasks scheduled from follow-on schedule check
