[2022-07-19 08:47:09,972] {taskinstance.py:1159} INFO - Dependencies all met for <TaskInstance: simple_dag.respond scheduled__2022-07-19T08:46:00+00:00 [queued]>
[2022-07-19 08:47:09,987] {taskinstance.py:1159} INFO - Dependencies all met for <TaskInstance: simple_dag.respond scheduled__2022-07-19T08:46:00+00:00 [queued]>
[2022-07-19 08:47:09,988] {taskinstance.py:1356} INFO - 
--------------------------------------------------------------------------------
[2022-07-19 08:47:09,988] {taskinstance.py:1357} INFO - Starting attempt 1 of 1
[2022-07-19 08:47:09,989] {taskinstance.py:1358} INFO - 
--------------------------------------------------------------------------------
[2022-07-19 08:47:10,017] {taskinstance.py:1377} INFO - Executing <Task(PythonOperator): respond> on 2022-07-19 08:46:00+00:00
[2022-07-19 08:47:10,021] {standard_task_runner.py:52} INFO - Started process 2235 to run task
[2022-07-19 08:47:10,025] {standard_task_runner.py:79} INFO - Running: ['***', 'tasks', 'run', 'simple_dag', 'respond', 'scheduled__2022-07-19T08:46:00+00:00', '--job-id', '88', '--raw', '--subdir', 'DAGS_FOLDER/first_dag.py', '--cfg-path', '/tmp/tmpf_7ntl7u', '--error-file', '/tmp/tmp70b66vm8']
[2022-07-19 08:47:10,025] {standard_task_runner.py:80} INFO - Job 88: Subtask respond
[2022-07-19 08:47:10,115] {task_command.py:370} INFO - Running <TaskInstance: simple_dag.respond scheduled__2022-07-19T08:46:00+00:00 [running]> on host 02ffb48252da
[2022-07-19 08:47:10,225] {taskinstance.py:1571} INFO - Exporting the following env vars:
AIRFLOW_CTX_DAG_OWNER=***
AIRFLOW_CTX_DAG_ID=simple_dag
AIRFLOW_CTX_TASK_ID=respond
AIRFLOW_CTX_EXECUTION_DATE=2022-07-19T08:46:00+00:00
AIRFLOW_CTX_TRY_NUMBER=1
AIRFLOW_CTX_DAG_RUN_ID=scheduled__2022-07-19T08:46:00+00:00
[2022-07-19 08:47:10,227] {python.py:173} INFO - Done. Returned value was: Greet Responded Again
[2022-07-19 08:47:10,273] {taskinstance.py:1400} INFO - Marking task as SUCCESS. dag_id=simple_dag, task_id=respond, execution_date=20220719T084600, start_date=20220719T084709, end_date=20220719T084710
[2022-07-19 08:47:10,319] {local_task_job.py:156} INFO - Task exited with return code 0
[2022-07-19 08:47:10,374] {local_task_job.py:273} INFO - 0 downstream tasks scheduled from follow-on schedule check
